[0.086s] Invoking command in '/home/rasp/ros2_ws/build/sllidar_ros2': CMAKE_PREFIX_PATH=${CMAKE_PREFIX_PATH}:/home/rasp/ros2_ws/install/robot_description:/home/rasp/ros2_ws/install/gpio_nav_control:/opt/ros/jazzy /usr/bin/cmake --build /home/rasp/ros2_ws/build/sllidar_ros2 -- -j4 -l4
[1.051s] [ 90%] Built target sllidar_node
[1.405s] [100%] Built target sllidar_client
[1.580s] Invoked command in '/home/rasp/ros2_ws/build/sllidar_ros2' returned '0': CMAKE_PREFIX_PATH=${CMAKE_PREFIX_PATH}:/home/rasp/ros2_ws/install/robot_description:/home/rasp/ros2_ws/install/gpio_nav_control:/opt/ros/jazzy /usr/bin/cmake --build /home/rasp/ros2_ws/build/sllidar_ros2 -- -j4 -l4
[1.582s] Invoking command in '/home/rasp/ros2_ws/build/sllidar_ros2': CMAKE_PREFIX_PATH=${CMAKE_PREFIX_PATH}:/home/rasp/ros2_ws/install/robot_description:/home/rasp/ros2_ws/install/gpio_nav_control:/opt/ros/jazzy /usr/bin/cmake --install /home/rasp/ros2_ws/build/sllidar_ros2
[1.719s] -- Install configuration: ""
[1.720s] -- Up-to-date: /home/rasp/ros2_ws/install/sllidar_ros2/share/sllidar_ros2/launch
[1.726s] -- Up-to-date: /home/rasp/ros2_ws/install/sllidar_ros2/share/sllidar_ros2/launch/sllidar_a2m12_launch .py
[1.732s] -- Up-to-date: /home/rasp/ros2_ws/install/sllidar_ros2/share/sllidar_ros2/launch/sllidar_s2e_launch.py
[1.733s] -- Up-to-date: /home/rasp/ros2_ws/install/sllidar_ros2/share/sllidar_ros2/launch/sllidar_t1_launch.py
[1.734s] -- Up-to-date: /home/rasp/ros2_ws/install/sllidar_ros2/share/sllidar_ros2/launch/view_sllidar_a1_launch.py
[1.734s] -- Up-to-date: /home/rasp/ros2_ws/install/sllidar_ros2/share/sllidar_ros2/launch/view_sllidar_s1_tcp_launch.py
[1.735s] -- Up-to-date: /home/rasp/ros2_ws/install/sllidar_ros2/share/sllidar_ros2/launch/view_sllidar_s2e_launch.py
[1.735s] -- Up-to-date: /home/rasp/ros2_ws/install/sllidar_ros2/share/sllidar_ros2/launch/view_sllidar_a2m12_launch.py
[1.739s] -- Up-to-date: /home/rasp/ros2_ws/install/sllidar_ros2/share/sllidar_ros2/launch/sllidar_a1_launch.py
[1.740s] -- Up-to-date: /home/rasp/ros2_ws/install/sllidar_ros2/share/sllidar_ros2/launch/sllidar_s3_launch.py
[1.740s] -- Up-to-date: /home/rasp/ros2_ws/install/sllidar_ros2/share/sllidar_ros2/launch/sllidar_a2m7_launch.py
[1.741s] -- Up-to-date: /home/rasp/ros2_ws/install/sllidar_ros2/share/sllidar_ros2/launch/view_sllidar_a2m7_launch.py
[1.744s] -- Up-to-date: /home/rasp/ros2_ws/install/sllidar_ros2/share/sllidar_ros2/launch/view_sllidar_a2m8_launch.py
[1.744s] -- Up-to-date: /home/rasp/ros2_ws/install/sllidar_ros2/share/sllidar_ros2/launch/view_sllidar_s3_launch.py
[1.745s] -- Up-to-date: /home/rasp/ros2_ws/install/sllidar_ros2/share/sllidar_ros2/launch/sllidar_a3_launch.py
[1.746s] -- Up-to-date: /home/rasp/ros2_ws/install/sllidar_ros2/share/sllidar_ros2/launch/view_sllidar_t1_launch.py
[1.747s] -- Up-to-date: /home/rasp/ros2_ws/install/sllidar_ros2/share/sllidar_ros2/launch/view_sllidar_s1_launch.py
[1.747s] -- Up-to-date: /home/rasp/ros2_ws/install/sllidar_ros2/share/sllidar_ros2/launch/view_sllidar_s2_launch.py
[1.747s] -- Up-to-date: /home/rasp/ros2_ws/install/sllidar_ros2/share/sllidar_ros2/launch/view_sllidar_a3_launch.py
[1.751s] -- Up-to-date: /home/rasp/ros2_ws/install/sllidar_ros2/share/sllidar_ros2/launch/sllidar_s1_launch.py
[1.751s] -- Up-to-date: /home/rasp/ros2_ws/install/sllidar_ros2/share/sllidar_ros2/launch/sllidar_c1_launch.py
[1.752s] -- Up-to-date: /home/rasp/ros2_ws/install/sllidar_ros2/share/sllidar_ros2/launch/sllidar_s1_tcp_launch.py
[1.757s] -- Up-to-date: /home/rasp/ros2_ws/install/sllidar_ros2/share/sllidar_ros2/launch/view_sllidar_c1_launch.py
[1.758s] -- Up-to-date: /home/rasp/ros2_ws/install/sllidar_ros2/share/sllidar_ros2/launch/sllidar_a2m8_launch.py
[1.758s] -- Up-to-date: /home/rasp/ros2_ws/install/sllidar_ros2/share/sllidar_ros2/launch/sllidar_s2_launch.py
[1.763s] -- Up-to-date: /home/rasp/ros2_ws/install/sllidar_ros2/share/sllidar_ros2/rviz
[1.764s] -- Up-to-date: /home/rasp/ros2_ws/install/sllidar_ros2/share/sllidar_ros2/rviz/sllidar_ros2.rviz
[1.764s] -- Up-to-date: /home/rasp/ros2_ws/install/sllidar_ros2/lib/sllidar_ros2/sllidar_node
[1.768s] -- Up-to-date: /home/rasp/ros2_ws/install/sllidar_ros2/lib/sllidar_ros2/sllidar_client
[1.768s] -- Up-to-date: /home/rasp/ros2_ws/install/sllidar_ros2/share/ament_index/resource_index/package_run_dependencies/sllidar_ros2
[1.769s] -- Up-to-date: /home/rasp/ros2_ws/install/sllidar_ros2/share/ament_index/resource_index/parent_prefix_path/sllidar_ros2
[1.769s] -- Up-to-date: /home/rasp/ros2_ws/install/sllidar_ros2/share/sllidar_ros2/environment/ament_prefix_path.sh
[1.770s] -- Up-to-date: /home/rasp/ros2_ws/install/sllidar_ros2/share/sllidar_ros2/environment/ament_prefix_path.dsv
[1.775s] -- Up-to-date: /home/rasp/ros2_ws/install/sllidar_ros2/share/sllidar_ros2/environment/path.sh
[1.776s] -- Up-to-date: /home/rasp/ros2_ws/install/sllidar_ros2/share/sllidar_ros2/environment/path.dsv
[1.776s] -- Up-to-date: /home/rasp/ros2_ws/install/sllidar_ros2/share/sllidar_ros2/local_setup.bash
[1.781s] -- Up-to-date: /home/rasp/ros2_ws/install/sllidar_ros2/share/sllidar_ros2/local_setup.sh
[1.781s] -- Up-to-date: /home/rasp/ros2_ws/install/sllidar_ros2/share/sllidar_ros2/local_setup.zsh
[1.782s] -- Up-to-date: /home/rasp/ros2_ws/install/sllidar_ros2/share/sllidar_ros2/local_setup.dsv
[1.783s] -- Installing: /home/rasp/ros2_ws/install/sllidar_ros2/share/sllidar_ros2/package.dsv
[1.787s] -- Up-to-date: /home/rasp/ros2_ws/install/sllidar_ros2/share/ament_index/resource_index/packages/sllidar_ros2
[1.787s] -- Up-to-date: /home/rasp/ros2_ws/install/sllidar_ros2/share/sllidar_ros2/cmake/ament_cmake_export_dependencies-extras.cmake
[1.788s] -- Up-to-date: /home/rasp/ros2_ws/install/sllidar_ros2/share/sllidar_ros2/cmake/ament_cmake_export_include_directories-extras.cmake
[1.789s] -- Up-to-date: /home/rasp/ros2_ws/install/sllidar_ros2/share/sllidar_ros2/cmake/sllidar_ros2Config.cmake
[1.793s] -- Up-to-date: /home/rasp/ros2_ws/install/sllidar_ros2/share/sllidar_ros2/cmake/sllidar_ros2Config-version.cmake
[1.806s] -- Up-to-date: /home/rasp/ros2_ws/install/sllidar_ros2/share/sllidar_ros2/package.xml
[1.807s] Invoked command in '/home/rasp/ros2_ws/build/sllidar_ros2' returned '0': CMAKE_PREFIX_PATH=${CMAKE_PREFIX_PATH}:/home/rasp/ros2_ws/install/robot_description:/home/rasp/ros2_ws/install/gpio_nav_control:/opt/ros/jazzy /usr/bin/cmake --install /home/rasp/ros2_ws/build/sllidar_ros2
