[5.387s] Invoking command in '/home/rasp/ros2_ws/src/my_robot_bringup': PYTHONPATH=/home/rasp/ros2_ws/build/my_robot_bringup/prefix_override:/usr/lib/python3/dist-packages/colcon_core/task/python/colcon_distutils_commands:/home/rasp/ros2_ws/install/my_robot_bringup/lib/python3.12/site-packages:${PYTHONPATH} /usr/bin/python3 -W ignore:setup.py install is deprecated -W ignore:easy_install command is deprecated setup.py egg_info --egg-base ../../build/my_robot_bringup build --build-base /home/rasp/ros2_ws/build/my_robot_bringup/build install --record /home/rasp/ros2_ws/build/my_robot_bringup/install.log --single-version-externally-managed install_data
[6.856s] running egg_info
[6.857s] creating ../../build/my_robot_bringup/my_robot_bringup.egg-info
[6.983s] writing ../../build/my_robot_bringup/my_robot_bringup.egg-info/PKG-INFO
[6.984s] writing dependency_links to ../../build/my_robot_bringup/my_robot_bringup.egg-info/dependency_links.txt
[6.985s] writing requirements to ../../build/my_robot_bringup/my_robot_bringup.egg-info/requires.txt
[6.986s] writing top-level names to ../../build/my_robot_bringup/my_robot_bringup.egg-info/top_level.txt
[6.986s] writing manifest file '../../build/my_robot_bringup/my_robot_bringup.egg-info/SOURCES.txt'
[7.259s] reading manifest file '../../build/my_robot_bringup/my_robot_bringup.egg-info/SOURCES.txt'
[7.262s] writing manifest file '../../build/my_robot_bringup/my_robot_bringup.egg-info/SOURCES.txt'
[7.263s] running build
[7.263s] running build_py
[7.264s] creating /home/rasp/ros2_ws/build/my_robot_bringup/build
[7.265s] creating /home/rasp/ros2_ws/build/my_robot_bringup/build/lib
[7.265s] creating /home/rasp/ros2_ws/build/my_robot_bringup/build/lib/my_robot_bringup
[7.266s] copying my_robot_bringup/__init__.py -> /home/rasp/ros2_ws/build/my_robot_bringup/build/lib/my_robot_bringup
[7.267s] running install
[7.295s] running install_lib
[7.439s] creating /home/rasp/ros2_ws/install/my_robot_bringup/lib/python3.12/site-packages/my_robot_bringup
[7.439s] copying /home/rasp/ros2_ws/build/my_robot_bringup/build/lib/my_robot_bringup/__init__.py -> /home/rasp/ros2_ws/install/my_robot_bringup/lib/python3.12/site-packages/my_robot_bringup
[7.442s] byte-compiling /home/rasp/ros2_ws/install/my_robot_bringup/lib/python3.12/site-packages/my_robot_bringup/__init__.py to __init__.cpython-312.pyc
[7.443s] running install_data
[7.444s] creating /home/rasp/ros2_ws/install/my_robot_bringup/share/ament_index
[7.445s] creating /home/rasp/ros2_ws/install/my_robot_bringup/share/ament_index/resource_index
[7.445s] creating /home/rasp/ros2_ws/install/my_robot_bringup/share/ament_index/resource_index/packages
[7.446s] copying resource/my_robot_bringup -> /home/rasp/ros2_ws/install/my_robot_bringup/share/ament_index/resource_index/packages
[7.447s] copying package.xml -> /home/rasp/ros2_ws/install/my_robot_bringup/share/my_robot_bringup
[7.447s] running install_egg_info
[7.575s] Copying ../../build/my_robot_bringup/my_robot_bringup.egg-info to /home/rasp/ros2_ws/install/my_robot_bringup/lib/python3.12/site-packages/my_robot_bringup-0.0.0-py3.12.egg-info
[7.580s] running install_scripts
[8.420s] writing list of installed files to '/home/rasp/ros2_ws/build/my_robot_bringup/install.log'
[8.598s] Invoked command in '/home/rasp/ros2_ws/src/my_robot_bringup' returned '0': PYTHONPATH=/home/rasp/ros2_ws/build/my_robot_bringup/prefix_override:/usr/lib/python3/dist-packages/colcon_core/task/python/colcon_distutils_commands:/home/rasp/ros2_ws/install/my_robot_bringup/lib/python3.12/site-packages:${PYTHONPATH} /usr/bin/python3 -W ignore:setup.py install is deprecated -W ignore:easy_install command is deprecated setup.py egg_info --egg-base ../../build/my_robot_bringup build --build-base /home/rasp/ros2_ws/build/my_robot_bringup/build install --record /home/rasp/ros2_ws/build/my_robot_bringup/install.log --single-version-externally-managed install_data
