[4.771s] Invoking command in '/home/rasp/ros2_ws/src/my_robot_bringup': AMENT_PREFIX_PATH=/home/rasp/ros2_ws/install/lidar_chassis_filter:/home/rasp/ros2_ws/install/sllidar_ros2:/home/rasp/ros2_ws/install/robot_nav:/home/rasp/ros2_ws/install/robot_description:/home/rasp/ros2_ws/install/rf2o_laser_odometry:/home/rasp/ros2_ws/install/my_robot_bringup:/home/rasp/ros2_ws/install/micro_ros_agent:/home/rasp/ros2_ws/install/micro_ros_msgs:/home/rasp/ros2_ws/install/laser_filters:/home/rasp/ros2_ws/install/gpio_nav_control:/opt/ros/jazzy CMAKE_PREFIX_PATH=/home/rasp/ros2_ws/install/micro_ros_agent:/home/rasp/ros2_ws/install/rf2o_laser_odometry:/home/rasp/ros2_ws/install/micro_ros_msgs:/home/rasp/ros2_ws/install/sllidar_ros2:/home/rasp/ros2_ws/install/robot_nav:/home/rasp/ros2_ws/install/laser_filters:/opt/ros/jazzy/opt/gz_sim_vendor:/opt/ros/jazzy/opt/gz_sensors_vendor:/opt/ros/jazzy/opt/gz_physics_vendor:/opt/ros/jazzy/opt/sdformat_vendor:/opt/ros/jazzy/opt/gz_gui_vendor:/opt/ros/jazzy/opt/gz_transport_vendor:/opt/ros/jazzy/opt/gz_rendering_vendor:/opt/ros/jazzy/opt/gz_plugin_vendor:/opt/ros/jazzy/opt/gz_fuel_tools_vendor:/opt/ros/jazzy/opt/gz_msgs_vendor:/opt/ros/jazzy/opt/gz_common_vendor:/opt/ros/jazzy/opt/gz_math_vendor:/opt/ros/jazzy/opt/gz_utils_vendor:/opt/ros/jazzy/opt/gz_tools_vendor:/opt/ros/jazzy/opt/gz_ogre_next_vendor:/opt/ros/jazzy/opt/gz_dartsim_vendor:/opt/ros/jazzy/opt/gz_cmake_vendor PYTHONPATH=/home/rasp/ros2_ws/build/my_robot_bringup/prefix_override:/usr/lib/python3/dist-packages/colcon_core/task/python/colcon_distutils_commands:/home/rasp/ros2_ws/install/my_robot_bringup/lib/python3.12/site-packages:/home/rasp/ros2_ws/install/micro_ros_msgs/lib/python3.12/site-packages:/home/rasp/ros2_ws/install/lidar_chassis_filter/lib/python3.12/site-packages:/home/rasp/ros2_ws/install/robot_description/lib/python3.12/site-packages:/home/rasp/ros2_ws/install/my_robot_bringup/lib/python3.12/site-packages:/home/rasp/ros2_ws/install/gpio_nav_control/lib/python3.12/site-packages:/opt/ros/jazzy/lib/python3.12/site-packages /usr/bin/python3 -W ignore:setup.py install is deprecated -W ignore:easy_install command is deprecated setup.py egg_info --egg-base ../../build/my_robot_bringup build --build-base /home/rasp/ros2_ws/build/my_robot_bringup/build install --record /home/rasp/ros2_ws/build/my_robot_bringup/install.log --single-version-externally-managed install_data
[6.288s] running egg_info
[6.417s] writing ../../build/my_robot_bringup/my_robot_bringup.egg-info/PKG-INFO
[6.419s] writing dependency_links to ../../build/my_robot_bringup/my_robot_bringup.egg-info/dependency_links.txt
[6.420s] writing requirements to ../../build/my_robot_bringup/my_robot_bringup.egg-info/requires.txt
[6.421s] writing top-level names to ../../build/my_robot_bringup/my_robot_bringup.egg-info/top_level.txt
[6.687s] reading manifest file '../../build/my_robot_bringup/my_robot_bringup.egg-info/SOURCES.txt'
[6.690s] writing manifest file '../../build/my_robot_bringup/my_robot_bringup.egg-info/SOURCES.txt'
[6.691s] running build
[6.692s] running build_py
[6.693s] running install
[6.720s] running install_lib
[6.862s] running install_data
[6.863s] copying package.xml -> /home/rasp/ros2_ws/install/my_robot_bringup/share/my_robot_bringup
[6.864s] creating /home/rasp/ros2_ws/install/my_robot_bringup/share/my_robot_bringup/config
[6.865s] copying config/nav2_params.yaml -> /home/rasp/ros2_ws/install/my_robot_bringup/share/my_robot_bringup/config
[6.866s] running install_egg_info
[7.009s] removing '/home/rasp/ros2_ws/install/my_robot_bringup/lib/python3.12/site-packages/my_robot_bringup-0.1.0-py3.12.egg-info' (and everything under it)
[7.011s] Copying ../../build/my_robot_bringup/my_robot_bringup.egg-info to /home/rasp/ros2_ws/install/my_robot_bringup/lib/python3.12/site-packages/my_robot_bringup-0.1.0-py3.12.egg-info
[7.015s] running install_scripts
[7.821s] writing list of installed files to '/home/rasp/ros2_ws/build/my_robot_bringup/install.log'
[8.001s] Invoked command in '/home/rasp/ros2_ws/src/my_robot_bringup' returned '0': AMENT_PREFIX_PATH=/home/rasp/ros2_ws/install/lidar_chassis_filter:/home/rasp/ros2_ws/install/sllidar_ros2:/home/rasp/ros2_ws/install/robot_nav:/home/rasp/ros2_ws/install/robot_description:/home/rasp/ros2_ws/install/rf2o_laser_odometry:/home/rasp/ros2_ws/install/my_robot_bringup:/home/rasp/ros2_ws/install/micro_ros_agent:/home/rasp/ros2_ws/install/micro_ros_msgs:/home/rasp/ros2_ws/install/laser_filters:/home/rasp/ros2_ws/install/gpio_nav_control:/opt/ros/jazzy CMAKE_PREFIX_PATH=/home/rasp/ros2_ws/install/micro_ros_agent:/home/rasp/ros2_ws/install/rf2o_laser_odometry:/home/rasp/ros2_ws/install/micro_ros_msgs:/home/rasp/ros2_ws/install/sllidar_ros2:/home/rasp/ros2_ws/install/robot_nav:/home/rasp/ros2_ws/install/laser_filters:/opt/ros/jazzy/opt/gz_sim_vendor:/opt/ros/jazzy/opt/gz_sensors_vendor:/opt/ros/jazzy/opt/gz_physics_vendor:/opt/ros/jazzy/opt/sdformat_vendor:/opt/ros/jazzy/opt/gz_gui_vendor:/opt/ros/jazzy/opt/gz_transport_vendor:/opt/ros/jazzy/opt/gz_rendering_vendor:/opt/ros/jazzy/opt/gz_plugin_vendor:/opt/ros/jazzy/opt/gz_fuel_tools_vendor:/opt/ros/jazzy/opt/gz_msgs_vendor:/opt/ros/jazzy/opt/gz_common_vendor:/opt/ros/jazzy/opt/gz_math_vendor:/opt/ros/jazzy/opt/gz_utils_vendor:/opt/ros/jazzy/opt/gz_tools_vendor:/opt/ros/jazzy/opt/gz_ogre_next_vendor:/opt/ros/jazzy/opt/gz_dartsim_vendor:/opt/ros/jazzy/opt/gz_cmake_vendor PYTHONPATH=/home/rasp/ros2_ws/build/my_robot_bringup/prefix_override:/usr/lib/python3/dist-packages/colcon_core/task/python/colcon_distutils_commands:/home/rasp/ros2_ws/install/my_robot_bringup/lib/python3.12/site-packages:/home/rasp/ros2_ws/install/micro_ros_msgs/lib/python3.12/site-packages:/home/rasp/ros2_ws/install/lidar_chassis_filter/lib/python3.12/site-packages:/home/rasp/ros2_ws/install/robot_description/lib/python3.12/site-packages:/home/rasp/ros2_ws/install/my_robot_bringup/lib/python3.12/site-packages:/home/rasp/ros2_ws/install/gpio_nav_control/lib/python3.12/site-packages:/opt/ros/jazzy/lib/python3.12/site-packages /usr/bin/python3 -W ignore:setup.py install is deprecated -W ignore:easy_install command is deprecated setup.py egg_info --egg-base ../../build/my_robot_bringup build --build-base /home/rasp/ros2_ws/build/my_robot_bringup/build install --record /home/rasp/ros2_ws/build/my_robot_bringup/install.log --single-version-externally-managed install_data
