[0.160s] Invoking command in '/home/rasp/ros2_ws/build/micro_ros_msgs': CMAKE_PREFIX_PATH=${CMAKE_PREFIX_PATH}:/home/rasp/ros2_ws/install/robot_description:/home/rasp/ros2_ws/install/gpio_nav_control:/opt/ros/jazzy /usr/bin/cmake --build /home/rasp/ros2_ws/build/micro_ros_msgs -- -j4 -l4
[1.613s] [  1%] Built target micro_ros_msgs__rosidl_generator_type_description
[1.617s] [  1%] Built target ament_cmake_python_copy_micro_ros_msgs
[1.617s] [ 22%] Built target micro_ros_msgs__rosidl_generator_c
[2.917s] running egg_info
[3.101s] writing micro_ros_msgs.egg-info/PKG-INFO
[3.102s] writing dependency_links to micro_ros_msgs.egg-info/dependency_links.txt
[3.103s] writing top-level names to micro_ros_msgs.egg-info/top_level.txt
[3.730s] reading manifest file 'micro_ros_msgs.egg-info/SOURCES.txt'
[3.734s] writing manifest file 'micro_ros_msgs.egg-info/SOURCES.txt'
[3.961s] [ 22%] Built target ament_cmake_python_build_micro_ros_msgs_egg
[4.283s] [ 31%] Built target micro_ros_msgs__rosidl_typesupport_introspection_c
[4.474s] [ 40%] Built target micro_ros_msgs__rosidl_typesupport_c
[4.702s] [ 50%] Built target micro_ros_msgs__rosidl_typesupport_fastrtps_c
[5.023s] [ 51%] Built target micro_ros_msgs__cpp
[5.341s] [ 61%] Built target micro_ros_msgs__rosidl_typesupport_fastrtps_cpp
[5.760s] [ 70%] Built target micro_ros_msgs__rosidl_typesupport_cpp
[6.135s] [ 79%] Built target micro_ros_msgs__rosidl_typesupport_introspection_cpp
[6.418s] [ 79%] Built target micro_ros_msgs
[6.599s] [ 81%] Built target micro_ros_msgs__py
[6.956s] [ 88%] Built target micro_ros_msgs__rosidl_generator_py
[7.201s] [ 92%] Built target micro_ros_msgs_s__rosidl_typesupport_fastrtps_c
[7.436s] [ 96%] Built target micro_ros_msgs_s__rosidl_typesupport_c
[7.800s] [100%] Built target micro_ros_msgs_s__rosidl_typesupport_introspection_c
[8.008s] Invoked command in '/home/rasp/ros2_ws/build/micro_ros_msgs' returned '0': CMAKE_PREFIX_PATH=${CMAKE_PREFIX_PATH}:/home/rasp/ros2_ws/install/robot_description:/home/rasp/ros2_ws/install/gpio_nav_control:/opt/ros/jazzy /usr/bin/cmake --build /home/rasp/ros2_ws/build/micro_ros_msgs -- -j4 -l4
[8.022s] Invoking command in '/home/rasp/ros2_ws/build/micro_ros_msgs': CMAKE_PREFIX_PATH=${CMAKE_PREFIX_PATH}:/home/rasp/ros2_ws/install/robot_description:/home/rasp/ros2_ws/install/gpio_nav_control:/opt/ros/jazzy /usr/bin/cmake --install /home/rasp/ros2_ws/build/micro_ros_msgs
[8.179s] -- Install configuration: ""
[8.185s] -- Up-to-date: /home/rasp/ros2_ws/install/micro_ros_msgs/share/ament_index/resource_index/rosidl_interfaces/micro_ros_msgs
[8.186s] -- Up-to-date: /home/rasp/ros2_ws/install/micro_ros_msgs/share/micro_ros_msgs/msg/Graph.json
[8.187s] -- Up-to-date: /home/rasp/ros2_ws/install/micro_ros_msgs/share/micro_ros_msgs/msg/Node.json
[8.190s] -- Up-to-date: /home/rasp/ros2_ws/install/micro_ros_msgs/share/micro_ros_msgs/msg/Entity.json
[8.191s] -- Up-to-date: /home/rasp/ros2_ws/install/micro_ros_msgs/include/micro_ros_msgs/micro_ros_msgs
[8.191s] -- Up-to-date: /home/rasp/ros2_ws/install/micro_ros_msgs/include/micro_ros_msgs/micro_ros_msgs/msg
[8.192s] -- Up-to-date: /home/rasp/ros2_ws/install/micro_ros_msgs/include/micro_ros_msgs/micro_ros_msgs/msg/rosidl_generator_c__visibility_control.h
[8.198s] -- Up-to-date: /home/rasp/ros2_ws/install/micro_ros_msgs/include/micro_ros_msgs/micro_ros_msgs/msg/graph.h
[8.198s] -- Up-to-date: /home/rasp/ros2_ws/install/micro_ros_msgs/include/micro_ros_msgs/micro_ros_msgs/msg/detail
[8.199s] -- Installing: /home/rasp/ros2_ws/install/micro_ros_msgs/include/micro_ros_msgs/micro_ros_msgs/msg/detail/graph__type_support.c
[8.199s] -- Up-to-date: /home/rasp/ros2_ws/install/micro_ros_msgs/include/micro_ros_msgs/micro_ros_msgs/msg/detail/entity__type_support.h
[8.207s] -- Up-to-date: /home/rasp/ros2_ws/install/micro_ros_msgs/include/micro_ros_msgs/micro_ros_msgs/msg/detail/graph__type_support.h
[8.208s] -- Up-to-date: /home/rasp/ros2_ws/install/micro_ros_msgs/include/micro_ros_msgs/micro_ros_msgs/msg/detail/entity__description.c
[8.208s] -- Up-to-date: /home/rasp/ros2_ws/install/micro_ros_msgs/include/micro_ros_msgs/micro_ros_msgs/msg/detail/graph__functions.c
[8.209s] -- Up-to-date: /home/rasp/ros2_ws/install/micro_ros_msgs/include/micro_ros_msgs/micro_ros_msgs/msg/detail/graph__struct.h
[8.210s] -- Up-to-date: /home/rasp/ros2_ws/install/micro_ros_msgs/include/micro_ros_msgs/micro_ros_msgs/msg/detail/node__struct.h
[8.216s] -- Up-to-date: /home/rasp/ros2_ws/install/micro_ros_msgs/include/micro_ros_msgs/micro_ros_msgs/msg/detail/node__functions.c
[8.218s] -- Up-to-date: /home/rasp/ros2_ws/install/micro_ros_msgs/include/micro_ros_msgs/micro_ros_msgs/msg/detail/graph__functions.h
[8.222s] -- Up-to-date: /home/rasp/ros2_ws/install/micro_ros_msgs/include/micro_ros_msgs/micro_ros_msgs/msg/detail/entity__functions.h
[8.223s] -- Up-to-date: /home/rasp/ros2_ws/install/micro_ros_msgs/include/micro_ros_msgs/micro_ros_msgs/msg/detail/node__type_support.h
[8.224s] -- Up-to-date: /home/rasp/ros2_ws/install/micro_ros_msgs/include/micro_ros_msgs/micro_ros_msgs/msg/detail/entity__struct.h
[8.225s] -- Installing: /home/rasp/ros2_ws/install/micro_ros_msgs/include/micro_ros_msgs/micro_ros_msgs/msg/detail/node__type_support.c
[8.227s] -- Up-to-date: /home/rasp/ros2_ws/install/micro_ros_msgs/include/micro_ros_msgs/micro_ros_msgs/msg/detail/graph__description.c
[8.230s] -- Up-to-date: /home/rasp/ros2_ws/install/micro_ros_msgs/include/micro_ros_msgs/micro_ros_msgs/msg/detail/entity__functions.c
[8.231s] -- Installing: /home/rasp/ros2_ws/install/micro_ros_msgs/include/micro_ros_msgs/micro_ros_msgs/msg/detail/entity__type_support.c
[8.231s] -- Up-to-date: /home/rasp/ros2_ws/install/micro_ros_msgs/include/micro_ros_msgs/micro_ros_msgs/msg/detail/node__description.c
[8.232s] -- Up-to-date: /home/rasp/ros2_ws/install/micro_ros_msgs/include/micro_ros_msgs/micro_ros_msgs/msg/detail/node__functions.h
[8.235s] -- Up-to-date: /home/rasp/ros2_ws/install/micro_ros_msgs/include/micro_ros_msgs/micro_ros_msgs/msg/node.h
[8.236s] -- Up-to-date: /home/rasp/ros2_ws/install/micro_ros_msgs/include/micro_ros_msgs/micro_ros_msgs/msg/entity.h
[8.237s] -- Up-to-date: /home/rasp/ros2_ws/install/micro_ros_msgs/share/micro_ros_msgs/environment/library_path.sh
[8.240s] -- Up-to-date: /home/rasp/ros2_ws/install/micro_ros_msgs/share/micro_ros_msgs/environment/library_path.dsv
[8.241s] -- Up-to-date: /home/rasp/ros2_ws/install/micro_ros_msgs/lib/libmicro_ros_msgs__rosidl_generator_c.so
[8.241s] -- Up-to-date: /home/rasp/ros2_ws/install/micro_ros_msgs/include/micro_ros_msgs/micro_ros_msgs
[8.244s] -- Up-to-date: /home/rasp/ros2_ws/install/micro_ros_msgs/include/micro_ros_msgs/micro_ros_msgs/msg
[8.245s] -- Up-to-date: /home/rasp/ros2_ws/install/micro_ros_msgs/include/micro_ros_msgs/micro_ros_msgs/msg/rosidl_typesupport_fastrtps_c__visibility_control.h
[8.246s] -- Up-to-date: /home/rasp/ros2_ws/install/micro_ros_msgs/include/micro_ros_msgs/micro_ros_msgs/msg/detail
[8.249s] -- Up-to-date: /home/rasp/ros2_ws/install/micro_ros_msgs/include/micro_ros_msgs/micro_ros_msgs/msg/detail/node__rosidl_typesupport_fastrtps_c.h
[8.250s] -- Up-to-date: /home/rasp/ros2_ws/install/micro_ros_msgs/include/micro_ros_msgs/micro_ros_msgs/msg/detail/entity__rosidl_typesupport_fastrtps_c.h
[8.251s] -- Up-to-date: /home/rasp/ros2_ws/install/micro_ros_msgs/include/micro_ros_msgs/micro_ros_msgs/msg/detail/graph__rosidl_typesupport_fastrtps_c.h
[8.252s] -- Up-to-date: /home/rasp/ros2_ws/install/micro_ros_msgs/lib/libmicro_ros_msgs__rosidl_typesupport_fastrtps_c.so
[8.253s] -- Up-to-date: /home/rasp/ros2_ws/install/micro_ros_msgs/include/micro_ros_msgs/micro_ros_msgs
[8.255s] -- Up-to-date: /home/rasp/ros2_ws/install/micro_ros_msgs/include/micro_ros_msgs/micro_ros_msgs/msg
[8.256s] -- Up-to-date: /home/rasp/ros2_ws/install/micro_ros_msgs/include/micro_ros_msgs/micro_ros_msgs/msg/detail
[8.259s] -- Installing: /home/rasp/ros2_ws/install/micro_ros_msgs/include/micro_ros_msgs/micro_ros_msgs/msg/detail/graph__type_support.c
[8.261s] -- Up-to-date: /home/rasp/ros2_ws/install/micro_ros_msgs/include/micro_ros_msgs/micro_ros_msgs/msg/detail/graph__rosidl_typesupport_introspection_c.h
[8.262s] -- Installing: /home/rasp/ros2_ws/install/micro_ros_msgs/include/micro_ros_msgs/micro_ros_msgs/msg/detail/node__type_support.c
[8.263s] -- Up-to-date: /home/rasp/ros2_ws/install/micro_ros_msgs/include/micro_ros_msgs/micro_ros_msgs/msg/detail/entity__rosidl_typesupport_introspection_c.h
[8.266s] -- Up-to-date: /home/rasp/ros2_ws/install/micro_ros_msgs/include/micro_ros_msgs/micro_ros_msgs/msg/detail/node__rosidl_typesupport_introspection_c.h
[8.267s] -- Installing: /home/rasp/ros2_ws/install/micro_ros_msgs/include/micro_ros_msgs/micro_ros_msgs/msg/detail/entity__type_support.c
[8.271s] -- Up-to-date: /home/rasp/ros2_ws/install/micro_ros_msgs/include/micro_ros_msgs/micro_ros_msgs/msg/rosidl_typesupport_introspection_c__visibility_control.h
[8.274s] -- Up-to-date: /home/rasp/ros2_ws/install/micro_ros_msgs/lib/libmicro_ros_msgs__rosidl_typesupport_introspection_c.so
[8.274s] -- Up-to-date: /home/rasp/ros2_ws/install/micro_ros_msgs/lib/libmicro_ros_msgs__rosidl_typesupport_c.so
[8.275s] -- Up-to-date: /home/rasp/ros2_ws/install/micro_ros_msgs/include/micro_ros_msgs/micro_ros_msgs
[8.276s] -- Up-to-date: /home/rasp/ros2_ws/install/micro_ros_msgs/include/micro_ros_msgs/micro_ros_msgs/msg
[8.278s] -- Up-to-date: /home/rasp/ros2_ws/install/micro_ros_msgs/include/micro_ros_msgs/micro_ros_msgs/msg/rosidl_generator_cpp__visibility_control.hpp
[8.280s] -- Up-to-date: /home/rasp/ros2_ws/install/micro_ros_msgs/include/micro_ros_msgs/micro_ros_msgs/msg/entity.hpp
[8.285s] -- Up-to-date: /home/rasp/ros2_ws/install/micro_ros_msgs/include/micro_ros_msgs/micro_ros_msgs/msg/graph.hpp
[8.286s] -- Up-to-date: /home/rasp/ros2_ws/install/micro_ros_msgs/include/micro_ros_msgs/micro_ros_msgs/msg/detail
[8.286s] -- Up-to-date: /home/rasp/ros2_ws/install/micro_ros_msgs/include/micro_ros_msgs/micro_ros_msgs/msg/detail/node__struct.hpp
[8.288s] -- Up-to-date: /home/rasp/ros2_ws/install/micro_ros_msgs/include/micro_ros_msgs/micro_ros_msgs/msg/detail/entity__struct.hpp
[8.291s] -- Up-to-date: /home/rasp/ros2_ws/install/micro_ros_msgs/include/micro_ros_msgs/micro_ros_msgs/msg/detail/entity__traits.hpp
[8.296s] -- Up-to-date: /home/rasp/ros2_ws/install/micro_ros_msgs/include/micro_ros_msgs/micro_ros_msgs/msg/detail/graph__type_support.hpp
[8.297s] -- Up-to-date: /home/rasp/ros2_ws/install/micro_ros_msgs/include/micro_ros_msgs/micro_ros_msgs/msg/detail/entity__type_support.hpp
[8.297s] -- Up-to-date: /home/rasp/ros2_ws/install/micro_ros_msgs/include/micro_ros_msgs/micro_ros_msgs/msg/detail/node__traits.hpp
[8.298s] -- Up-to-date: /home/rasp/ros2_ws/install/micro_ros_msgs/include/micro_ros_msgs/micro_ros_msgs/msg/detail/node__type_support.hpp
[8.298s] -- Up-to-date: /home/rasp/ros2_ws/install/micro_ros_msgs/include/micro_ros_msgs/micro_ros_msgs/msg/detail/entity__builder.hpp
[8.302s] -- Up-to-date: /home/rasp/ros2_ws/install/micro_ros_msgs/include/micro_ros_msgs/micro_ros_msgs/msg/detail/graph__struct.hpp
[8.303s] -- Up-to-date: /home/rasp/ros2_ws/install/micro_ros_msgs/include/micro_ros_msgs/micro_ros_msgs/msg/detail/graph__builder.hpp
[8.303s] -- Up-to-date: /home/rasp/ros2_ws/install/micro_ros_msgs/include/micro_ros_msgs/micro_ros_msgs/msg/detail/graph__traits.hpp
[8.304s] -- Up-to-date: /home/rasp/ros2_ws/install/micro_ros_msgs/include/micro_ros_msgs/micro_ros_msgs/msg/detail/node__builder.hpp
[8.304s] -- Up-to-date: /home/rasp/ros2_ws/install/micro_ros_msgs/include/micro_ros_msgs/micro_ros_msgs/msg/node.hpp
[8.304s] -- Up-to-date: /home/rasp/ros2_ws/install/micro_ros_msgs/include/micro_ros_msgs/micro_ros_msgs
[8.308s] -- Up-to-date: /home/rasp/ros2_ws/install/micro_ros_msgs/include/micro_ros_msgs/micro_ros_msgs/msg
[8.309s] -- Up-to-date: /home/rasp/ros2_ws/install/micro_ros_msgs/include/micro_ros_msgs/micro_ros_msgs/msg/rosidl_typesupport_fastrtps_cpp__visibility_control.h
[8.310s] -- Up-to-date: /home/rasp/ros2_ws/install/micro_ros_msgs/include/micro_ros_msgs/micro_ros_msgs/msg/detail
[8.314s] -- Up-to-date: /home/rasp/ros2_ws/install/micro_ros_msgs/include/micro_ros_msgs/micro_ros_msgs/msg/detail/graph__rosidl_typesupport_fastrtps_cpp.hpp
[8.315s] -- Up-to-date: /home/rasp/ros2_ws/install/micro_ros_msgs/include/micro_ros_msgs/micro_ros_msgs/msg/detail/dds_fastrtps
[8.316s] -- Up-to-date: /home/rasp/ros2_ws/install/micro_ros_msgs/include/micro_ros_msgs/micro_ros_msgs/msg/detail/entity__rosidl_typesupport_fastrtps_cpp.hpp
[8.317s] -- Up-to-date: /home/rasp/ros2_ws/install/micro_ros_msgs/include/micro_ros_msgs/micro_ros_msgs/msg/detail/node__rosidl_typesupport_fastrtps_cpp.hpp
[8.319s] -- Up-to-date: /home/rasp/ros2_ws/install/micro_ros_msgs/lib/libmicro_ros_msgs__rosidl_typesupport_fastrtps_cpp.so
[8.319s] -- Up-to-date: /home/rasp/ros2_ws/install/micro_ros_msgs/include/micro_ros_msgs/micro_ros_msgs
[8.320s] -- Up-to-date: /home/rasp/ros2_ws/install/micro_ros_msgs/include/micro_ros_msgs/micro_ros_msgs/msg
[8.321s] -- Up-to-date: /home/rasp/ros2_ws/install/micro_ros_msgs/include/micro_ros_msgs/micro_ros_msgs/msg/detail
[8.326s] -- Up-to-date: /home/rasp/ros2_ws/install/micro_ros_msgs/include/micro_ros_msgs/micro_ros_msgs/msg/detail/node__type_support.cpp
[8.327s] -- Up-to-date: /home/rasp/ros2_ws/install/micro_ros_msgs/include/micro_ros_msgs/micro_ros_msgs/msg/detail/graph__type_support.cpp
[8.328s] -- Up-to-date: /home/rasp/ros2_ws/install/micro_ros_msgs/include/micro_ros_msgs/micro_ros_msgs/msg/detail/graph__rosidl_typesupport_introspection_cpp.hpp
[8.329s] -- Up-to-date: /home/rasp/ros2_ws/install/micro_ros_msgs/include/micro_ros_msgs/micro_ros_msgs/msg/detail/entity__type_support.cpp
[8.330s] -- Up-to-date: /home/rasp/ros2_ws/install/micro_ros_msgs/include/micro_ros_msgs/micro_ros_msgs/msg/detail/entity__rosidl_typesupport_introspection_cpp.hpp
[8.330s] -- Up-to-date: /home/rasp/ros2_ws/install/micro_ros_msgs/include/micro_ros_msgs/micro_ros_msgs/msg/detail/node__rosidl_typesupport_introspection_cpp.hpp
[8.334s] -- Up-to-date: /home/rasp/ros2_ws/install/micro_ros_msgs/lib/libmicro_ros_msgs__rosidl_typesupport_introspection_cpp.so
[8.335s] -- Up-to-date: /home/rasp/ros2_ws/install/micro_ros_msgs/lib/libmicro_ros_msgs__rosidl_typesupport_cpp.so
[8.335s] -- Up-to-date: /home/rasp/ros2_ws/install/micro_ros_msgs/share/micro_ros_msgs/environment/pythonpath.sh
[8.338s] -- Up-to-date: /home/rasp/ros2_ws/install/micro_ros_msgs/share/micro_ros_msgs/environment/pythonpath.dsv
[8.339s] -- Up-to-date: /home/rasp/ros2_ws/install/micro_ros_msgs/lib/python3.12/site-packages/micro_ros_msgs-5.0.2-py3.12.egg-info
[8.340s] -- Installing: /home/rasp/ros2_ws/install/micro_ros_msgs/lib/python3.12/site-packages/micro_ros_msgs-5.0.2-py3.12.egg-info/SOURCES.txt
[8.343s] -- Installing: /home/rasp/ros2_ws/install/micro_ros_msgs/lib/python3.12/site-packages/micro_ros_msgs-5.0.2-py3.12.egg-info/top_level.txt
[8.344s] -- Installing: /home/rasp/ros2_ws/install/micro_ros_msgs/lib/python3.12/site-packages/micro_ros_msgs-5.0.2-py3.12.egg-info/PKG-INFO
[8.344s] -- Installing: /home/rasp/ros2_ws/install/micro_ros_msgs/lib/python3.12/site-packages/micro_ros_msgs-5.0.2-py3.12.egg-info/dependency_links.txt
[8.345s] -- Up-to-date: /home/rasp/ros2_ws/install/micro_ros_msgs/lib/python3.12/site-packages/micro_ros_msgs
[8.349s] -- Up-to-date: /home/rasp/ros2_ws/install/micro_ros_msgs/lib/python3.12/site-packages/micro_ros_msgs/msg
[8.350s] -- Up-to-date: /home/rasp/ros2_ws/install/micro_ros_msgs/lib/python3.12/site-packages/micro_ros_msgs/msg/_graph_s.c
[8.350s] -- Up-to-date: /home/rasp/ros2_ws/install/micro_ros_msgs/lib/python3.12/site-packages/micro_ros_msgs/msg/_node_s.c
[8.351s] -- Up-to-date: /home/rasp/ros2_ws/install/micro_ros_msgs/lib/python3.12/site-packages/micro_ros_msgs/msg/_graph.py
[8.352s] -- Up-to-date: /home/rasp/ros2_ws/install/micro_ros_msgs/lib/python3.12/site-packages/micro_ros_msgs/msg/_node.py
[8.353s] -- Up-to-date: /home/rasp/ros2_ws/install/micro_ros_msgs/lib/python3.12/site-packages/micro_ros_msgs/msg/_entity.py
[8.354s] -- Up-to-date: /home/rasp/ros2_ws/install/micro_ros_msgs/lib/python3.12/site-packages/micro_ros_msgs/msg/__init__.py
[8.357s] -- Up-to-date: /home/rasp/ros2_ws/install/micro_ros_msgs/lib/python3.12/site-packages/micro_ros_msgs/msg/_entity_s.c
[8.358s] -- Up-to-date: /home/rasp/ros2_ws/install/micro_ros_msgs/lib/python3.12/site-packages/micro_ros_msgs/micro_ros_msgs_s__rosidl_typesupport_c.so
[8.358s] -- Up-to-date: /home/rasp/ros2_ws/install/micro_ros_msgs/lib/python3.12/site-packages/micro_ros_msgs/micro_ros_msgs_s__rosidl_typesupport_introspection_c.so
[8.359s] -- Up-to-date: /home/rasp/ros2_ws/install/micro_ros_msgs/lib/python3.12/site-packages/micro_ros_msgs/_micro_ros_msgs_s.ep.rosidl_typesupport_introspection_c.c
[8.359s] -- Up-to-date: /home/rasp/ros2_ws/install/micro_ros_msgs/lib/python3.12/site-packages/micro_ros_msgs/__init__.py
[8.363s] -- Up-to-date: /home/rasp/ros2_ws/install/micro_ros_msgs/lib/python3.12/site-packages/micro_ros_msgs/_micro_ros_msgs_s.ep.rosidl_typesupport_fastrtps_c.c
[8.364s] -- Up-to-date: /home/rasp/ros2_ws/install/micro_ros_msgs/lib/python3.12/site-packages/micro_ros_msgs/_micro_ros_msgs_s.ep.rosidl_typesupport_c.c
[8.365s] -- Up-to-date: /home/rasp/ros2_ws/install/micro_ros_msgs/lib/python3.12/site-packages/micro_ros_msgs/micro_ros_msgs_s__rosidl_typesupport_fastrtps_c.so
[8.644s] Listing '/home/rasp/ros2_ws/install/micro_ros_msgs/lib/python3.12/site-packages/micro_ros_msgs'...
[8.645s] Listing '/home/rasp/ros2_ws/install/micro_ros_msgs/lib/python3.12/site-packages/micro_ros_msgs/msg'...
[8.695s] -- Up-to-date: /home/rasp/ros2_ws/install/micro_ros_msgs/lib/python3.12/site-packages/micro_ros_msgs/micro_ros_msgs_s__rosidl_typesupport_fastrtps_c.so
[8.699s] -- Up-to-date: /home/rasp/ros2_ws/install/micro_ros_msgs/lib/python3.12/site-packages/micro_ros_msgs/micro_ros_msgs_s__rosidl_typesupport_introspection_c.so
[8.703s] -- Up-to-date: /home/rasp/ros2_ws/install/micro_ros_msgs/lib/python3.12/site-packages/micro_ros_msgs/micro_ros_msgs_s__rosidl_typesupport_c.so
[8.707s] -- Up-to-date: /home/rasp/ros2_ws/install/micro_ros_msgs/lib/libmicro_ros_msgs__rosidl_generator_py.so
[8.709s] -- Up-to-date: /home/rasp/ros2_ws/install/micro_ros_msgs/share/micro_ros_msgs/msg/Graph.idl
[8.711s] -- Up-to-date: /home/rasp/ros2_ws/install/micro_ros_msgs/share/micro_ros_msgs/msg/Node.idl
[8.712s] -- Up-to-date: /home/rasp/ros2_ws/install/micro_ros_msgs/share/micro_ros_msgs/msg/Entity.idl
[8.715s] -- Up-to-date: /home/rasp/ros2_ws/install/micro_ros_msgs/share/micro_ros_msgs/msg/Graph.msg
[8.716s] -- Up-to-date: /home/rasp/ros2_ws/install/micro_ros_msgs/share/micro_ros_msgs/msg/Node.msg
[8.718s] -- Up-to-date: /home/rasp/ros2_ws/install/micro_ros_msgs/share/micro_ros_msgs/msg/Entity.msg
[8.719s] -- Up-to-date: /home/rasp/ros2_ws/install/micro_ros_msgs/share/ament_index/resource_index/package_run_dependencies/micro_ros_msgs
[8.722s] -- Up-to-date: /home/rasp/ros2_ws/install/micro_ros_msgs/share/ament_index/resource_index/parent_prefix_path/micro_ros_msgs
[8.722s] -- Up-to-date: /home/rasp/ros2_ws/install/micro_ros_msgs/share/micro_ros_msgs/environment/ament_prefix_path.sh
[8.723s] -- Up-to-date: /home/rasp/ros2_ws/install/micro_ros_msgs/share/micro_ros_msgs/environment/ament_prefix_path.dsv
[8.726s] -- Up-to-date: /home/rasp/ros2_ws/install/micro_ros_msgs/share/micro_ros_msgs/environment/path.sh
[8.726s] -- Up-to-date: /home/rasp/ros2_ws/install/micro_ros_msgs/share/micro_ros_msgs/environment/path.dsv
[8.727s] -- Up-to-date: /home/rasp/ros2_ws/install/micro_ros_msgs/share/micro_ros_msgs/local_setup.bash
[8.729s] -- Up-to-date: /home/rasp/ros2_ws/install/micro_ros_msgs/share/micro_ros_msgs/local_setup.sh
[8.730s] -- Up-to-date: /home/rasp/ros2_ws/install/micro_ros_msgs/share/micro_ros_msgs/local_setup.zsh
[8.730s] -- Up-to-date: /home/rasp/ros2_ws/install/micro_ros_msgs/share/micro_ros_msgs/local_setup.dsv
[8.733s] -- Installing: /home/rasp/ros2_ws/install/micro_ros_msgs/share/micro_ros_msgs/package.dsv
[8.735s] -- Up-to-date: /home/rasp/ros2_ws/install/micro_ros_msgs/share/ament_index/resource_index/packages/micro_ros_msgs
[8.737s] -- Up-to-date: /home/rasp/ros2_ws/install/micro_ros_msgs/share/micro_ros_msgs/cmake/export_micro_ros_msgs__rosidl_generator_cExport.cmake
[8.738s] -- Up-to-date: /home/rasp/ros2_ws/install/micro_ros_msgs/share/micro_ros_msgs/cmake/export_micro_ros_msgs__rosidl_generator_cExport-noconfig.cmake
[8.741s] -- Up-to-date: /home/rasp/ros2_ws/install/micro_ros_msgs/share/micro_ros_msgs/cmake/export_micro_ros_msgs__rosidl_typesupport_fastrtps_cExport.cmake
[8.742s] -- Up-to-date: /home/rasp/ros2_ws/install/micro_ros_msgs/share/micro_ros_msgs/cmake/export_micro_ros_msgs__rosidl_typesupport_fastrtps_cExport-noconfig.cmake
[8.745s] -- Up-to-date: /home/rasp/ros2_ws/install/micro_ros_msgs/share/micro_ros_msgs/cmake/micro_ros_msgs__rosidl_typesupport_introspection_cExport.cmake
[8.746s] -- Up-to-date: /home/rasp/ros2_ws/install/micro_ros_msgs/share/micro_ros_msgs/cmake/micro_ros_msgs__rosidl_typesupport_introspection_cExport-noconfig.cmake
[8.748s] -- Up-to-date: /home/rasp/ros2_ws/install/micro_ros_msgs/share/micro_ros_msgs/cmake/micro_ros_msgs__rosidl_typesupport_cExport.cmake
[8.750s] -- Up-to-date: /home/rasp/ros2_ws/install/micro_ros_msgs/share/micro_ros_msgs/cmake/micro_ros_msgs__rosidl_typesupport_cExport-noconfig.cmake
[8.752s] -- Up-to-date: /home/rasp/ros2_ws/install/micro_ros_msgs/share/micro_ros_msgs/cmake/export_micro_ros_msgs__rosidl_generator_cppExport.cmake
[8.754s] -- Up-to-date: /home/rasp/ros2_ws/install/micro_ros_msgs/share/micro_ros_msgs/cmake/export_micro_ros_msgs__rosidl_typesupport_fastrtps_cppExport.cmake
[8.756s] -- Up-to-date: /home/rasp/ros2_ws/install/micro_ros_msgs/share/micro_ros_msgs/cmake/export_micro_ros_msgs__rosidl_typesupport_fastrtps_cppExport-noconfig.cmake
[8.758s] -- Up-to-date: /home/rasp/ros2_ws/install/micro_ros_msgs/share/micro_ros_msgs/cmake/micro_ros_msgs__rosidl_typesupport_introspection_cppExport.cmake
[8.760s] -- Up-to-date: /home/rasp/ros2_ws/install/micro_ros_msgs/share/micro_ros_msgs/cmake/micro_ros_msgs__rosidl_typesupport_introspection_cppExport-noconfig.cmake
[8.762s] -- Up-to-date: /home/rasp/ros2_ws/install/micro_ros_msgs/share/micro_ros_msgs/cmake/micro_ros_msgs__rosidl_typesupport_cppExport.cmake
[8.764s] -- Up-to-date: /home/rasp/ros2_ws/install/micro_ros_msgs/share/micro_ros_msgs/cmake/micro_ros_msgs__rosidl_typesupport_cppExport-noconfig.cmake
[8.767s] -- Up-to-date: /home/rasp/ros2_ws/install/micro_ros_msgs/share/micro_ros_msgs/cmake/export_micro_ros_msgs__rosidl_generator_pyExport.cmake
[8.770s] -- Up-to-date: /home/rasp/ros2_ws/install/micro_ros_msgs/share/micro_ros_msgs/cmake/export_micro_ros_msgs__rosidl_generator_pyExport-noconfig.cmake
[8.771s] -- Up-to-date: /home/rasp/ros2_ws/install/micro_ros_msgs/share/micro_ros_msgs/cmake/rosidl_cmake-extras.cmake
[8.772s] -- Up-to-date: /home/rasp/ros2_ws/install/micro_ros_msgs/share/micro_ros_msgs/cmake/ament_cmake_export_include_directories-extras.cmake
[8.772s] -- Up-to-date: /home/rasp/ros2_ws/install/micro_ros_msgs/share/micro_ros_msgs/cmake/ament_cmake_export_libraries-extras.cmake
[8.776s] -- Up-to-date: /home/rasp/ros2_ws/install/micro_ros_msgs/share/micro_ros_msgs/cmake/ament_cmake_export_targets-extras.cmake
[8.777s] -- Up-to-date: /home/rasp/ros2_ws/install/micro_ros_msgs/share/micro_ros_msgs/cmake/rosidl_cmake_export_typesupport_targets-extras.cmake
[8.777s] -- Up-to-date: /home/rasp/ros2_ws/install/micro_ros_msgs/share/micro_ros_msgs/cmake/ament_cmake_export_dependencies-extras.cmake
[8.778s] -- Up-to-date: /home/rasp/ros2_ws/install/micro_ros_msgs/share/micro_ros_msgs/cmake/rosidl_cmake_export_typesupport_libraries-extras.cmake
[8.779s] -- Up-to-date: /home/rasp/ros2_ws/install/micro_ros_msgs/share/micro_ros_msgs/cmake/micro_ros_msgsConfig.cmake
[8.782s] -- Up-to-date: /home/rasp/ros2_ws/install/micro_ros_msgs/share/micro_ros_msgs/cmake/micro_ros_msgsConfig-version.cmake
[8.782s] -- Up-to-date: /home/rasp/ros2_ws/install/micro_ros_msgs/share/micro_ros_msgs/package.xml
[8.788s] Invoked command in '/home/rasp/ros2_ws/build/micro_ros_msgs' returned '0': CMAKE_PREFIX_PATH=${CMAKE_PREFIX_PATH}:/home/rasp/ros2_ws/install/robot_description:/home/rasp/ros2_ws/install/gpio_nav_control:/opt/ros/jazzy /usr/bin/cmake --install /home/rasp/ros2_ws/build/micro_ros_msgs
