[0.089s] Invoking command in '/home/rasp/ros2_ws/build/sllidar_ros2': CMAKE_PREFIX_PATH=${CMAKE_PREFIX_PATH}:/home/rasp/ros2_ws/install/robot_description:/home/rasp/ros2_ws/install/gpio_nav_control:/opt/ros/jazzy /usr/bin/cmake --build /home/rasp/ros2_ws/build/sllidar_ros2 -- -j4 -l4
[0.790s] [ 90%] Built target sllidar_node
[1.213s] [100%] Built target sllidar_client
[1.372s] Invoked command in '/home/rasp/ros2_ws/build/sllidar_ros2' returned '0': CMAKE_PREFIX_PATH=${CMAKE_PREFIX_PATH}:/home/rasp/ros2_ws/install/robot_description:/home/rasp/ros2_ws/install/gpio_nav_control:/opt/ros/jazzy /usr/bin/cmake --build /home/rasp/ros2_ws/build/sllidar_ros2 -- -j4 -l4
[1.381s] Invoking command in '/home/rasp/ros2_ws/build/sllidar_ros2': CMAKE_PREFIX_PATH=${CMAKE_PREFIX_PATH}:/home/rasp/ros2_ws/install/robot_description:/home/rasp/ros2_ws/install/gpio_nav_control:/opt/ros/jazzy /usr/bin/cmake --install /home/rasp/ros2_ws/build/sllidar_ros2
[1.456s] -- Install configuration: ""
[1.459s] -- Up-to-date: /home/rasp/ros2_ws/install/sllidar_ros2/share/sllidar_ros2/launch
[1.463s] -- Up-to-date: /home/rasp/ros2_ws/install/sllidar_ros2/share/sllidar_ros2/launch/sllidar_a2m12_launch .py
[1.467s] -- Up-to-date: /home/rasp/ros2_ws/install/sllidar_ros2/share/sllidar_ros2/launch/sllidar_s2e_launch.py
[1.468s] -- Up-to-date: /home/rasp/ros2_ws/install/sllidar_ros2/share/sllidar_ros2/launch/sllidar_t1_launch.py
[1.468s] -- Up-to-date: /home/rasp/ros2_ws/install/sllidar_ros2/share/sllidar_ros2/launch/view_sllidar_a1_launch.py
[1.469s] -- Up-to-date: /home/rasp/ros2_ws/install/sllidar_ros2/share/sllidar_ros2/launch/view_sllidar_s1_tcp_launch.py
[1.472s] -- Up-to-date: /home/rasp/ros2_ws/install/sllidar_ros2/share/sllidar_ros2/launch/view_sllidar_s2e_launch.py
[1.473s] -- Up-to-date: /home/rasp/ros2_ws/install/sllidar_ros2/share/sllidar_ros2/launch/view_sllidar_a2m12_launch.py
[1.474s] -- Up-to-date: /home/rasp/ros2_ws/install/sllidar_ros2/share/sllidar_ros2/launch/sllidar_a1_launch.py
[1.477s] -- Up-to-date: /home/rasp/ros2_ws/install/sllidar_ros2/share/sllidar_ros2/launch/sllidar_s3_launch.py
[1.478s] -- Up-to-date: /home/rasp/ros2_ws/install/sllidar_ros2/share/sllidar_ros2/launch/sllidar_a2m7_launch.py
[1.478s] -- Up-to-date: /home/rasp/ros2_ws/install/sllidar_ros2/share/sllidar_ros2/launch/view_sllidar_a2m7_launch.py
[1.479s] -- Up-to-date: /home/rasp/ros2_ws/install/sllidar_ros2/share/sllidar_ros2/launch/view_sllidar_a2m8_launch.py
[1.479s] -- Up-to-date: /home/rasp/ros2_ws/install/sllidar_ros2/share/sllidar_ros2/launch/view_sllidar_s3_launch.py
[1.485s] -- Up-to-date: /home/rasp/ros2_ws/install/sllidar_ros2/share/sllidar_ros2/launch/sllidar_a3_launch.py
[1.486s] -- Up-to-date: /home/rasp/ros2_ws/install/sllidar_ros2/share/sllidar_ros2/launch/view_sllidar_t1_launch.py
[1.486s] -- Up-to-date: /home/rasp/ros2_ws/install/sllidar_ros2/share/sllidar_ros2/launch/view_sllidar_s1_launch.py
[1.487s] -- Up-to-date: /home/rasp/ros2_ws/install/sllidar_ros2/share/sllidar_ros2/launch/view_sllidar_s2_launch.py
[1.491s] -- Up-to-date: /home/rasp/ros2_ws/install/sllidar_ros2/share/sllidar_ros2/launch/view_sllidar_a3_launch.py
[1.492s] -- Up-to-date: /home/rasp/ros2_ws/install/sllidar_ros2/share/sllidar_ros2/launch/sllidar_s1_launch.py
[1.493s] -- Up-to-date: /home/rasp/ros2_ws/install/sllidar_ros2/share/sllidar_ros2/launch/sllidar_c1_launch.py
[1.496s] -- Up-to-date: /home/rasp/ros2_ws/install/sllidar_ros2/share/sllidar_ros2/launch/sllidar_s1_tcp_launch.py
[1.497s] -- Up-to-date: /home/rasp/ros2_ws/install/sllidar_ros2/share/sllidar_ros2/launch/view_sllidar_c1_launch.py
[1.498s] -- Up-to-date: /home/rasp/ros2_ws/install/sllidar_ros2/share/sllidar_ros2/launch/sllidar_a2m8_launch.py
[1.499s] -- Up-to-date: /home/rasp/ros2_ws/install/sllidar_ros2/share/sllidar_ros2/launch/sllidar_s2_launch.py
[1.503s] -- Up-to-date: /home/rasp/ros2_ws/install/sllidar_ros2/share/sllidar_ros2/rviz
[1.504s] -- Up-to-date: /home/rasp/ros2_ws/install/sllidar_ros2/share/sllidar_ros2/rviz/sllidar_ros2.rviz
[1.505s] -- Up-to-date: /home/rasp/ros2_ws/install/sllidar_ros2/lib/sllidar_ros2/sllidar_node
[1.511s] -- Up-to-date: /home/rasp/ros2_ws/install/sllidar_ros2/lib/sllidar_ros2/sllidar_client
[1.512s] -- Up-to-date: /home/rasp/ros2_ws/install/sllidar_ros2/share/ament_index/resource_index/package_run_dependencies/sllidar_ros2
[1.520s] -- Up-to-date: /home/rasp/ros2_ws/install/sllidar_ros2/share/ament_index/resource_index/parent_prefix_path/sllidar_ros2
[1.521s] -- Up-to-date: /home/rasp/ros2_ws/install/sllidar_ros2/share/sllidar_ros2/environment/ament_prefix_path.sh
[1.524s] -- Up-to-date: /home/rasp/ros2_ws/install/sllidar_ros2/share/sllidar_ros2/environment/ament_prefix_path.dsv
[1.530s] -- Up-to-date: /home/rasp/ros2_ws/install/sllidar_ros2/share/sllidar_ros2/environment/path.sh
[1.531s] -- Up-to-date: /home/rasp/ros2_ws/install/sllidar_ros2/share/sllidar_ros2/environment/path.dsv
[1.531s] -- Up-to-date: /home/rasp/ros2_ws/install/sllidar_ros2/share/sllidar_ros2/local_setup.bash
[1.532s] -- Up-to-date: /home/rasp/ros2_ws/install/sllidar_ros2/share/sllidar_ros2/local_setup.sh
[1.537s] -- Up-to-date: /home/rasp/ros2_ws/install/sllidar_ros2/share/sllidar_ros2/local_setup.zsh
[1.538s] -- Up-to-date: /home/rasp/ros2_ws/install/sllidar_ros2/share/sllidar_ros2/local_setup.dsv
[1.546s] -- Installing: /home/rasp/ros2_ws/install/sllidar_ros2/share/sllidar_ros2/package.dsv
[1.548s] -- Up-to-date: /home/rasp/ros2_ws/install/sllidar_ros2/share/ament_index/resource_index/packages/sllidar_ros2
[1.549s] -- Up-to-date: /home/rasp/ros2_ws/install/sllidar_ros2/share/sllidar_ros2/cmake/ament_cmake_export_dependencies-extras.cmake
[1.550s] -- Up-to-date: /home/rasp/ros2_ws/install/sllidar_ros2/share/sllidar_ros2/cmake/ament_cmake_export_include_directories-extras.cmake
[1.556s] -- Up-to-date: /home/rasp/ros2_ws/install/sllidar_ros2/share/sllidar_ros2/cmake/sllidar_ros2Config.cmake
[1.557s] -- Up-to-date: /home/rasp/ros2_ws/install/sllidar_ros2/share/sllidar_ros2/cmake/sllidar_ros2Config-version.cmake
[1.562s] -- Up-to-date: /home/rasp/ros2_ws/install/sllidar_ros2/share/sllidar_ros2/package.xml
[1.563s] Invoked command in '/home/rasp/ros2_ws/build/sllidar_ros2' returned '0': CMAKE_PREFIX_PATH=${CMAKE_PREFIX_PATH}:/home/rasp/ros2_ws/install/robot_description:/home/rasp/ros2_ws/install/gpio_nav_control:/opt/ros/jazzy /usr/bin/cmake --install /home/rasp/ros2_ws/build/sllidar_ros2
