[0.068s] Invoking command in '/home/rasp/ros2_ws/build/robot_nav': CMAKE_PREFIX_PATH=${CMAKE_PREFIX_PATH}:/home/rasp/ros2_ws/install/robot_description:/home/rasp/ros2_ws/install/gpio_nav_control:/opt/ros/jazzy /usr/bin/cmake --build /home/rasp/ros2_ws/build/robot_nav -- -j4 -l4
[0.435s] Invoked command in '/home/rasp/ros2_ws/build/robot_nav' returned '0': CMAKE_PREFIX_PATH=${CMAKE_PREFIX_PATH}:/home/rasp/ros2_ws/install/robot_description:/home/rasp/ros2_ws/install/gpio_nav_control:/opt/ros/jazzy /usr/bin/cmake --build /home/rasp/ros2_ws/build/robot_nav -- -j4 -l4
[0.447s] Invoking command in '/home/rasp/ros2_ws/build/robot_nav': CMAKE_PREFIX_PATH=${CMAKE_PREFIX_PATH}:/home/rasp/ros2_ws/install/robot_description:/home/rasp/ros2_ws/install/gpio_nav_control:/opt/ros/jazzy /usr/bin/cmake --install /home/rasp/ros2_ws/build/robot_nav
[0.513s] -- Install configuration: ""
[0.514s] -- Up-to-date: /home/rasp/ros2_ws/install/robot_nav/share/robot_nav/launch
[0.517s] -- Up-to-date: /home/rasp/ros2_ws/install/robot_nav/share/robot_nav/launch/amcl.launch.py
[0.518s] -- Up-to-date: /home/rasp/ros2_ws/install/robot_nav/share/robot_nav/launch/localization_launch.py
[0.519s] -- Up-to-date: /home/rasp/ros2_ws/install/robot_nav/share/robot_nav/launch/bringup_launch.py
[0.519s] -- Up-to-date: /home/rasp/ros2_ws/install/robot_nav/share/robot_nav/launch/slam_launch.py
[0.520s] -- Up-to-date: /home/rasp/ros2_ws/install/robot_nav/share/robot_nav/launch/navigation_launch.py
[0.521s] -- Up-to-date: /home/rasp/ros2_ws/install/robot_nav/share/robot_nav/launch/rviz_launch.py
[0.521s] -- Up-to-date: /home/rasp/ros2_ws/install/robot_nav/share/robot_nav/map
[0.524s] -- Up-to-date: /home/rasp/ros2_ws/install/robot_nav/share/robot_nav/map/map_1741862448.yaml
[0.525s] -- Up-to-date: /home/rasp/ros2_ws/install/robot_nav/share/robot_nav/map/map_1742316237.yaml
[0.528s] -- Up-to-date: /home/rasp/ros2_ws/install/robot_nav/share/robot_nav/map/map_1742316237.pgm
[0.529s] -- Up-to-date: /home/rasp/ros2_ws/install/robot_nav/share/robot_nav/map/map_1741862448.pgm
[0.530s] -- Up-to-date: /home/rasp/ros2_ws/install/robot_nav/share/robot_nav/config
[0.531s] -- Up-to-date: /home/rasp/ros2_ws/install/robot_nav/share/robot_nav/config/nav2_params.yaml
[0.532s] -- Up-to-date: /home/rasp/ros2_ws/install/robot_nav/share/robot_nav/config/mapper_params_online_async.yaml
[0.532s] -- Up-to-date: /home/rasp/ros2_ws/install/robot_nav/share/ament_index/resource_index/package_run_dependencies/robot_nav
[0.535s] -- Up-to-date: /home/rasp/ros2_ws/install/robot_nav/share/ament_index/resource_index/parent_prefix_path/robot_nav
[0.536s] -- Up-to-date: /home/rasp/ros2_ws/install/robot_nav/share/robot_nav/environment/ament_prefix_path.sh
[0.537s] -- Up-to-date: /home/rasp/ros2_ws/install/robot_nav/share/robot_nav/environment/ament_prefix_path.dsv
[0.538s] -- Up-to-date: /home/rasp/ros2_ws/install/robot_nav/share/robot_nav/environment/path.sh
[0.541s] -- Up-to-date: /home/rasp/ros2_ws/install/robot_nav/share/robot_nav/environment/path.dsv
[0.542s] -- Up-to-date: /home/rasp/ros2_ws/install/robot_nav/share/robot_nav/local_setup.bash
[0.543s] -- Up-to-date: /home/rasp/ros2_ws/install/robot_nav/share/robot_nav/local_setup.sh
[0.544s] -- Up-to-date: /home/rasp/ros2_ws/install/robot_nav/share/robot_nav/local_setup.zsh
[0.544s] -- Up-to-date: /home/rasp/ros2_ws/install/robot_nav/share/robot_nav/local_setup.dsv
[0.545s] -- Installing: /home/rasp/ros2_ws/install/robot_nav/share/robot_nav/package.dsv
[0.549s] -- Up-to-date: /home/rasp/ros2_ws/install/robot_nav/share/ament_index/resource_index/packages/robot_nav
[0.554s] -- Up-to-date: /home/rasp/ros2_ws/install/robot_nav/share/robot_nav/cmake/robot_navConfig.cmake
[0.554s] -- Up-to-date: /home/rasp/ros2_ws/install/robot_nav/share/robot_nav/cmake/robot_navConfig-version.cmake
[0.556s] -- Up-to-date: /home/rasp/ros2_ws/install/robot_nav/share/robot_nav/package.xml
[0.563s] Invoked command in '/home/rasp/ros2_ws/build/robot_nav' returned '0': CMAKE_PREFIX_PATH=${CMAKE_PREFIX_PATH}:/home/rasp/ros2_ws/install/robot_description:/home/rasp/ros2_ws/install/gpio_nav_control:/opt/ros/jazzy /usr/bin/cmake --install /home/rasp/ros2_ws/build/robot_nav
