[6.592s] Invoking command in '/home/rasp/ros2_ws/src/robot_description': PYTHONPATH=/home/rasp/ros2_ws/build/robot_description/prefix_override:/usr/lib/python3/dist-packages/colcon_core/task/python/colcon_distutils_commands:/home/rasp/ros2_ws/install/robot_description/lib/python3.12/site-packages:${PYTHONPATH} /usr/bin/python3 -W ignore:setup.py install is deprecated -W ignore:easy_install command is deprecated setup.py egg_info --egg-base ../../build/robot_description build --build-base /home/rasp/ros2_ws/build/robot_description/build install --record /home/rasp/ros2_ws/build/robot_description/install.log --single-version-externally-managed install_data
[8.359s] running egg_info
[8.569s] writing ../../build/robot_description/robot_description.egg-info/PKG-INFO
[8.571s] writing dependency_links to ../../build/robot_description/robot_description.egg-info/dependency_links.txt
[8.571s] writing requirements to ../../build/robot_description/robot_description.egg-info/requires.txt
[8.573s] writing top-level names to ../../build/robot_description/robot_description.egg-info/top_level.txt
[8.812s] reading manifest file '../../build/robot_description/robot_description.egg-info/SOURCES.txt'
[8.816s] writing manifest file '../../build/robot_description/robot_description.egg-info/SOURCES.txt'
[8.817s] running build
[8.817s] running build_py
[8.818s] running install
[8.845s] running install_lib
[8.956s] running install_data
[8.957s] copying launch/bringupAll.launch.py -> /home/rasp/ros2_ws/install/robot_description/share/robot_description/launch
[8.960s] running install_egg_info
[9.070s] removing '/home/rasp/ros2_ws/install/robot_description/lib/python3.12/site-packages/robot_description-0.0.0-py3.12.egg-info' (and everything under it)
[9.071s] Copying ../../build/robot_description/robot_description.egg-info to /home/rasp/ros2_ws/install/robot_description/lib/python3.12/site-packages/robot_description-0.0.0-py3.12.egg-info
[9.076s] running install_scripts
[9.950s] writing list of installed files to '/home/rasp/ros2_ws/build/robot_description/install.log'
[10.105s] Invoked command in '/home/rasp/ros2_ws/src/robot_description' returned '0': PYTHONPATH=/home/rasp/ros2_ws/build/robot_description/prefix_override:/usr/lib/python3/dist-packages/colcon_core/task/python/colcon_distutils_commands:/home/rasp/ros2_ws/install/robot_description/lib/python3.12/site-packages:${PYTHONPATH} /usr/bin/python3 -W ignore:setup.py install is deprecated -W ignore:easy_install command is deprecated setup.py egg_info --egg-base ../../build/robot_description build --build-base /home/rasp/ros2_ws/build/robot_description/build install --record /home/rasp/ros2_ws/build/robot_description/install.log --single-version-externally-managed install_data
