[0.100s] Invoking command in '/home/rasp/ros2_ws/build/sllidar_ros2': CMAKE_PREFIX_PATH=${CMAKE_PREFIX_PATH}:/home/rasp/ros2_ws/install/robot_description:/home/rasp/ros2_ws/install/gpio_nav_control:/opt/ros/jazzy /usr/bin/cmake --build /home/rasp/ros2_ws/build/sllidar_ros2 -- -j4 -l4
[0.926s] [ 90%] Built target sllidar_node
[1.279s] [100%] Built target sllidar_client
[1.517s] Invoked command in '/home/rasp/ros2_ws/build/sllidar_ros2' returned '0': CMAKE_PREFIX_PATH=${CMAKE_PREFIX_PATH}:/home/rasp/ros2_ws/install/robot_description:/home/rasp/ros2_ws/install/gpio_nav_control:/opt/ros/jazzy /usr/bin/cmake --build /home/rasp/ros2_ws/build/sllidar_ros2 -- -j4 -l4
[1.521s] Invoking command in '/home/rasp/ros2_ws/build/sllidar_ros2': CMAKE_PREFIX_PATH=${CMAKE_PREFIX_PATH}:/home/rasp/ros2_ws/install/robot_description:/home/rasp/ros2_ws/install/gpio_nav_control:/opt/ros/jazzy /usr/bin/cmake --install /home/rasp/ros2_ws/build/sllidar_ros2
[1.629s] -- Install configuration: ""
[1.633s] -- Up-to-date: /home/rasp/ros2_ws/install/sllidar_ros2/share/sllidar_ros2/launch
[1.634s] -- Up-to-date: /home/rasp/ros2_ws/install/sllidar_ros2/share/sllidar_ros2/launch/sllidar_a2m12_launch .py
[1.637s] -- Up-to-date: /home/rasp/ros2_ws/install/sllidar_ros2/share/sllidar_ros2/launch/sllidar_s2e_launch.py
[1.639s] -- Up-to-date: /home/rasp/ros2_ws/install/sllidar_ros2/share/sllidar_ros2/launch/sllidar_t1_launch.py
[1.640s] -- Up-to-date: /home/rasp/ros2_ws/install/sllidar_ros2/share/sllidar_ros2/launch/view_sllidar_a1_launch.py
[1.642s] -- Up-to-date: /home/rasp/ros2_ws/install/sllidar_ros2/share/sllidar_ros2/launch/view_sllidar_s1_tcp_launch.py
[1.643s] -- Up-to-date: /home/rasp/ros2_ws/install/sllidar_ros2/share/sllidar_ros2/launch/view_sllidar_s2e_launch.py
[1.644s] -- Up-to-date: /home/rasp/ros2_ws/install/sllidar_ros2/share/sllidar_ros2/launch/view_sllidar_a2m12_launch.py
[1.644s] -- Up-to-date: /home/rasp/ros2_ws/install/sllidar_ros2/share/sllidar_ros2/launch/sllidar_a1_launch.py
[1.648s] -- Up-to-date: /home/rasp/ros2_ws/install/sllidar_ros2/share/sllidar_ros2/launch/sllidar_s3_launch.py
[1.648s] -- Up-to-date: /home/rasp/ros2_ws/install/sllidar_ros2/share/sllidar_ros2/launch/sllidar_a2m7_launch.py
[1.649s] -- Up-to-date: /home/rasp/ros2_ws/install/sllidar_ros2/share/sllidar_ros2/launch/view_sllidar_a2m7_launch.py
[1.654s] -- Up-to-date: /home/rasp/ros2_ws/install/sllidar_ros2/share/sllidar_ros2/launch/view_sllidar_a2m8_launch.py
[1.654s] -- Up-to-date: /home/rasp/ros2_ws/install/sllidar_ros2/share/sllidar_ros2/launch/view_sllidar_s3_launch.py
[1.655s] -- Up-to-date: /home/rasp/ros2_ws/install/sllidar_ros2/share/sllidar_ros2/launch/sllidar_a3_launch.py
[1.655s] -- Up-to-date: /home/rasp/ros2_ws/install/sllidar_ros2/share/sllidar_ros2/launch/view_sllidar_t1_launch.py
[1.656s] -- Up-to-date: /home/rasp/ros2_ws/install/sllidar_ros2/share/sllidar_ros2/launch/view_sllidar_s1_launch.py
[1.656s] -- Up-to-date: /home/rasp/ros2_ws/install/sllidar_ros2/share/sllidar_ros2/launch/view_sllidar_s2_launch.py
[1.657s] -- Up-to-date: /home/rasp/ros2_ws/install/sllidar_ros2/share/sllidar_ros2/launch/view_sllidar_a3_launch.py
[1.657s] -- Up-to-date: /home/rasp/ros2_ws/install/sllidar_ros2/share/sllidar_ros2/launch/sllidar_s1_launch.py
[1.661s] -- Up-to-date: /home/rasp/ros2_ws/install/sllidar_ros2/share/sllidar_ros2/launch/sllidar_c1_launch.py
[1.661s] -- Up-to-date: /home/rasp/ros2_ws/install/sllidar_ros2/share/sllidar_ros2/launch/sllidar_s1_tcp_launch.py
[1.664s] -- Up-to-date: /home/rasp/ros2_ws/install/sllidar_ros2/share/sllidar_ros2/launch/view_sllidar_c1_launch.py
[1.664s] -- Up-to-date: /home/rasp/ros2_ws/install/sllidar_ros2/share/sllidar_ros2/launch/sllidar_a2m8_launch.py
[1.665s] -- Up-to-date: /home/rasp/ros2_ws/install/sllidar_ros2/share/sllidar_ros2/launch/sllidar_s2_launch.py
[1.668s] -- Up-to-date: /home/rasp/ros2_ws/install/sllidar_ros2/share/sllidar_ros2/rviz
[1.669s] -- Up-to-date: /home/rasp/ros2_ws/install/sllidar_ros2/share/sllidar_ros2/rviz/sllidar_ros2.rviz
[1.670s] -- Up-to-date: /home/rasp/ros2_ws/install/sllidar_ros2/lib/sllidar_ros2/sllidar_node
[1.671s] -- Up-to-date: /home/rasp/ros2_ws/install/sllidar_ros2/lib/sllidar_ros2/sllidar_client
[1.674s] -- Up-to-date: /home/rasp/ros2_ws/install/sllidar_ros2/share/ament_index/resource_index/package_run_dependencies/sllidar_ros2
[1.674s] -- Up-to-date: /home/rasp/ros2_ws/install/sllidar_ros2/share/ament_index/resource_index/parent_prefix_path/sllidar_ros2
[1.675s] -- Up-to-date: /home/rasp/ros2_ws/install/sllidar_ros2/share/sllidar_ros2/environment/ament_prefix_path.sh
[1.675s] -- Up-to-date: /home/rasp/ros2_ws/install/sllidar_ros2/share/sllidar_ros2/environment/ament_prefix_path.dsv
[1.676s] -- Up-to-date: /home/rasp/ros2_ws/install/sllidar_ros2/share/sllidar_ros2/environment/path.sh
[1.679s] -- Up-to-date: /home/rasp/ros2_ws/install/sllidar_ros2/share/sllidar_ros2/environment/path.dsv
[1.680s] -- Up-to-date: /home/rasp/ros2_ws/install/sllidar_ros2/share/sllidar_ros2/local_setup.bash
[1.681s] -- Up-to-date: /home/rasp/ros2_ws/install/sllidar_ros2/share/sllidar_ros2/local_setup.sh
[1.681s] -- Up-to-date: /home/rasp/ros2_ws/install/sllidar_ros2/share/sllidar_ros2/local_setup.zsh
[1.682s] -- Up-to-date: /home/rasp/ros2_ws/install/sllidar_ros2/share/sllidar_ros2/local_setup.dsv
[1.682s] -- Installing: /home/rasp/ros2_ws/install/sllidar_ros2/share/sllidar_ros2/package.dsv
[1.688s] -- Up-to-date: /home/rasp/ros2_ws/install/sllidar_ros2/share/ament_index/resource_index/packages/sllidar_ros2
[1.688s] -- Up-to-date: /home/rasp/ros2_ws/install/sllidar_ros2/share/sllidar_ros2/cmake/ament_cmake_export_dependencies-extras.cmake
[1.689s] -- Up-to-date: /home/rasp/ros2_ws/install/sllidar_ros2/share/sllidar_ros2/cmake/ament_cmake_export_include_directories-extras.cmake
[1.689s] -- Up-to-date: /home/rasp/ros2_ws/install/sllidar_ros2/share/sllidar_ros2/cmake/sllidar_ros2Config.cmake
[1.694s] -- Up-to-date: /home/rasp/ros2_ws/install/sllidar_ros2/share/sllidar_ros2/cmake/sllidar_ros2Config-version.cmake
[1.695s] -- Up-to-date: /home/rasp/ros2_ws/install/sllidar_ros2/share/sllidar_ros2/package.xml
[1.702s] Invoked command in '/home/rasp/ros2_ws/build/sllidar_ros2' returned '0': CMAKE_PREFIX_PATH=${CMAKE_PREFIX_PATH}:/home/rasp/ros2_ws/install/robot_description:/home/rasp/ros2_ws/install/gpio_nav_control:/opt/ros/jazzy /usr/bin/cmake --install /home/rasp/ros2_ws/build/sllidar_ros2
