[0.175s] Invoking command in '/home/rasp/ros2_ws/build/micro_ros_msgs': CMAKE_PREFIX_PATH=${CMAKE_PREFIX_PATH}:/home/rasp/ros2_ws/install/robot_description:/home/rasp/ros2_ws/install/gpio_nav_control:/opt/ros/jazzy /usr/bin/cmake --build /home/rasp/ros2_ws/build/micro_ros_msgs -- -j4 -l4
[1.574s] [  1%] Built target micro_ros_msgs__rosidl_generator_type_description
[1.575s] [  1%] Built target ament_cmake_python_copy_micro_ros_msgs
[1.576s] [ 22%] Built target micro_ros_msgs__rosidl_generator_c
[3.222s] running egg_info
[3.433s] writing micro_ros_msgs.egg-info/PKG-INFO
[3.433s] writing dependency_links to micro_ros_msgs.egg-info/dependency_links.txt
[3.434s] writing top-level names to micro_ros_msgs.egg-info/top_level.txt
[3.994s] reading manifest file 'micro_ros_msgs.egg-info/SOURCES.txt'
[4.004s] writing manifest file 'micro_ros_msgs.egg-info/SOURCES.txt'
[4.236s] [ 22%] Built target ament_cmake_python_build_micro_ros_msgs_egg
[4.531s] [ 31%] Built target micro_ros_msgs__rosidl_typesupport_introspection_c
[4.766s] [ 40%] Built target micro_ros_msgs__rosidl_typesupport_c
[5.054s] [ 50%] Built target micro_ros_msgs__rosidl_typesupport_fastrtps_c
[5.242s] [ 51%] Built target micro_ros_msgs__cpp
[5.514s] [ 61%] Built target micro_ros_msgs__rosidl_typesupport_fastrtps_cpp
[5.803s] [ 70%] Built target micro_ros_msgs__rosidl_typesupport_cpp
[6.194s] [ 79%] Built target micro_ros_msgs__rosidl_typesupport_introspection_cpp
[6.417s] [ 79%] Built target micro_ros_msgs
[6.740s] [ 81%] Built target micro_ros_msgs__py
[7.178s] [ 88%] Built target micro_ros_msgs__rosidl_generator_py
[7.445s] [ 92%] Built target micro_ros_msgs_s__rosidl_typesupport_fastrtps_c
[7.834s] [ 96%] Built target micro_ros_msgs_s__rosidl_typesupport_c
[8.157s] [100%] Built target micro_ros_msgs_s__rosidl_typesupport_introspection_c
[8.277s] Invoked command in '/home/rasp/ros2_ws/build/micro_ros_msgs' returned '0': CMAKE_PREFIX_PATH=${CMAKE_PREFIX_PATH}:/home/rasp/ros2_ws/install/robot_description:/home/rasp/ros2_ws/install/gpio_nav_control:/opt/ros/jazzy /usr/bin/cmake --build /home/rasp/ros2_ws/build/micro_ros_msgs -- -j4 -l4
[8.291s] Invoking command in '/home/rasp/ros2_ws/build/micro_ros_msgs': CMAKE_PREFIX_PATH=${CMAKE_PREFIX_PATH}:/home/rasp/ros2_ws/install/robot_description:/home/rasp/ros2_ws/install/gpio_nav_control:/opt/ros/jazzy /usr/bin/cmake --install /home/rasp/ros2_ws/build/micro_ros_msgs
[8.434s] -- Install configuration: ""
[8.437s] -- Up-to-date: /home/rasp/ros2_ws/install/micro_ros_msgs/share/ament_index/resource_index/rosidl_interfaces/micro_ros_msgs
[8.439s] -- Up-to-date: /home/rasp/ros2_ws/install/micro_ros_msgs/share/micro_ros_msgs/msg/Graph.json
[8.440s] -- Up-to-date: /home/rasp/ros2_ws/install/micro_ros_msgs/share/micro_ros_msgs/msg/Node.json
[8.442s] -- Up-to-date: /home/rasp/ros2_ws/install/micro_ros_msgs/share/micro_ros_msgs/msg/Entity.json
[8.444s] -- Up-to-date: /home/rasp/ros2_ws/install/micro_ros_msgs/include/micro_ros_msgs/micro_ros_msgs
[8.448s] -- Up-to-date: /home/rasp/ros2_ws/install/micro_ros_msgs/include/micro_ros_msgs/micro_ros_msgs/msg
[8.450s] -- Up-to-date: /home/rasp/ros2_ws/install/micro_ros_msgs/include/micro_ros_msgs/micro_ros_msgs/msg/rosidl_generator_c__visibility_control.h
[8.451s] -- Up-to-date: /home/rasp/ros2_ws/install/micro_ros_msgs/include/micro_ros_msgs/micro_ros_msgs/msg/graph.h
[8.451s] -- Up-to-date: /home/rasp/ros2_ws/install/micro_ros_msgs/include/micro_ros_msgs/micro_ros_msgs/msg/detail
[8.452s] -- Installing: /home/rasp/ros2_ws/install/micro_ros_msgs/include/micro_ros_msgs/micro_ros_msgs/msg/detail/graph__type_support.c
[8.455s] -- Up-to-date: /home/rasp/ros2_ws/install/micro_ros_msgs/include/micro_ros_msgs/micro_ros_msgs/msg/detail/entity__type_support.h
[8.457s] -- Up-to-date: /home/rasp/ros2_ws/install/micro_ros_msgs/include/micro_ros_msgs/micro_ros_msgs/msg/detail/graph__type_support.h
[8.460s] -- Up-to-date: /home/rasp/ros2_ws/install/micro_ros_msgs/include/micro_ros_msgs/micro_ros_msgs/msg/detail/entity__description.c
[8.460s] -- Up-to-date: /home/rasp/ros2_ws/install/micro_ros_msgs/include/micro_ros_msgs/micro_ros_msgs/msg/detail/graph__functions.c
[8.461s] -- Up-to-date: /home/rasp/ros2_ws/install/micro_ros_msgs/include/micro_ros_msgs/micro_ros_msgs/msg/detail/graph__struct.h
[8.463s] -- Up-to-date: /home/rasp/ros2_ws/install/micro_ros_msgs/include/micro_ros_msgs/micro_ros_msgs/msg/detail/node__struct.h
[8.464s] -- Up-to-date: /home/rasp/ros2_ws/install/micro_ros_msgs/include/micro_ros_msgs/micro_ros_msgs/msg/detail/node__functions.c
[8.465s] -- Up-to-date: /home/rasp/ros2_ws/install/micro_ros_msgs/include/micro_ros_msgs/micro_ros_msgs/msg/detail/graph__functions.h
[8.471s] -- Up-to-date: /home/rasp/ros2_ws/install/micro_ros_msgs/include/micro_ros_msgs/micro_ros_msgs/msg/detail/entity__functions.h
[8.472s] -- Up-to-date: /home/rasp/ros2_ws/install/micro_ros_msgs/include/micro_ros_msgs/micro_ros_msgs/msg/detail/node__type_support.h
[8.472s] -- Up-to-date: /home/rasp/ros2_ws/install/micro_ros_msgs/include/micro_ros_msgs/micro_ros_msgs/msg/detail/entity__struct.h
[8.473s] -- Installing: /home/rasp/ros2_ws/install/micro_ros_msgs/include/micro_ros_msgs/micro_ros_msgs/msg/detail/node__type_support.c
[8.473s] -- Up-to-date: /home/rasp/ros2_ws/install/micro_ros_msgs/include/micro_ros_msgs/micro_ros_msgs/msg/detail/graph__description.c
[8.474s] -- Up-to-date: /home/rasp/ros2_ws/install/micro_ros_msgs/include/micro_ros_msgs/micro_ros_msgs/msg/detail/entity__functions.c
[8.478s] -- Installing: /home/rasp/ros2_ws/install/micro_ros_msgs/include/micro_ros_msgs/micro_ros_msgs/msg/detail/entity__type_support.c
[8.480s] -- Up-to-date: /home/rasp/ros2_ws/install/micro_ros_msgs/include/micro_ros_msgs/micro_ros_msgs/msg/detail/node__description.c
[8.480s] -- Up-to-date: /home/rasp/ros2_ws/install/micro_ros_msgs/include/micro_ros_msgs/micro_ros_msgs/msg/detail/node__functions.h
[8.481s] -- Up-to-date: /home/rasp/ros2_ws/install/micro_ros_msgs/include/micro_ros_msgs/micro_ros_msgs/msg/node.h
[8.481s] -- Up-to-date: /home/rasp/ros2_ws/install/micro_ros_msgs/include/micro_ros_msgs/micro_ros_msgs/msg/entity.h
[8.482s] -- Up-to-date: /home/rasp/ros2_ws/install/micro_ros_msgs/share/micro_ros_msgs/environment/library_path.sh
[8.482s] -- Up-to-date: /home/rasp/ros2_ws/install/micro_ros_msgs/share/micro_ros_msgs/environment/library_path.dsv
[8.483s] -- Up-to-date: /home/rasp/ros2_ws/install/micro_ros_msgs/lib/libmicro_ros_msgs__rosidl_generator_c.so
[8.485s] -- Up-to-date: /home/rasp/ros2_ws/install/micro_ros_msgs/include/micro_ros_msgs/micro_ros_msgs
[8.485s] -- Up-to-date: /home/rasp/ros2_ws/install/micro_ros_msgs/include/micro_ros_msgs/micro_ros_msgs/msg
[8.486s] -- Up-to-date: /home/rasp/ros2_ws/install/micro_ros_msgs/include/micro_ros_msgs/micro_ros_msgs/msg/rosidl_typesupport_fastrtps_c__visibility_control.h
[8.486s] -- Up-to-date: /home/rasp/ros2_ws/install/micro_ros_msgs/include/micro_ros_msgs/micro_ros_msgs/msg/detail
[8.487s] -- Up-to-date: /home/rasp/ros2_ws/install/micro_ros_msgs/include/micro_ros_msgs/micro_ros_msgs/msg/detail/node__rosidl_typesupport_fastrtps_c.h
[8.487s] -- Up-to-date: /home/rasp/ros2_ws/install/micro_ros_msgs/include/micro_ros_msgs/micro_ros_msgs/msg/detail/entity__rosidl_typesupport_fastrtps_c.h
[8.488s] -- Up-to-date: /home/rasp/ros2_ws/install/micro_ros_msgs/include/micro_ros_msgs/micro_ros_msgs/msg/detail/graph__rosidl_typesupport_fastrtps_c.h
[8.490s] -- Up-to-date: /home/rasp/ros2_ws/install/micro_ros_msgs/lib/libmicro_ros_msgs__rosidl_typesupport_fastrtps_c.so
[8.492s] -- Up-to-date: /home/rasp/ros2_ws/install/micro_ros_msgs/include/micro_ros_msgs/micro_ros_msgs
[8.492s] -- Up-to-date: /home/rasp/ros2_ws/install/micro_ros_msgs/include/micro_ros_msgs/micro_ros_msgs/msg
[8.497s] -- Up-to-date: /home/rasp/ros2_ws/install/micro_ros_msgs/include/micro_ros_msgs/micro_ros_msgs/msg/detail
[8.498s] -- Installing: /home/rasp/ros2_ws/install/micro_ros_msgs/include/micro_ros_msgs/micro_ros_msgs/msg/detail/graph__type_support.c
[8.503s] -- Up-to-date: /home/rasp/ros2_ws/install/micro_ros_msgs/include/micro_ros_msgs/micro_ros_msgs/msg/detail/graph__rosidl_typesupport_introspection_c.h
[8.504s] -- Installing: /home/rasp/ros2_ws/install/micro_ros_msgs/include/micro_ros_msgs/micro_ros_msgs/msg/detail/node__type_support.c
[8.504s] -- Up-to-date: /home/rasp/ros2_ws/install/micro_ros_msgs/include/micro_ros_msgs/micro_ros_msgs/msg/detail/entity__rosidl_typesupport_introspection_c.h
[8.505s] -- Up-to-date: /home/rasp/ros2_ws/install/micro_ros_msgs/include/micro_ros_msgs/micro_ros_msgs/msg/detail/node__rosidl_typesupport_introspection_c.h
[8.508s] -- Installing: /home/rasp/ros2_ws/install/micro_ros_msgs/include/micro_ros_msgs/micro_ros_msgs/msg/detail/entity__type_support.c
[8.508s] -- Up-to-date: /home/rasp/ros2_ws/install/micro_ros_msgs/include/micro_ros_msgs/micro_ros_msgs/msg/rosidl_typesupport_introspection_c__visibility_control.h
[8.516s] -- Up-to-date: /home/rasp/ros2_ws/install/micro_ros_msgs/lib/libmicro_ros_msgs__rosidl_typesupport_introspection_c.so
[8.524s] -- Up-to-date: /home/rasp/ros2_ws/install/micro_ros_msgs/lib/libmicro_ros_msgs__rosidl_typesupport_c.so
[8.527s] -- Up-to-date: /home/rasp/ros2_ws/install/micro_ros_msgs/include/micro_ros_msgs/micro_ros_msgs
[8.530s] -- Up-to-date: /home/rasp/ros2_ws/install/micro_ros_msgs/include/micro_ros_msgs/micro_ros_msgs/msg
[8.531s] -- Up-to-date: /home/rasp/ros2_ws/install/micro_ros_msgs/include/micro_ros_msgs/micro_ros_msgs/msg/rosidl_generator_cpp__visibility_control.hpp
[8.539s] -- Up-to-date: /home/rasp/ros2_ws/install/micro_ros_msgs/include/micro_ros_msgs/micro_ros_msgs/msg/entity.hpp
[8.540s] -- Up-to-date: /home/rasp/ros2_ws/install/micro_ros_msgs/include/micro_ros_msgs/micro_ros_msgs/msg/graph.hpp
[8.540s] -- Up-to-date: /home/rasp/ros2_ws/install/micro_ros_msgs/include/micro_ros_msgs/micro_ros_msgs/msg/detail
[8.541s] -- Up-to-date: /home/rasp/ros2_ws/install/micro_ros_msgs/include/micro_ros_msgs/micro_ros_msgs/msg/detail/node__struct.hpp
[8.550s] -- Up-to-date: /home/rasp/ros2_ws/install/micro_ros_msgs/include/micro_ros_msgs/micro_ros_msgs/msg/detail/entity__struct.hpp
[8.552s] -- Up-to-date: /home/rasp/ros2_ws/install/micro_ros_msgs/include/micro_ros_msgs/micro_ros_msgs/msg/detail/entity__traits.hpp
[8.554s] -- Up-to-date: /home/rasp/ros2_ws/install/micro_ros_msgs/include/micro_ros_msgs/micro_ros_msgs/msg/detail/graph__type_support.hpp
[8.556s] -- Up-to-date: /home/rasp/ros2_ws/install/micro_ros_msgs/include/micro_ros_msgs/micro_ros_msgs/msg/detail/entity__type_support.hpp
[8.557s] -- Up-to-date: /home/rasp/ros2_ws/install/micro_ros_msgs/include/micro_ros_msgs/micro_ros_msgs/msg/detail/node__traits.hpp
[8.558s] -- Up-to-date: /home/rasp/ros2_ws/install/micro_ros_msgs/include/micro_ros_msgs/micro_ros_msgs/msg/detail/node__type_support.hpp
[8.559s] -- Up-to-date: /home/rasp/ros2_ws/install/micro_ros_msgs/include/micro_ros_msgs/micro_ros_msgs/msg/detail/entity__builder.hpp
[8.560s] -- Up-to-date: /home/rasp/ros2_ws/install/micro_ros_msgs/include/micro_ros_msgs/micro_ros_msgs/msg/detail/graph__struct.hpp
[8.561s] -- Up-to-date: /home/rasp/ros2_ws/install/micro_ros_msgs/include/micro_ros_msgs/micro_ros_msgs/msg/detail/graph__builder.hpp
[8.584s] -- Up-to-date: /home/rasp/ros2_ws/install/micro_ros_msgs/include/micro_ros_msgs/micro_ros_msgs/msg/detail/graph__traits.hpp
[8.594s] -- Up-to-date: /home/rasp/ros2_ws/install/micro_ros_msgs/include/micro_ros_msgs/micro_ros_msgs/msg/detail/node__builder.hpp
[8.603s] -- Up-to-date: /home/rasp/ros2_ws/install/micro_ros_msgs/include/micro_ros_msgs/micro_ros_msgs/msg/node.hpp
[8.606s] -- Up-to-date: /home/rasp/ros2_ws/install/micro_ros_msgs/include/micro_ros_msgs/micro_ros_msgs
[8.613s] -- Up-to-date: /home/rasp/ros2_ws/install/micro_ros_msgs/include/micro_ros_msgs/micro_ros_msgs/msg
[8.618s] -- Up-to-date: /home/rasp/ros2_ws/install/micro_ros_msgs/include/micro_ros_msgs/micro_ros_msgs/msg/rosidl_typesupport_fastrtps_cpp__visibility_control.h
[8.619s] -- Up-to-date: /home/rasp/ros2_ws/install/micro_ros_msgs/include/micro_ros_msgs/micro_ros_msgs/msg/detail
[8.621s] -- Up-to-date: /home/rasp/ros2_ws/install/micro_ros_msgs/include/micro_ros_msgs/micro_ros_msgs/msg/detail/graph__rosidl_typesupport_fastrtps_cpp.hpp
[8.622s] -- Up-to-date: /home/rasp/ros2_ws/install/micro_ros_msgs/include/micro_ros_msgs/micro_ros_msgs/msg/detail/dds_fastrtps
[8.623s] -- Up-to-date: /home/rasp/ros2_ws/install/micro_ros_msgs/include/micro_ros_msgs/micro_ros_msgs/msg/detail/entity__rosidl_typesupport_fastrtps_cpp.hpp
[8.625s] -- Up-to-date: /home/rasp/ros2_ws/install/micro_ros_msgs/include/micro_ros_msgs/micro_ros_msgs/msg/detail/node__rosidl_typesupport_fastrtps_cpp.hpp
[8.626s] -- Up-to-date: /home/rasp/ros2_ws/install/micro_ros_msgs/lib/libmicro_ros_msgs__rosidl_typesupport_fastrtps_cpp.so
[8.668s] -- Up-to-date: /home/rasp/ros2_ws/install/micro_ros_msgs/include/micro_ros_msgs/micro_ros_msgs
[8.669s] -- Up-to-date: /home/rasp/ros2_ws/install/micro_ros_msgs/include/micro_ros_msgs/micro_ros_msgs/msg
[8.669s] -- Up-to-date: /home/rasp/ros2_ws/install/micro_ros_msgs/include/micro_ros_msgs/micro_ros_msgs/msg/detail
[8.671s] -- Up-to-date: /home/rasp/ros2_ws/install/micro_ros_msgs/include/micro_ros_msgs/micro_ros_msgs/msg/detail/node__type_support.cpp
[8.676s] -- Up-to-date: /home/rasp/ros2_ws/install/micro_ros_msgs/include/micro_ros_msgs/micro_ros_msgs/msg/detail/graph__type_support.cpp
[8.676s] -- Up-to-date: /home/rasp/ros2_ws/install/micro_ros_msgs/include/micro_ros_msgs/micro_ros_msgs/msg/detail/graph__rosidl_typesupport_introspection_cpp.hpp
[8.681s] -- Up-to-date: /home/rasp/ros2_ws/install/micro_ros_msgs/include/micro_ros_msgs/micro_ros_msgs/msg/detail/entity__type_support.cpp
[8.682s] -- Up-to-date: /home/rasp/ros2_ws/install/micro_ros_msgs/include/micro_ros_msgs/micro_ros_msgs/msg/detail/entity__rosidl_typesupport_introspection_cpp.hpp
[8.683s] -- Up-to-date: /home/rasp/ros2_ws/install/micro_ros_msgs/include/micro_ros_msgs/micro_ros_msgs/msg/detail/node__rosidl_typesupport_introspection_cpp.hpp
[8.689s] -- Up-to-date: /home/rasp/ros2_ws/install/micro_ros_msgs/lib/libmicro_ros_msgs__rosidl_typesupport_introspection_cpp.so
[8.696s] -- Up-to-date: /home/rasp/ros2_ws/install/micro_ros_msgs/lib/libmicro_ros_msgs__rosidl_typesupport_cpp.so
[8.704s] -- Up-to-date: /home/rasp/ros2_ws/install/micro_ros_msgs/share/micro_ros_msgs/environment/pythonpath.sh
[8.705s] -- Up-to-date: /home/rasp/ros2_ws/install/micro_ros_msgs/share/micro_ros_msgs/environment/pythonpath.dsv
[8.710s] -- Up-to-date: /home/rasp/ros2_ws/install/micro_ros_msgs/lib/python3.12/site-packages/micro_ros_msgs-5.0.2-py3.12.egg-info
[8.715s] -- Installing: /home/rasp/ros2_ws/install/micro_ros_msgs/lib/python3.12/site-packages/micro_ros_msgs-5.0.2-py3.12.egg-info/SOURCES.txt
[8.736s] -- Installing: /home/rasp/ros2_ws/install/micro_ros_msgs/lib/python3.12/site-packages/micro_ros_msgs-5.0.2-py3.12.egg-info/top_level.txt
[8.751s] -- Installing: /home/rasp/ros2_ws/install/micro_ros_msgs/lib/python3.12/site-packages/micro_ros_msgs-5.0.2-py3.12.egg-info/PKG-INFO
[8.759s] -- Installing: /home/rasp/ros2_ws/install/micro_ros_msgs/lib/python3.12/site-packages/micro_ros_msgs-5.0.2-py3.12.egg-info/dependency_links.txt
[8.779s] -- Up-to-date: /home/rasp/ros2_ws/install/micro_ros_msgs/lib/python3.12/site-packages/micro_ros_msgs
[8.785s] -- Up-to-date: /home/rasp/ros2_ws/install/micro_ros_msgs/lib/python3.12/site-packages/micro_ros_msgs/msg
[8.786s] -- Up-to-date: /home/rasp/ros2_ws/install/micro_ros_msgs/lib/python3.12/site-packages/micro_ros_msgs/msg/_graph_s.c
[8.799s] -- Up-to-date: /home/rasp/ros2_ws/install/micro_ros_msgs/lib/python3.12/site-packages/micro_ros_msgs/msg/_node_s.c
[8.800s] -- Up-to-date: /home/rasp/ros2_ws/install/micro_ros_msgs/lib/python3.12/site-packages/micro_ros_msgs/msg/_graph.py
[8.800s] -- Up-to-date: /home/rasp/ros2_ws/install/micro_ros_msgs/lib/python3.12/site-packages/micro_ros_msgs/msg/_node.py
[8.801s] -- Up-to-date: /home/rasp/ros2_ws/install/micro_ros_msgs/lib/python3.12/site-packages/micro_ros_msgs/msg/_entity.py
[8.801s] -- Up-to-date: /home/rasp/ros2_ws/install/micro_ros_msgs/lib/python3.12/site-packages/micro_ros_msgs/msg/__init__.py
[8.808s] -- Up-to-date: /home/rasp/ros2_ws/install/micro_ros_msgs/lib/python3.12/site-packages/micro_ros_msgs/msg/_entity_s.c
[8.810s] -- Up-to-date: /home/rasp/ros2_ws/install/micro_ros_msgs/lib/python3.12/site-packages/micro_ros_msgs/micro_ros_msgs_s__rosidl_typesupport_c.so
[8.810s] -- Up-to-date: /home/rasp/ros2_ws/install/micro_ros_msgs/lib/python3.12/site-packages/micro_ros_msgs/micro_ros_msgs_s__rosidl_typesupport_introspection_c.so
[8.816s] -- Up-to-date: /home/rasp/ros2_ws/install/micro_ros_msgs/lib/python3.12/site-packages/micro_ros_msgs/_micro_ros_msgs_s.ep.rosidl_typesupport_introspection_c.c
[8.816s] -- Up-to-date: /home/rasp/ros2_ws/install/micro_ros_msgs/lib/python3.12/site-packages/micro_ros_msgs/__init__.py
[8.817s] -- Up-to-date: /home/rasp/ros2_ws/install/micro_ros_msgs/lib/python3.12/site-packages/micro_ros_msgs/_micro_ros_msgs_s.ep.rosidl_typesupport_fastrtps_c.c
[8.821s] -- Up-to-date: /home/rasp/ros2_ws/install/micro_ros_msgs/lib/python3.12/site-packages/micro_ros_msgs/_micro_ros_msgs_s.ep.rosidl_typesupport_c.c
[8.821s] -- Up-to-date: /home/rasp/ros2_ws/install/micro_ros_msgs/lib/python3.12/site-packages/micro_ros_msgs/micro_ros_msgs_s__rosidl_typesupport_fastrtps_c.so
[8.988s] Listing '/home/rasp/ros2_ws/install/micro_ros_msgs/lib/python3.12/site-packages/micro_ros_msgs'...
[8.989s] Listing '/home/rasp/ros2_ws/install/micro_ros_msgs/lib/python3.12/site-packages/micro_ros_msgs/msg'...
[9.038s] -- Up-to-date: /home/rasp/ros2_ws/install/micro_ros_msgs/lib/python3.12/site-packages/micro_ros_msgs/micro_ros_msgs_s__rosidl_typesupport_fastrtps_c.so
[9.044s] -- Up-to-date: /home/rasp/ros2_ws/install/micro_ros_msgs/lib/python3.12/site-packages/micro_ros_msgs/micro_ros_msgs_s__rosidl_typesupport_introspection_c.so
[9.052s] -- Up-to-date: /home/rasp/ros2_ws/install/micro_ros_msgs/lib/python3.12/site-packages/micro_ros_msgs/micro_ros_msgs_s__rosidl_typesupport_c.so
[9.055s] -- Up-to-date: /home/rasp/ros2_ws/install/micro_ros_msgs/lib/libmicro_ros_msgs__rosidl_generator_py.so
[9.058s] -- Up-to-date: /home/rasp/ros2_ws/install/micro_ros_msgs/share/micro_ros_msgs/msg/Graph.idl
[9.061s] -- Up-to-date: /home/rasp/ros2_ws/install/micro_ros_msgs/share/micro_ros_msgs/msg/Node.idl
[9.064s] -- Up-to-date: /home/rasp/ros2_ws/install/micro_ros_msgs/share/micro_ros_msgs/msg/Entity.idl
[9.067s] -- Up-to-date: /home/rasp/ros2_ws/install/micro_ros_msgs/share/micro_ros_msgs/msg/Graph.msg
[9.067s] -- Up-to-date: /home/rasp/ros2_ws/install/micro_ros_msgs/share/micro_ros_msgs/msg/Node.msg
[9.068s] -- Up-to-date: /home/rasp/ros2_ws/install/micro_ros_msgs/share/micro_ros_msgs/msg/Entity.msg
[9.069s] -- Up-to-date: /home/rasp/ros2_ws/install/micro_ros_msgs/share/ament_index/resource_index/package_run_dependencies/micro_ros_msgs
[9.074s] -- Up-to-date: /home/rasp/ros2_ws/install/micro_ros_msgs/share/ament_index/resource_index/parent_prefix_path/micro_ros_msgs
[9.077s] -- Up-to-date: /home/rasp/ros2_ws/install/micro_ros_msgs/share/micro_ros_msgs/environment/ament_prefix_path.sh
[9.078s] -- Up-to-date: /home/rasp/ros2_ws/install/micro_ros_msgs/share/micro_ros_msgs/environment/ament_prefix_path.dsv
[9.078s] -- Up-to-date: /home/rasp/ros2_ws/install/micro_ros_msgs/share/micro_ros_msgs/environment/path.sh
[9.081s] -- Up-to-date: /home/rasp/ros2_ws/install/micro_ros_msgs/share/micro_ros_msgs/environment/path.dsv
[9.081s] -- Up-to-date: /home/rasp/ros2_ws/install/micro_ros_msgs/share/micro_ros_msgs/local_setup.bash
[9.082s] -- Up-to-date: /home/rasp/ros2_ws/install/micro_ros_msgs/share/micro_ros_msgs/local_setup.sh
[9.082s] -- Up-to-date: /home/rasp/ros2_ws/install/micro_ros_msgs/share/micro_ros_msgs/local_setup.zsh
[9.085s] -- Up-to-date: /home/rasp/ros2_ws/install/micro_ros_msgs/share/micro_ros_msgs/local_setup.dsv
[9.086s] -- Installing: /home/rasp/ros2_ws/install/micro_ros_msgs/share/micro_ros_msgs/package.dsv
[9.090s] -- Up-to-date: /home/rasp/ros2_ws/install/micro_ros_msgs/share/ament_index/resource_index/packages/micro_ros_msgs
[9.094s] -- Up-to-date: /home/rasp/ros2_ws/install/micro_ros_msgs/share/micro_ros_msgs/cmake/export_micro_ros_msgs__rosidl_generator_cExport.cmake
[9.096s] -- Up-to-date: /home/rasp/ros2_ws/install/micro_ros_msgs/share/micro_ros_msgs/cmake/export_micro_ros_msgs__rosidl_generator_cExport-noconfig.cmake
[9.100s] -- Up-to-date: /home/rasp/ros2_ws/install/micro_ros_msgs/share/micro_ros_msgs/cmake/export_micro_ros_msgs__rosidl_typesupport_fastrtps_cExport.cmake
[9.101s] -- Up-to-date: /home/rasp/ros2_ws/install/micro_ros_msgs/share/micro_ros_msgs/cmake/export_micro_ros_msgs__rosidl_typesupport_fastrtps_cExport-noconfig.cmake
[9.105s] -- Up-to-date: /home/rasp/ros2_ws/install/micro_ros_msgs/share/micro_ros_msgs/cmake/micro_ros_msgs__rosidl_typesupport_introspection_cExport.cmake
[9.107s] -- Up-to-date: /home/rasp/ros2_ws/install/micro_ros_msgs/share/micro_ros_msgs/cmake/micro_ros_msgs__rosidl_typesupport_introspection_cExport-noconfig.cmake
[9.112s] -- Up-to-date: /home/rasp/ros2_ws/install/micro_ros_msgs/share/micro_ros_msgs/cmake/micro_ros_msgs__rosidl_typesupport_cExport.cmake
[9.112s] -- Up-to-date: /home/rasp/ros2_ws/install/micro_ros_msgs/share/micro_ros_msgs/cmake/micro_ros_msgs__rosidl_typesupport_cExport-noconfig.cmake
[9.117s] -- Up-to-date: /home/rasp/ros2_ws/install/micro_ros_msgs/share/micro_ros_msgs/cmake/export_micro_ros_msgs__rosidl_generator_cppExport.cmake
[9.120s] -- Up-to-date: /home/rasp/ros2_ws/install/micro_ros_msgs/share/micro_ros_msgs/cmake/export_micro_ros_msgs__rosidl_typesupport_fastrtps_cppExport.cmake
[9.122s] -- Up-to-date: /home/rasp/ros2_ws/install/micro_ros_msgs/share/micro_ros_msgs/cmake/export_micro_ros_msgs__rosidl_typesupport_fastrtps_cppExport-noconfig.cmake
[9.126s] -- Up-to-date: /home/rasp/ros2_ws/install/micro_ros_msgs/share/micro_ros_msgs/cmake/micro_ros_msgs__rosidl_typesupport_introspection_cppExport.cmake
[9.127s] -- Up-to-date: /home/rasp/ros2_ws/install/micro_ros_msgs/share/micro_ros_msgs/cmake/micro_ros_msgs__rosidl_typesupport_introspection_cppExport-noconfig.cmake
[9.131s] -- Up-to-date: /home/rasp/ros2_ws/install/micro_ros_msgs/share/micro_ros_msgs/cmake/micro_ros_msgs__rosidl_typesupport_cppExport.cmake
[9.132s] -- Up-to-date: /home/rasp/ros2_ws/install/micro_ros_msgs/share/micro_ros_msgs/cmake/micro_ros_msgs__rosidl_typesupport_cppExport-noconfig.cmake
[9.136s] -- Up-to-date: /home/rasp/ros2_ws/install/micro_ros_msgs/share/micro_ros_msgs/cmake/export_micro_ros_msgs__rosidl_generator_pyExport.cmake
[9.137s] -- Up-to-date: /home/rasp/ros2_ws/install/micro_ros_msgs/share/micro_ros_msgs/cmake/export_micro_ros_msgs__rosidl_generator_pyExport-noconfig.cmake
[9.139s] -- Up-to-date: /home/rasp/ros2_ws/install/micro_ros_msgs/share/micro_ros_msgs/cmake/rosidl_cmake-extras.cmake
[9.140s] -- Up-to-date: /home/rasp/ros2_ws/install/micro_ros_msgs/share/micro_ros_msgs/cmake/ament_cmake_export_include_directories-extras.cmake
[9.142s] -- Up-to-date: /home/rasp/ros2_ws/install/micro_ros_msgs/share/micro_ros_msgs/cmake/ament_cmake_export_libraries-extras.cmake
[9.145s] -- Up-to-date: /home/rasp/ros2_ws/install/micro_ros_msgs/share/micro_ros_msgs/cmake/ament_cmake_export_targets-extras.cmake
[9.147s] -- Up-to-date: /home/rasp/ros2_ws/install/micro_ros_msgs/share/micro_ros_msgs/cmake/rosidl_cmake_export_typesupport_targets-extras.cmake
[9.150s] -- Up-to-date: /home/rasp/ros2_ws/install/micro_ros_msgs/share/micro_ros_msgs/cmake/ament_cmake_export_dependencies-extras.cmake
[9.150s] -- Up-to-date: /home/rasp/ros2_ws/install/micro_ros_msgs/share/micro_ros_msgs/cmake/rosidl_cmake_export_typesupport_libraries-extras.cmake
[9.153s] -- Up-to-date: /home/rasp/ros2_ws/install/micro_ros_msgs/share/micro_ros_msgs/cmake/micro_ros_msgsConfig.cmake
[9.153s] -- Up-to-date: /home/rasp/ros2_ws/install/micro_ros_msgs/share/micro_ros_msgs/cmake/micro_ros_msgsConfig-version.cmake
[9.155s] -- Up-to-date: /home/rasp/ros2_ws/install/micro_ros_msgs/share/micro_ros_msgs/package.xml
[9.168s] Invoked command in '/home/rasp/ros2_ws/build/micro_ros_msgs' returned '0': CMAKE_PREFIX_PATH=${CMAKE_PREFIX_PATH}:/home/rasp/ros2_ws/install/robot_description:/home/rasp/ros2_ws/install/gpio_nav_control:/opt/ros/jazzy /usr/bin/cmake --install /home/rasp/ros2_ws/build/micro_ros_msgs
