[0.073s] Invoking command in '/home/rasp/ros2_ws/build/robot_nav': CMAKE_PREFIX_PATH=${CMAKE_PREFIX_PATH}:/home/rasp/ros2_ws/install/robot_description:/home/rasp/ros2_ws/install/gpio_nav_control:/opt/ros/jazzy /usr/bin/cmake --build /home/rasp/ros2_ws/build/robot_nav -- -j4 -l4
[0.473s] Invoked command in '/home/rasp/ros2_ws/build/robot_nav' returned '0': CMAKE_PREFIX_PATH=${CMAKE_PREFIX_PATH}:/home/rasp/ros2_ws/install/robot_description:/home/rasp/ros2_ws/install/gpio_nav_control:/opt/ros/jazzy /usr/bin/cmake --build /home/rasp/ros2_ws/build/robot_nav -- -j4 -l4
[0.475s] Invoking command in '/home/rasp/ros2_ws/build/robot_nav': CMAKE_PREFIX_PATH=${CMAKE_PREFIX_PATH}:/home/rasp/ros2_ws/install/robot_description:/home/rasp/ros2_ws/install/gpio_nav_control:/opt/ros/jazzy /usr/bin/cmake --install /home/rasp/ros2_ws/build/robot_nav
[0.629s] -- Install configuration: ""
[0.629s] -- Up-to-date: /home/rasp/ros2_ws/install/robot_nav/share/robot_nav/launch
[0.631s] -- Up-to-date: /home/rasp/ros2_ws/install/robot_nav/share/robot_nav/launch/amcl.launch.py
[0.634s] -- Up-to-date: /home/rasp/ros2_ws/install/robot_nav/share/robot_nav/launch/localization_launch.py
[0.636s] -- Up-to-date: /home/rasp/ros2_ws/install/robot_nav/share/robot_nav/launch/bringup_launch.py
[0.638s] -- Up-to-date: /home/rasp/ros2_ws/install/robot_nav/share/robot_nav/launch/slam_launch.py
[0.639s] -- Up-to-date: /home/rasp/ros2_ws/install/robot_nav/share/robot_nav/launch/navigation_launch.py
[0.640s] -- Up-to-date: /home/rasp/ros2_ws/install/robot_nav/share/robot_nav/launch/rviz_launch.py
[0.641s] -- Up-to-date: /home/rasp/ros2_ws/install/robot_nav/share/robot_nav/map
[0.641s] -- Up-to-date: /home/rasp/ros2_ws/install/robot_nav/share/robot_nav/map/map_1741862448.yaml
[0.646s] -- Up-to-date: /home/rasp/ros2_ws/install/robot_nav/share/robot_nav/map/map_1742316237.yaml
[0.647s] -- Up-to-date: /home/rasp/ros2_ws/install/robot_nav/share/robot_nav/map/map_1742316237.pgm
[0.651s] -- Up-to-date: /home/rasp/ros2_ws/install/robot_nav/share/robot_nav/map/map_1741862448.pgm
[0.653s] -- Up-to-date: /home/rasp/ros2_ws/install/robot_nav/share/robot_nav/config
[0.654s] -- Installing: /home/rasp/ros2_ws/install/robot_nav/share/robot_nav/config/nav2_params.yaml
[0.658s] -- Up-to-date: /home/rasp/ros2_ws/install/robot_nav/share/robot_nav/config/mapper_params_online_async.yaml
[0.659s] -- Up-to-date: /home/rasp/ros2_ws/install/robot_nav/share/ament_index/resource_index/package_run_dependencies/robot_nav
[0.663s] -- Up-to-date: /home/rasp/ros2_ws/install/robot_nav/share/ament_index/resource_index/parent_prefix_path/robot_nav
[0.664s] -- Up-to-date: /home/rasp/ros2_ws/install/robot_nav/share/robot_nav/environment/ament_prefix_path.sh
[0.665s] -- Up-to-date: /home/rasp/ros2_ws/install/robot_nav/share/robot_nav/environment/ament_prefix_path.dsv
[0.670s] -- Up-to-date: /home/rasp/ros2_ws/install/robot_nav/share/robot_nav/environment/path.sh
[0.671s] -- Up-to-date: /home/rasp/ros2_ws/install/robot_nav/share/robot_nav/environment/path.dsv
[0.671s] -- Up-to-date: /home/rasp/ros2_ws/install/robot_nav/share/robot_nav/local_setup.bash
[0.676s] -- Up-to-date: /home/rasp/ros2_ws/install/robot_nav/share/robot_nav/local_setup.sh
[0.676s] -- Up-to-date: /home/rasp/ros2_ws/install/robot_nav/share/robot_nav/local_setup.zsh
[0.677s] -- Up-to-date: /home/rasp/ros2_ws/install/robot_nav/share/robot_nav/local_setup.dsv
[0.677s] -- Installing: /home/rasp/ros2_ws/install/robot_nav/share/robot_nav/package.dsv
[0.677s] -- Up-to-date: /home/rasp/ros2_ws/install/robot_nav/share/ament_index/resource_index/packages/robot_nav
[0.678s] -- Up-to-date: /home/rasp/ros2_ws/install/robot_nav/share/robot_nav/cmake/robot_navConfig.cmake
[0.678s] -- Up-to-date: /home/rasp/ros2_ws/install/robot_nav/share/robot_nav/cmake/robot_navConfig-version.cmake
[0.679s] -- Up-to-date: /home/rasp/ros2_ws/install/robot_nav/share/robot_nav/package.xml
[0.680s] Invoked command in '/home/rasp/ros2_ws/build/robot_nav' returned '0': CMAKE_PREFIX_PATH=${CMAKE_PREFIX_PATH}:/home/rasp/ros2_ws/install/robot_description:/home/rasp/ros2_ws/install/gpio_nav_control:/opt/ros/jazzy /usr/bin/cmake --install /home/rasp/ros2_ws/build/robot_nav
