[0.076s] Invoking command in '/home/rasp/ros2_ws/build/robot_nav': CMAKE_PREFIX_PATH=${CMAKE_PREFIX_PATH}:/home/rasp/ros2_ws/install/robot_description:/home/rasp/ros2_ws/install/gpio_nav_control:/opt/ros/jazzy /usr/bin/cmake --build /home/rasp/ros2_ws/build/robot_nav -- -j4 -l4
[0.787s] Invoked command in '/home/rasp/ros2_ws/build/robot_nav' returned '0': CMAKE_PREFIX_PATH=${CMAKE_PREFIX_PATH}:/home/rasp/ros2_ws/install/robot_description:/home/rasp/ros2_ws/install/gpio_nav_control:/opt/ros/jazzy /usr/bin/cmake --build /home/rasp/ros2_ws/build/robot_nav -- -j4 -l4
[0.795s] Invoking command in '/home/rasp/ros2_ws/build/robot_nav': CMAKE_PREFIX_PATH=${CMAKE_PREFIX_PATH}:/home/rasp/ros2_ws/install/robot_description:/home/rasp/ros2_ws/install/gpio_nav_control:/opt/ros/jazzy /usr/bin/cmake --install /home/rasp/ros2_ws/build/robot_nav
[0.899s] -- Install configuration: ""
[0.902s] -- Up-to-date: /home/rasp/ros2_ws/install/robot_nav/share/robot_nav/launch
[0.902s] -- Up-to-date: /home/rasp/ros2_ws/install/robot_nav/share/robot_nav/launch/amcl.launch.py
[0.905s] -- Up-to-date: /home/rasp/ros2_ws/install/robot_nav/share/robot_nav/launch/localization_launch.py
[0.905s] -- Up-to-date: /home/rasp/ros2_ws/install/robot_nav/share/robot_nav/launch/bringup_launch.py
[0.906s] -- Up-to-date: /home/rasp/ros2_ws/install/robot_nav/share/robot_nav/launch/slam_launch.py
[0.909s] -- Up-to-date: /home/rasp/ros2_ws/install/robot_nav/share/robot_nav/launch/navigation_launch.py
[0.909s] -- Up-to-date: /home/rasp/ros2_ws/install/robot_nav/share/robot_nav/launch/rviz_launch.py
[0.910s] -- Up-to-date: /home/rasp/ros2_ws/install/robot_nav/share/robot_nav/map
[0.910s] -- Up-to-date: /home/rasp/ros2_ws/install/robot_nav/share/robot_nav/map/map_1741862448.yaml
[0.911s] -- Up-to-date: /home/rasp/ros2_ws/install/robot_nav/share/robot_nav/map/map_1742316237.yaml
[0.914s] -- Up-to-date: /home/rasp/ros2_ws/install/robot_nav/share/robot_nav/map/map_1742316237.pgm
[0.915s] -- Up-to-date: /home/rasp/ros2_ws/install/robot_nav/share/robot_nav/map/map_1741862448.pgm
[0.916s] -- Up-to-date: /home/rasp/ros2_ws/install/robot_nav/share/robot_nav/config
[0.919s] -- Up-to-date: /home/rasp/ros2_ws/install/robot_nav/share/robot_nav/config/nav2_params.yaml
[0.920s] -- Up-to-date: /home/rasp/ros2_ws/install/robot_nav/share/robot_nav/config/mapper_params_online_async.yaml
[0.921s] -- Up-to-date: /home/rasp/ros2_ws/install/robot_nav/share/ament_index/resource_index/package_run_dependencies/robot_nav
[0.922s] -- Up-to-date: /home/rasp/ros2_ws/install/robot_nav/share/ament_index/resource_index/parent_prefix_path/robot_nav
[0.925s] -- Up-to-date: /home/rasp/ros2_ws/install/robot_nav/share/robot_nav/environment/ament_prefix_path.sh
[0.928s] -- Up-to-date: /home/rasp/ros2_ws/install/robot_nav/share/robot_nav/environment/ament_prefix_path.dsv
[0.928s] -- Up-to-date: /home/rasp/ros2_ws/install/robot_nav/share/robot_nav/environment/path.sh
[0.929s] -- Up-to-date: /home/rasp/ros2_ws/install/robot_nav/share/robot_nav/environment/path.dsv
[0.933s] -- Up-to-date: /home/rasp/ros2_ws/install/robot_nav/share/robot_nav/local_setup.bash
[0.934s] -- Up-to-date: /home/rasp/ros2_ws/install/robot_nav/share/robot_nav/local_setup.sh
[0.934s] -- Up-to-date: /home/rasp/ros2_ws/install/robot_nav/share/robot_nav/local_setup.zsh
[0.939s] -- Up-to-date: /home/rasp/ros2_ws/install/robot_nav/share/robot_nav/local_setup.dsv
[0.940s] -- Installing: /home/rasp/ros2_ws/install/robot_nav/share/robot_nav/package.dsv
[0.941s] -- Up-to-date: /home/rasp/ros2_ws/install/robot_nav/share/ament_index/resource_index/packages/robot_nav
[0.941s] -- Up-to-date: /home/rasp/ros2_ws/install/robot_nav/share/robot_nav/cmake/robot_navConfig.cmake
[0.968s] -- Up-to-date: /home/rasp/ros2_ws/install/robot_nav/share/robot_nav/cmake/robot_navConfig-version.cmake
[0.971s] -- Up-to-date: /home/rasp/ros2_ws/install/robot_nav/share/robot_nav/package.xml
[0.980s] Invoked command in '/home/rasp/ros2_ws/build/robot_nav' returned '0': CMAKE_PREFIX_PATH=${CMAKE_PREFIX_PATH}:/home/rasp/ros2_ws/install/robot_description:/home/rasp/ros2_ws/install/gpio_nav_control:/opt/ros/jazzy /usr/bin/cmake --install /home/rasp/ros2_ws/build/robot_nav
