[8.592s] Invoking command in '/home/rasp/ros2_ws/src/gpio_nav_control': PYTHONPATH=/home/rasp/ros2_ws/build/gpio_nav_control/prefix_override:/usr/lib/python3/dist-packages/colcon_core/task/python/colcon_distutils_commands:/home/rasp/ros2_ws/install/gpio_nav_control/lib/python3.12/site-packages:${PYTHONPATH} /usr/bin/python3 -W ignore:setup.py install is deprecated -W ignore:easy_install command is deprecated setup.py egg_info --egg-base ../../build/gpio_nav_control build --build-base /home/rasp/ros2_ws/build/gpio_nav_control/build install --record /home/rasp/ros2_ws/build/gpio_nav_control/install.log --single-version-externally-managed install_data
[10.407s] running egg_info
[10.603s] writing ../../build/gpio_nav_control/gpio_nav_control.egg-info/PKG-INFO
[10.606s] writing dependency_links to ../../build/gpio_nav_control/gpio_nav_control.egg-info/dependency_links.txt
[10.607s] writing entry points to ../../build/gpio_nav_control/gpio_nav_control.egg-info/entry_points.txt
[10.607s] writing requirements to ../../build/gpio_nav_control/gpio_nav_control.egg-info/requires.txt
[10.608s] writing top-level names to ../../build/gpio_nav_control/gpio_nav_control.egg-info/top_level.txt
[10.952s] reading manifest file '../../build/gpio_nav_control/gpio_nav_control.egg-info/SOURCES.txt'
[10.957s] writing manifest file '../../build/gpio_nav_control/gpio_nav_control.egg-info/SOURCES.txt'
[10.958s] running build
[10.959s] running build_py
[10.960s] running install
[10.990s] running install_lib
[11.136s] running install_data
[11.137s] running install_egg_info
[11.272s] removing '/home/rasp/ros2_ws/install/gpio_nav_control/lib/python3.12/site-packages/gpio_nav_control-0.0.1-py3.12.egg-info' (and everything under it)
[11.274s] Copying ../../build/gpio_nav_control/gpio_nav_control.egg-info to /home/rasp/ros2_ws/install/gpio_nav_control/lib/python3.12/site-packages/gpio_nav_control-0.0.1-py3.12.egg-info
[11.281s] running install_scripts
[12.297s] Installing button_control script to /home/rasp/ros2_ws/install/gpio_nav_control/lib/gpio_nav_control
[12.299s] writing list of installed files to '/home/rasp/ros2_ws/build/gpio_nav_control/install.log'
[12.463s] Invoked command in '/home/rasp/ros2_ws/src/gpio_nav_control' returned '0': PYTHONPATH=/home/rasp/ros2_ws/build/gpio_nav_control/prefix_override:/usr/lib/python3/dist-packages/colcon_core/task/python/colcon_distutils_commands:/home/rasp/ros2_ws/install/gpio_nav_control/lib/python3.12/site-packages:${PYTHONPATH} /usr/bin/python3 -W ignore:setup.py install is deprecated -W ignore:easy_install command is deprecated setup.py egg_info --egg-base ../../build/gpio_nav_control build --build-base /home/rasp/ros2_ws/build/gpio_nav_control/build install --record /home/rasp/ros2_ws/build/gpio_nav_control/install.log --single-version-externally-managed install_data
