[8.165s] Invoking command in '/home/rasp/ros2_ws/src/gpio_nav_control': PYTHONPATH=/home/rasp/ros2_ws/build/gpio_nav_control/prefix_override:/usr/lib/python3/dist-packages/colcon_core/task/python/colcon_distutils_commands:/home/rasp/ros2_ws/install/gpio_nav_control/lib/python3.12/site-packages:${PYTHONPATH} /usr/bin/python3 -W ignore:setup.py install is deprecated -W ignore:easy_install command is deprecated setup.py egg_info --egg-base ../../build/gpio_nav_control build --build-base /home/rasp/ros2_ws/build/gpio_nav_control/build install --record /home/rasp/ros2_ws/build/gpio_nav_control/install.log --single-version-externally-managed install_data
[9.808s] running egg_info
[9.964s] writing ../../build/gpio_nav_control/gpio_nav_control.egg-info/PKG-INFO
[9.966s] writing dependency_links to ../../build/gpio_nav_control/gpio_nav_control.egg-info/dependency_links.txt
[9.967s] writing entry points to ../../build/gpio_nav_control/gpio_nav_control.egg-info/entry_points.txt
[9.968s] writing requirements to ../../build/gpio_nav_control/gpio_nav_control.egg-info/requires.txt
[9.969s] writing top-level names to ../../build/gpio_nav_control/gpio_nav_control.egg-info/top_level.txt
[10.378s] reading manifest file '../../build/gpio_nav_control/gpio_nav_control.egg-info/SOURCES.txt'
[10.382s] writing manifest file '../../build/gpio_nav_control/gpio_nav_control.egg-info/SOURCES.txt'
[10.383s] running build
[10.384s] running build_py
[10.385s] copying gpio_nav_control/button_control.py -> /home/rasp/ros2_ws/build/gpio_nav_control/build/lib/gpio_nav_control
[10.387s] running install
[10.421s] running install_lib
[10.559s] copying /home/rasp/ros2_ws/build/gpio_nav_control/build/lib/gpio_nav_control/button_control.py -> /home/rasp/ros2_ws/install/gpio_nav_control/lib/python3.12/site-packages/gpio_nav_control
[10.562s] byte-compiling /home/rasp/ros2_ws/install/gpio_nav_control/lib/python3.12/site-packages/gpio_nav_control/button_control.py to button_control.cpython-312.pyc
[10.570s] running install_data
[10.571s] running install_egg_info
[10.712s] removing '/home/rasp/ros2_ws/install/gpio_nav_control/lib/python3.12/site-packages/gpio_nav_control-0.0.1-py3.12.egg-info' (and everything under it)
[10.714s] Copying ../../build/gpio_nav_control/gpio_nav_control.egg-info to /home/rasp/ros2_ws/install/gpio_nav_control/lib/python3.12/site-packages/gpio_nav_control-0.0.1-py3.12.egg-info
[10.721s] running install_scripts
[11.707s] Installing button_control script to /home/rasp/ros2_ws/install/gpio_nav_control/lib/gpio_nav_control
[11.709s] writing list of installed files to '/home/rasp/ros2_ws/build/gpio_nav_control/install.log'
[11.866s] Invoked command in '/home/rasp/ros2_ws/src/gpio_nav_control' returned '0': PYTHONPATH=/home/rasp/ros2_ws/build/gpio_nav_control/prefix_override:/usr/lib/python3/dist-packages/colcon_core/task/python/colcon_distutils_commands:/home/rasp/ros2_ws/install/gpio_nav_control/lib/python3.12/site-packages:${PYTHONPATH} /usr/bin/python3 -W ignore:setup.py install is deprecated -W ignore:easy_install command is deprecated setup.py egg_info --egg-base ../../build/gpio_nav_control build --build-base /home/rasp/ros2_ws/build/gpio_nav_control/build install --record /home/rasp/ros2_ws/build/gpio_nav_control/install.log --single-version-externally-managed install_data
