[0.083s] Invoking command in '/home/rasp/ros2_ws/build/robot_nav': CMAKE_PREFIX_PATH=${CMAKE_PREFIX_PATH}:/home/rasp/ros2_ws/install/robot_description:/home/rasp/ros2_ws/install/gpio_nav_control:/opt/ros/jazzy /usr/bin/cmake --build /home/rasp/ros2_ws/build/robot_nav -- -j4 -l4
[0.606s] Invoked command in '/home/rasp/ros2_ws/build/robot_nav' returned '0': CMAKE_PREFIX_PATH=${CMAKE_PREFIX_PATH}:/home/rasp/ros2_ws/install/robot_description:/home/rasp/ros2_ws/install/gpio_nav_control:/opt/ros/jazzy /usr/bin/cmake --build /home/rasp/ros2_ws/build/robot_nav -- -j4 -l4
[0.616s] Invoking command in '/home/rasp/ros2_ws/build/robot_nav': CMAKE_PREFIX_PATH=${CMAKE_PREFIX_PATH}:/home/rasp/ros2_ws/install/robot_description:/home/rasp/ros2_ws/install/gpio_nav_control:/opt/ros/jazzy /usr/bin/cmake --install /home/rasp/ros2_ws/build/robot_nav
[0.689s] -- Install configuration: ""
[0.689s] -- Up-to-date: /home/rasp/ros2_ws/install/robot_nav/share/robot_nav/launch
[0.697s] -- Up-to-date: /home/rasp/ros2_ws/install/robot_nav/share/robot_nav/launch/amcl.launch.py
[0.698s] -- Up-to-date: /home/rasp/ros2_ws/install/robot_nav/share/robot_nav/launch/localization_launch.py
[0.698s] -- Up-to-date: /home/rasp/ros2_ws/install/robot_nav/share/robot_nav/launch/bringup_launch.py
[0.699s] -- Up-to-date: /home/rasp/ros2_ws/install/robot_nav/share/robot_nav/launch/slam_launch.py
[0.699s] -- Up-to-date: /home/rasp/ros2_ws/install/robot_nav/share/robot_nav/launch/navigation_launch.py
[0.705s] -- Up-to-date: /home/rasp/ros2_ws/install/robot_nav/share/robot_nav/launch/rviz_launch.py
[0.706s] -- Up-to-date: /home/rasp/ros2_ws/install/robot_nav/share/robot_nav/map
[0.707s] -- Up-to-date: /home/rasp/ros2_ws/install/robot_nav/share/robot_nav/map/map_1741862448.yaml
[0.707s] -- Up-to-date: /home/rasp/ros2_ws/install/robot_nav/share/robot_nav/map/map_1742316237.yaml
[0.709s] -- Up-to-date: /home/rasp/ros2_ws/install/robot_nav/share/robot_nav/map/map_1742316237.pgm
[0.709s] -- Up-to-date: /home/rasp/ros2_ws/install/robot_nav/share/robot_nav/map/map_1741862448.pgm
[0.710s] -- Up-to-date: /home/rasp/ros2_ws/install/robot_nav/share/robot_nav/config
[0.716s] -- Up-to-date: /home/rasp/ros2_ws/install/robot_nav/share/robot_nav/config/nav2_params.yaml
[0.716s] -- Up-to-date: /home/rasp/ros2_ws/install/robot_nav/share/robot_nav/config/mapper_params_online_async.yaml
[0.719s] -- Up-to-date: /home/rasp/ros2_ws/install/robot_nav/share/ament_index/resource_index/package_run_dependencies/robot_nav
[0.722s] -- Up-to-date: /home/rasp/ros2_ws/install/robot_nav/share/ament_index/resource_index/parent_prefix_path/robot_nav
[0.723s] -- Up-to-date: /home/rasp/ros2_ws/install/robot_nav/share/robot_nav/environment/ament_prefix_path.sh
[0.724s] -- Up-to-date: /home/rasp/ros2_ws/install/robot_nav/share/robot_nav/environment/ament_prefix_path.dsv
[0.724s] -- Up-to-date: /home/rasp/ros2_ws/install/robot_nav/share/robot_nav/environment/path.sh
[0.727s] -- Up-to-date: /home/rasp/ros2_ws/install/robot_nav/share/robot_nav/environment/path.dsv
[0.728s] -- Up-to-date: /home/rasp/ros2_ws/install/robot_nav/share/robot_nav/local_setup.bash
[0.729s] -- Up-to-date: /home/rasp/ros2_ws/install/robot_nav/share/robot_nav/local_setup.sh
[0.733s] -- Up-to-date: /home/rasp/ros2_ws/install/robot_nav/share/robot_nav/local_setup.zsh
[0.735s] -- Up-to-date: /home/rasp/ros2_ws/install/robot_nav/share/robot_nav/local_setup.dsv
[0.736s] -- Installing: /home/rasp/ros2_ws/install/robot_nav/share/robot_nav/package.dsv
[0.737s] -- Up-to-date: /home/rasp/ros2_ws/install/robot_nav/share/ament_index/resource_index/packages/robot_nav
[0.741s] -- Up-to-date: /home/rasp/ros2_ws/install/robot_nav/share/robot_nav/cmake/robot_navConfig.cmake
[0.742s] -- Up-to-date: /home/rasp/ros2_ws/install/robot_nav/share/robot_nav/cmake/robot_navConfig-version.cmake
[0.743s] -- Up-to-date: /home/rasp/ros2_ws/install/robot_nav/share/robot_nav/package.xml
[0.760s] Invoked command in '/home/rasp/ros2_ws/build/robot_nav' returned '0': CMAKE_PREFIX_PATH=${CMAKE_PREFIX_PATH}:/home/rasp/ros2_ws/install/robot_description:/home/rasp/ros2_ws/install/gpio_nav_control:/opt/ros/jazzy /usr/bin/cmake --install /home/rasp/ros2_ws/build/robot_nav
