[0.148s] Invoking command in '/home/rasp/ros2_ws/build/micro_ros_msgs': CMAKE_PREFIX_PATH=${CMAKE_PREFIX_PATH}:/home/rasp/ros2_ws/install/robot_description:/home/rasp/ros2_ws/install/gpio_nav_control:/opt/ros/jazzy /usr/bin/cmake --build /home/rasp/ros2_ws/build/micro_ros_msgs -- -j4 -l4
[2.065s] [  1%] Built target micro_ros_msgs__rosidl_generator_type_description
[2.065s] [  1%] Built target ament_cmake_python_copy_micro_ros_msgs
[2.066s] [  3%] Built target micro_ros_msgs__cpp
[2.066s] [ 24%] Built target micro_ros_msgs__rosidl_generator_c
[2.067s] [ 33%] Built target micro_ros_msgs__rosidl_typesupport_fastrtps_cpp
[2.068s] [ 42%] Built target micro_ros_msgs__rosidl_typesupport_introspection_cpp
[2.069s] [ 51%] Built target micro_ros_msgs__rosidl_typesupport_cpp
[2.069s] [ 61%] Built target micro_ros_msgs__rosidl_typesupport_fastrtps_c
[2.070s] [ 70%] Built target micro_ros_msgs__rosidl_typesupport_c
[2.073s] [ 79%] Built target micro_ros_msgs__rosidl_typesupport_introspection_c
[2.084s] [ 79%] Built target micro_ros_msgs
[2.084s] [ 81%] Built target micro_ros_msgs__py
[2.281s] [ 88%] Built target micro_ros_msgs__rosidl_generator_py
[2.564s] running egg_info
[2.731s] [ 92%] Built target micro_ros_msgs_s__rosidl_typesupport_introspection_c
[2.739s] [ 96%] Built target micro_ros_msgs_s__rosidl_typesupport_fastrtps_c
[2.955s] [100%] Built target micro_ros_msgs_s__rosidl_typesupport_c
[3.297s] writing micro_ros_msgs.egg-info/PKG-INFO
[3.299s] writing dependency_links to micro_ros_msgs.egg-info/dependency_links.txt
[3.309s] writing top-level names to micro_ros_msgs.egg-info/top_level.txt
[4.497s] reading manifest file 'micro_ros_msgs.egg-info/SOURCES.txt'
[4.500s] writing manifest file 'micro_ros_msgs.egg-info/SOURCES.txt'
[4.755s] [100%] Built target ament_cmake_python_build_micro_ros_msgs_egg
[5.549s] Invoked command in '/home/rasp/ros2_ws/build/micro_ros_msgs' returned '0': CMAKE_PREFIX_PATH=${CMAKE_PREFIX_PATH}:/home/rasp/ros2_ws/install/robot_description:/home/rasp/ros2_ws/install/gpio_nav_control:/opt/ros/jazzy /usr/bin/cmake --build /home/rasp/ros2_ws/build/micro_ros_msgs -- -j4 -l4
[5.555s] Invoking command in '/home/rasp/ros2_ws/build/micro_ros_msgs': CMAKE_PREFIX_PATH=${CMAKE_PREFIX_PATH}:/home/rasp/ros2_ws/install/robot_description:/home/rasp/ros2_ws/install/gpio_nav_control:/opt/ros/jazzy /usr/bin/cmake --install /home/rasp/ros2_ws/build/micro_ros_msgs
[5.843s] -- Install configuration: ""
[5.844s] -- Up-to-date: /home/rasp/ros2_ws/install/micro_ros_msgs/share/ament_index/resource_index/rosidl_interfaces/micro_ros_msgs
[5.845s] -- Up-to-date: /home/rasp/ros2_ws/install/micro_ros_msgs/share/micro_ros_msgs/msg/Graph.json
[5.849s] -- Up-to-date: /home/rasp/ros2_ws/install/micro_ros_msgs/share/micro_ros_msgs/msg/Node.json
[5.851s] -- Up-to-date: /home/rasp/ros2_ws/install/micro_ros_msgs/share/micro_ros_msgs/msg/Entity.json
[5.858s] -- Up-to-date: /home/rasp/ros2_ws/install/micro_ros_msgs/include/micro_ros_msgs/micro_ros_msgs
[5.860s] -- Up-to-date: /home/rasp/ros2_ws/install/micro_ros_msgs/include/micro_ros_msgs/micro_ros_msgs/msg
[5.879s] -- Up-to-date: /home/rasp/ros2_ws/install/micro_ros_msgs/include/micro_ros_msgs/micro_ros_msgs/msg/rosidl_generator_c__visibility_control.h
[5.880s] -- Up-to-date: /home/rasp/ros2_ws/install/micro_ros_msgs/include/micro_ros_msgs/micro_ros_msgs/msg/graph.h
[5.881s] -- Up-to-date: /home/rasp/ros2_ws/install/micro_ros_msgs/include/micro_ros_msgs/micro_ros_msgs/msg/detail
[5.882s] -- Installing: /home/rasp/ros2_ws/install/micro_ros_msgs/include/micro_ros_msgs/micro_ros_msgs/msg/detail/graph__type_support.c
[5.901s] -- Up-to-date: /home/rasp/ros2_ws/install/micro_ros_msgs/include/micro_ros_msgs/micro_ros_msgs/msg/detail/entity__type_support.h
[5.902s] -- Up-to-date: /home/rasp/ros2_ws/install/micro_ros_msgs/include/micro_ros_msgs/micro_ros_msgs/msg/detail/graph__type_support.h
[5.903s] -- Up-to-date: /home/rasp/ros2_ws/install/micro_ros_msgs/include/micro_ros_msgs/micro_ros_msgs/msg/detail/entity__description.c
[5.903s] -- Up-to-date: /home/rasp/ros2_ws/install/micro_ros_msgs/include/micro_ros_msgs/micro_ros_msgs/msg/detail/graph__functions.c
[5.904s] -- Up-to-date: /home/rasp/ros2_ws/install/micro_ros_msgs/include/micro_ros_msgs/micro_ros_msgs/msg/detail/graph__struct.h
[5.907s] -- Up-to-date: /home/rasp/ros2_ws/install/micro_ros_msgs/include/micro_ros_msgs/micro_ros_msgs/msg/detail/node__struct.h
[5.910s] -- Up-to-date: /home/rasp/ros2_ws/install/micro_ros_msgs/include/micro_ros_msgs/micro_ros_msgs/msg/detail/node__functions.c
[5.918s] -- Up-to-date: /home/rasp/ros2_ws/install/micro_ros_msgs/include/micro_ros_msgs/micro_ros_msgs/msg/detail/graph__functions.h
[5.919s] -- Up-to-date: /home/rasp/ros2_ws/install/micro_ros_msgs/include/micro_ros_msgs/micro_ros_msgs/msg/detail/entity__functions.h
[5.920s] -- Up-to-date: /home/rasp/ros2_ws/install/micro_ros_msgs/include/micro_ros_msgs/micro_ros_msgs/msg/detail/node__type_support.h
[5.924s] -- Up-to-date: /home/rasp/ros2_ws/install/micro_ros_msgs/include/micro_ros_msgs/micro_ros_msgs/msg/detail/entity__struct.h
[5.924s] -- Installing: /home/rasp/ros2_ws/install/micro_ros_msgs/include/micro_ros_msgs/micro_ros_msgs/msg/detail/node__type_support.c
[5.925s] -- Up-to-date: /home/rasp/ros2_ws/install/micro_ros_msgs/include/micro_ros_msgs/micro_ros_msgs/msg/detail/graph__description.c
[5.926s] -- Up-to-date: /home/rasp/ros2_ws/install/micro_ros_msgs/include/micro_ros_msgs/micro_ros_msgs/msg/detail/entity__functions.c
[5.933s] -- Installing: /home/rasp/ros2_ws/install/micro_ros_msgs/include/micro_ros_msgs/micro_ros_msgs/msg/detail/entity__type_support.c
[5.934s] -- Up-to-date: /home/rasp/ros2_ws/install/micro_ros_msgs/include/micro_ros_msgs/micro_ros_msgs/msg/detail/node__description.c
[5.935s] -- Up-to-date: /home/rasp/ros2_ws/install/micro_ros_msgs/include/micro_ros_msgs/micro_ros_msgs/msg/detail/node__functions.h
[5.935s] -- Up-to-date: /home/rasp/ros2_ws/install/micro_ros_msgs/include/micro_ros_msgs/micro_ros_msgs/msg/node.h
[5.939s] -- Up-to-date: /home/rasp/ros2_ws/install/micro_ros_msgs/include/micro_ros_msgs/micro_ros_msgs/msg/entity.h
[5.940s] -- Up-to-date: /home/rasp/ros2_ws/install/micro_ros_msgs/share/micro_ros_msgs/environment/library_path.sh
[5.941s] -- Up-to-date: /home/rasp/ros2_ws/install/micro_ros_msgs/share/micro_ros_msgs/environment/library_path.dsv
[5.963s] -- Up-to-date: /home/rasp/ros2_ws/install/micro_ros_msgs/lib/libmicro_ros_msgs__rosidl_generator_c.so
[5.965s] -- Up-to-date: /home/rasp/ros2_ws/install/micro_ros_msgs/include/micro_ros_msgs/micro_ros_msgs
[5.965s] -- Up-to-date: /home/rasp/ros2_ws/install/micro_ros_msgs/include/micro_ros_msgs/micro_ros_msgs/msg
[5.967s] -- Up-to-date: /home/rasp/ros2_ws/install/micro_ros_msgs/include/micro_ros_msgs/micro_ros_msgs/msg/rosidl_typesupport_fastrtps_c__visibility_control.h
[5.967s] -- Up-to-date: /home/rasp/ros2_ws/install/micro_ros_msgs/include/micro_ros_msgs/micro_ros_msgs/msg/detail
[5.968s] -- Up-to-date: /home/rasp/ros2_ws/install/micro_ros_msgs/include/micro_ros_msgs/micro_ros_msgs/msg/detail/node__rosidl_typesupport_fastrtps_c.h
[5.969s] -- Up-to-date: /home/rasp/ros2_ws/install/micro_ros_msgs/include/micro_ros_msgs/micro_ros_msgs/msg/detail/entity__rosidl_typesupport_fastrtps_c.h
[5.973s] -- Up-to-date: /home/rasp/ros2_ws/install/micro_ros_msgs/include/micro_ros_msgs/micro_ros_msgs/msg/detail/graph__rosidl_typesupport_fastrtps_c.h
[5.973s] -- Up-to-date: /home/rasp/ros2_ws/install/micro_ros_msgs/lib/libmicro_ros_msgs__rosidl_typesupport_fastrtps_c.so
[5.974s] -- Up-to-date: /home/rasp/ros2_ws/install/micro_ros_msgs/include/micro_ros_msgs/micro_ros_msgs
[5.995s] -- Up-to-date: /home/rasp/ros2_ws/install/micro_ros_msgs/include/micro_ros_msgs/micro_ros_msgs/msg
[5.997s] -- Up-to-date: /home/rasp/ros2_ws/install/micro_ros_msgs/include/micro_ros_msgs/micro_ros_msgs/msg/detail
[5.999s] -- Installing: /home/rasp/ros2_ws/install/micro_ros_msgs/include/micro_ros_msgs/micro_ros_msgs/msg/detail/graph__type_support.c
[6.000s] -- Up-to-date: /home/rasp/ros2_ws/install/micro_ros_msgs/include/micro_ros_msgs/micro_ros_msgs/msg/detail/graph__rosidl_typesupport_introspection_c.h
[6.004s] -- Installing: /home/rasp/ros2_ws/install/micro_ros_msgs/include/micro_ros_msgs/micro_ros_msgs/msg/detail/node__type_support.c
[6.006s] -- Up-to-date: /home/rasp/ros2_ws/install/micro_ros_msgs/include/micro_ros_msgs/micro_ros_msgs/msg/detail/entity__rosidl_typesupport_introspection_c.h
[6.013s] -- Up-to-date: /home/rasp/ros2_ws/install/micro_ros_msgs/include/micro_ros_msgs/micro_ros_msgs/msg/detail/node__rosidl_typesupport_introspection_c.h
[6.014s] -- Installing: /home/rasp/ros2_ws/install/micro_ros_msgs/include/micro_ros_msgs/micro_ros_msgs/msg/detail/entity__type_support.c
[6.015s] -- Up-to-date: /home/rasp/ros2_ws/install/micro_ros_msgs/include/micro_ros_msgs/micro_ros_msgs/msg/rosidl_typesupport_introspection_c__visibility_control.h
[6.028s] -- Up-to-date: /home/rasp/ros2_ws/install/micro_ros_msgs/lib/libmicro_ros_msgs__rosidl_typesupport_introspection_c.so
[6.029s] -- Up-to-date: /home/rasp/ros2_ws/install/micro_ros_msgs/lib/libmicro_ros_msgs__rosidl_typesupport_c.so
[6.029s] -- Up-to-date: /home/rasp/ros2_ws/install/micro_ros_msgs/include/micro_ros_msgs/micro_ros_msgs
[6.030s] -- Up-to-date: /home/rasp/ros2_ws/install/micro_ros_msgs/include/micro_ros_msgs/micro_ros_msgs/msg
[6.036s] -- Up-to-date: /home/rasp/ros2_ws/install/micro_ros_msgs/include/micro_ros_msgs/micro_ros_msgs/msg/rosidl_generator_cpp__visibility_control.hpp
[6.043s] -- Up-to-date: /home/rasp/ros2_ws/install/micro_ros_msgs/include/micro_ros_msgs/micro_ros_msgs/msg/entity.hpp
[6.044s] -- Up-to-date: /home/rasp/ros2_ws/install/micro_ros_msgs/include/micro_ros_msgs/micro_ros_msgs/msg/graph.hpp
[6.045s] -- Up-to-date: /home/rasp/ros2_ws/install/micro_ros_msgs/include/micro_ros_msgs/micro_ros_msgs/msg/detail
[6.046s] -- Up-to-date: /home/rasp/ros2_ws/install/micro_ros_msgs/include/micro_ros_msgs/micro_ros_msgs/msg/detail/node__struct.hpp
[6.049s] -- Up-to-date: /home/rasp/ros2_ws/install/micro_ros_msgs/include/micro_ros_msgs/micro_ros_msgs/msg/detail/entity__struct.hpp
[6.050s] -- Up-to-date: /home/rasp/ros2_ws/install/micro_ros_msgs/include/micro_ros_msgs/micro_ros_msgs/msg/detail/entity__traits.hpp
[6.051s] -- Up-to-date: /home/rasp/ros2_ws/install/micro_ros_msgs/include/micro_ros_msgs/micro_ros_msgs/msg/detail/graph__type_support.hpp
[6.051s] -- Up-to-date: /home/rasp/ros2_ws/install/micro_ros_msgs/include/micro_ros_msgs/micro_ros_msgs/msg/detail/entity__type_support.hpp
[6.052s] -- Up-to-date: /home/rasp/ros2_ws/install/micro_ros_msgs/include/micro_ros_msgs/micro_ros_msgs/msg/detail/node__traits.hpp
[6.059s] -- Up-to-date: /home/rasp/ros2_ws/install/micro_ros_msgs/include/micro_ros_msgs/micro_ros_msgs/msg/detail/node__type_support.hpp
[6.060s] -- Up-to-date: /home/rasp/ros2_ws/install/micro_ros_msgs/include/micro_ros_msgs/micro_ros_msgs/msg/detail/entity__builder.hpp
[6.061s] -- Up-to-date: /home/rasp/ros2_ws/install/micro_ros_msgs/include/micro_ros_msgs/micro_ros_msgs/msg/detail/graph__struct.hpp
[6.061s] -- Up-to-date: /home/rasp/ros2_ws/install/micro_ros_msgs/include/micro_ros_msgs/micro_ros_msgs/msg/detail/graph__builder.hpp
[6.062s] -- Up-to-date: /home/rasp/ros2_ws/install/micro_ros_msgs/include/micro_ros_msgs/micro_ros_msgs/msg/detail/graph__traits.hpp
[6.073s] -- Up-to-date: /home/rasp/ros2_ws/install/micro_ros_msgs/include/micro_ros_msgs/micro_ros_msgs/msg/detail/node__builder.hpp
[6.075s] -- Up-to-date: /home/rasp/ros2_ws/install/micro_ros_msgs/include/micro_ros_msgs/micro_ros_msgs/msg/node.hpp
[6.086s] -- Up-to-date: /home/rasp/ros2_ws/install/micro_ros_msgs/include/micro_ros_msgs/micro_ros_msgs
[6.087s] -- Up-to-date: /home/rasp/ros2_ws/install/micro_ros_msgs/include/micro_ros_msgs/micro_ros_msgs/msg
[6.088s] -- Up-to-date: /home/rasp/ros2_ws/install/micro_ros_msgs/include/micro_ros_msgs/micro_ros_msgs/msg/rosidl_typesupport_fastrtps_cpp__visibility_control.h
[6.088s] -- Up-to-date: /home/rasp/ros2_ws/install/micro_ros_msgs/include/micro_ros_msgs/micro_ros_msgs/msg/detail
[6.089s] -- Up-to-date: /home/rasp/ros2_ws/install/micro_ros_msgs/include/micro_ros_msgs/micro_ros_msgs/msg/detail/graph__rosidl_typesupport_fastrtps_cpp.hpp
[6.093s] -- Up-to-date: /home/rasp/ros2_ws/install/micro_ros_msgs/include/micro_ros_msgs/micro_ros_msgs/msg/detail/dds_fastrtps
[6.097s] -- Up-to-date: /home/rasp/ros2_ws/install/micro_ros_msgs/include/micro_ros_msgs/micro_ros_msgs/msg/detail/entity__rosidl_typesupport_fastrtps_cpp.hpp
[6.098s] -- Up-to-date: /home/rasp/ros2_ws/install/micro_ros_msgs/include/micro_ros_msgs/micro_ros_msgs/msg/detail/node__rosidl_typesupport_fastrtps_cpp.hpp
[6.099s] -- Up-to-date: /home/rasp/ros2_ws/install/micro_ros_msgs/lib/libmicro_ros_msgs__rosidl_typesupport_fastrtps_cpp.so
[6.103s] -- Up-to-date: /home/rasp/ros2_ws/install/micro_ros_msgs/include/micro_ros_msgs/micro_ros_msgs
[6.103s] -- Up-to-date: /home/rasp/ros2_ws/install/micro_ros_msgs/include/micro_ros_msgs/micro_ros_msgs/msg
[6.105s] -- Up-to-date: /home/rasp/ros2_ws/install/micro_ros_msgs/include/micro_ros_msgs/micro_ros_msgs/msg/detail
[6.106s] -- Up-to-date: /home/rasp/ros2_ws/install/micro_ros_msgs/include/micro_ros_msgs/micro_ros_msgs/msg/detail/node__type_support.cpp
[6.109s] -- Up-to-date: /home/rasp/ros2_ws/install/micro_ros_msgs/include/micro_ros_msgs/micro_ros_msgs/msg/detail/graph__type_support.cpp
[6.110s] -- Up-to-date: /home/rasp/ros2_ws/install/micro_ros_msgs/include/micro_ros_msgs/micro_ros_msgs/msg/detail/graph__rosidl_typesupport_introspection_cpp.hpp
[6.115s] -- Up-to-date: /home/rasp/ros2_ws/install/micro_ros_msgs/include/micro_ros_msgs/micro_ros_msgs/msg/detail/entity__type_support.cpp
[6.116s] -- Up-to-date: /home/rasp/ros2_ws/install/micro_ros_msgs/include/micro_ros_msgs/micro_ros_msgs/msg/detail/entity__rosidl_typesupport_introspection_cpp.hpp
[6.117s] -- Up-to-date: /home/rasp/ros2_ws/install/micro_ros_msgs/include/micro_ros_msgs/micro_ros_msgs/msg/detail/node__rosidl_typesupport_introspection_cpp.hpp
[6.121s] -- Up-to-date: /home/rasp/ros2_ws/install/micro_ros_msgs/lib/libmicro_ros_msgs__rosidl_typesupport_introspection_cpp.so
[6.121s] -- Up-to-date: /home/rasp/ros2_ws/install/micro_ros_msgs/lib/libmicro_ros_msgs__rosidl_typesupport_cpp.so
[6.122s] -- Up-to-date: /home/rasp/ros2_ws/install/micro_ros_msgs/share/micro_ros_msgs/environment/pythonpath.sh
[6.123s] -- Up-to-date: /home/rasp/ros2_ws/install/micro_ros_msgs/share/micro_ros_msgs/environment/pythonpath.dsv
[6.123s] -- Up-to-date: /home/rasp/ros2_ws/install/micro_ros_msgs/lib/python3.12/site-packages/micro_ros_msgs-5.0.2-py3.12.egg-info
[6.127s] -- Installing: /home/rasp/ros2_ws/install/micro_ros_msgs/lib/python3.12/site-packages/micro_ros_msgs-5.0.2-py3.12.egg-info/SOURCES.txt
[6.128s] -- Installing: /home/rasp/ros2_ws/install/micro_ros_msgs/lib/python3.12/site-packages/micro_ros_msgs-5.0.2-py3.12.egg-info/top_level.txt
[6.128s] -- Installing: /home/rasp/ros2_ws/install/micro_ros_msgs/lib/python3.12/site-packages/micro_ros_msgs-5.0.2-py3.12.egg-info/PKG-INFO
[6.129s] -- Installing: /home/rasp/ros2_ws/install/micro_ros_msgs/lib/python3.12/site-packages/micro_ros_msgs-5.0.2-py3.12.egg-info/dependency_links.txt
[6.133s] -- Up-to-date: /home/rasp/ros2_ws/install/micro_ros_msgs/lib/python3.12/site-packages/micro_ros_msgs
[6.135s] -- Up-to-date: /home/rasp/ros2_ws/install/micro_ros_msgs/lib/python3.12/site-packages/micro_ros_msgs/msg
[6.136s] -- Up-to-date: /home/rasp/ros2_ws/install/micro_ros_msgs/lib/python3.12/site-packages/micro_ros_msgs/msg/_graph_s.c
[6.141s] -- Up-to-date: /home/rasp/ros2_ws/install/micro_ros_msgs/lib/python3.12/site-packages/micro_ros_msgs/msg/_node_s.c
[6.143s] -- Up-to-date: /home/rasp/ros2_ws/install/micro_ros_msgs/lib/python3.12/site-packages/micro_ros_msgs/msg/_graph.py
[6.145s] -- Up-to-date: /home/rasp/ros2_ws/install/micro_ros_msgs/lib/python3.12/site-packages/micro_ros_msgs/msg/_node.py
[6.146s] -- Up-to-date: /home/rasp/ros2_ws/install/micro_ros_msgs/lib/python3.12/site-packages/micro_ros_msgs/msg/_entity.py
[6.148s] -- Up-to-date: /home/rasp/ros2_ws/install/micro_ros_msgs/lib/python3.12/site-packages/micro_ros_msgs/msg/__init__.py
[6.149s] -- Up-to-date: /home/rasp/ros2_ws/install/micro_ros_msgs/lib/python3.12/site-packages/micro_ros_msgs/msg/_entity_s.c
[6.151s] -- Up-to-date: /home/rasp/ros2_ws/install/micro_ros_msgs/lib/python3.12/site-packages/micro_ros_msgs/micro_ros_msgs_s__rosidl_typesupport_c.so
[6.152s] -- Up-to-date: /home/rasp/ros2_ws/install/micro_ros_msgs/lib/python3.12/site-packages/micro_ros_msgs/micro_ros_msgs_s__rosidl_typesupport_introspection_c.so
[6.156s] -- Up-to-date: /home/rasp/ros2_ws/install/micro_ros_msgs/lib/python3.12/site-packages/micro_ros_msgs/_micro_ros_msgs_s.ep.rosidl_typesupport_introspection_c.c
[6.157s] -- Up-to-date: /home/rasp/ros2_ws/install/micro_ros_msgs/lib/python3.12/site-packages/micro_ros_msgs/__init__.py
[6.160s] -- Up-to-date: /home/rasp/ros2_ws/install/micro_ros_msgs/lib/python3.12/site-packages/micro_ros_msgs/_micro_ros_msgs_s.ep.rosidl_typesupport_fastrtps_c.c
[6.162s] -- Up-to-date: /home/rasp/ros2_ws/install/micro_ros_msgs/lib/python3.12/site-packages/micro_ros_msgs/_micro_ros_msgs_s.ep.rosidl_typesupport_c.c
[6.167s] -- Up-to-date: /home/rasp/ros2_ws/install/micro_ros_msgs/lib/python3.12/site-packages/micro_ros_msgs/micro_ros_msgs_s__rosidl_typesupport_fastrtps_c.so
[6.168s] Listing '/home/rasp/ros2_ws/install/micro_ros_msgs/lib/python3.12/site-packages/micro_ros_msgs'...
[6.172s] Listing '/home/rasp/ros2_ws/install/micro_ros_msgs/lib/python3.12/site-packages/micro_ros_msgs/msg'...
[6.173s] -- Up-to-date: /home/rasp/ros2_ws/install/micro_ros_msgs/lib/python3.12/site-packages/micro_ros_msgs/micro_ros_msgs_s__rosidl_typesupport_fastrtps_c.so
[6.177s] -- Up-to-date: /home/rasp/ros2_ws/install/micro_ros_msgs/lib/python3.12/site-packages/micro_ros_msgs/micro_ros_msgs_s__rosidl_typesupport_introspection_c.so
[6.178s] -- Up-to-date: /home/rasp/ros2_ws/install/micro_ros_msgs/lib/python3.12/site-packages/micro_ros_msgs/micro_ros_msgs_s__rosidl_typesupport_c.so
[6.179s] -- Up-to-date: /home/rasp/ros2_ws/install/micro_ros_msgs/lib/libmicro_ros_msgs__rosidl_generator_py.so
[6.180s] -- Up-to-date: /home/rasp/ros2_ws/install/micro_ros_msgs/share/micro_ros_msgs/msg/Graph.idl
[6.184s] -- Up-to-date: /home/rasp/ros2_ws/install/micro_ros_msgs/share/micro_ros_msgs/msg/Node.idl
[6.185s] -- Up-to-date: /home/rasp/ros2_ws/install/micro_ros_msgs/share/micro_ros_msgs/msg/Entity.idl
[6.185s] -- Up-to-date: /home/rasp/ros2_ws/install/micro_ros_msgs/share/micro_ros_msgs/msg/Graph.msg
[6.186s] -- Up-to-date: /home/rasp/ros2_ws/install/micro_ros_msgs/share/micro_ros_msgs/msg/Node.msg
[6.187s] -- Up-to-date: /home/rasp/ros2_ws/install/micro_ros_msgs/share/micro_ros_msgs/msg/Entity.msg
[6.187s] -- Up-to-date: /home/rasp/ros2_ws/install/micro_ros_msgs/share/ament_index/resource_index/package_run_dependencies/micro_ros_msgs
[6.191s] -- Up-to-date: /home/rasp/ros2_ws/install/micro_ros_msgs/share/ament_index/resource_index/parent_prefix_path/micro_ros_msgs
[6.192s] -- Up-to-date: /home/rasp/ros2_ws/install/micro_ros_msgs/share/micro_ros_msgs/environment/ament_prefix_path.sh
[6.192s] -- Up-to-date: /home/rasp/ros2_ws/install/micro_ros_msgs/share/micro_ros_msgs/environment/ament_prefix_path.dsv
[6.193s] -- Up-to-date: /home/rasp/ros2_ws/install/micro_ros_msgs/share/micro_ros_msgs/environment/path.sh
[6.196s] -- Up-to-date: /home/rasp/ros2_ws/install/micro_ros_msgs/share/micro_ros_msgs/environment/path.dsv
[6.198s] -- Up-to-date: /home/rasp/ros2_ws/install/micro_ros_msgs/share/micro_ros_msgs/local_setup.bash
[6.199s] -- Up-to-date: /home/rasp/ros2_ws/install/micro_ros_msgs/share/micro_ros_msgs/local_setup.sh
[6.203s] -- Up-to-date: /home/rasp/ros2_ws/install/micro_ros_msgs/share/micro_ros_msgs/local_setup.zsh
[6.204s] -- Up-to-date: /home/rasp/ros2_ws/install/micro_ros_msgs/share/micro_ros_msgs/local_setup.dsv
[6.204s] -- Installing: /home/rasp/ros2_ws/install/micro_ros_msgs/share/micro_ros_msgs/package.dsv
[6.205s] -- Up-to-date: /home/rasp/ros2_ws/install/micro_ros_msgs/share/ament_index/resource_index/packages/micro_ros_msgs
[6.206s] -- Up-to-date: /home/rasp/ros2_ws/install/micro_ros_msgs/share/micro_ros_msgs/cmake/export_micro_ros_msgs__rosidl_generator_cExport.cmake
[6.206s] -- Up-to-date: /home/rasp/ros2_ws/install/micro_ros_msgs/share/micro_ros_msgs/cmake/export_micro_ros_msgs__rosidl_generator_cExport-noconfig.cmake
[6.214s] -- Up-to-date: /home/rasp/ros2_ws/install/micro_ros_msgs/share/micro_ros_msgs/cmake/export_micro_ros_msgs__rosidl_typesupport_fastrtps_cExport.cmake
[6.214s] -- Up-to-date: /home/rasp/ros2_ws/install/micro_ros_msgs/share/micro_ros_msgs/cmake/export_micro_ros_msgs__rosidl_typesupport_fastrtps_cExport-noconfig.cmake
[6.215s] -- Up-to-date: /home/rasp/ros2_ws/install/micro_ros_msgs/share/micro_ros_msgs/cmake/micro_ros_msgs__rosidl_typesupport_introspection_cExport.cmake
[6.215s] -- Up-to-date: /home/rasp/ros2_ws/install/micro_ros_msgs/share/micro_ros_msgs/cmake/micro_ros_msgs__rosidl_typesupport_introspection_cExport-noconfig.cmake
[6.216s] -- Up-to-date: /home/rasp/ros2_ws/install/micro_ros_msgs/share/micro_ros_msgs/cmake/micro_ros_msgs__rosidl_typesupport_cExport.cmake
[6.220s] -- Up-to-date: /home/rasp/ros2_ws/install/micro_ros_msgs/share/micro_ros_msgs/cmake/micro_ros_msgs__rosidl_typesupport_cExport-noconfig.cmake
[6.221s] -- Up-to-date: /home/rasp/ros2_ws/install/micro_ros_msgs/share/micro_ros_msgs/cmake/export_micro_ros_msgs__rosidl_generator_cppExport.cmake
[6.221s] -- Up-to-date: /home/rasp/ros2_ws/install/micro_ros_msgs/share/micro_ros_msgs/cmake/export_micro_ros_msgs__rosidl_typesupport_fastrtps_cppExport.cmake
[6.229s] -- Up-to-date: /home/rasp/ros2_ws/install/micro_ros_msgs/share/micro_ros_msgs/cmake/export_micro_ros_msgs__rosidl_typesupport_fastrtps_cppExport-noconfig.cmake
[6.230s] -- Up-to-date: /home/rasp/ros2_ws/install/micro_ros_msgs/share/micro_ros_msgs/cmake/micro_ros_msgs__rosidl_typesupport_introspection_cppExport.cmake
[6.230s] -- Up-to-date: /home/rasp/ros2_ws/install/micro_ros_msgs/share/micro_ros_msgs/cmake/micro_ros_msgs__rosidl_typesupport_introspection_cppExport-noconfig.cmake
[6.231s] -- Up-to-date: /home/rasp/ros2_ws/install/micro_ros_msgs/share/micro_ros_msgs/cmake/micro_ros_msgs__rosidl_typesupport_cppExport.cmake
[6.231s] -- Up-to-date: /home/rasp/ros2_ws/install/micro_ros_msgs/share/micro_ros_msgs/cmake/micro_ros_msgs__rosidl_typesupport_cppExport-noconfig.cmake
[6.232s] -- Up-to-date: /home/rasp/ros2_ws/install/micro_ros_msgs/share/micro_ros_msgs/cmake/export_micro_ros_msgs__rosidl_generator_pyExport.cmake
[6.232s] -- Up-to-date: /home/rasp/ros2_ws/install/micro_ros_msgs/share/micro_ros_msgs/cmake/export_micro_ros_msgs__rosidl_generator_pyExport-noconfig.cmake
[6.239s] -- Up-to-date: /home/rasp/ros2_ws/install/micro_ros_msgs/share/micro_ros_msgs/cmake/rosidl_cmake-extras.cmake
[6.240s] -- Up-to-date: /home/rasp/ros2_ws/install/micro_ros_msgs/share/micro_ros_msgs/cmake/ament_cmake_export_include_directories-extras.cmake
[6.240s] -- Up-to-date: /home/rasp/ros2_ws/install/micro_ros_msgs/share/micro_ros_msgs/cmake/ament_cmake_export_libraries-extras.cmake
[6.241s] -- Up-to-date: /home/rasp/ros2_ws/install/micro_ros_msgs/share/micro_ros_msgs/cmake/ament_cmake_export_targets-extras.cmake
[6.244s] -- Up-to-date: /home/rasp/ros2_ws/install/micro_ros_msgs/share/micro_ros_msgs/cmake/rosidl_cmake_export_typesupport_targets-extras.cmake
[6.245s] -- Up-to-date: /home/rasp/ros2_ws/install/micro_ros_msgs/share/micro_ros_msgs/cmake/ament_cmake_export_dependencies-extras.cmake
[6.246s] -- Up-to-date: /home/rasp/ros2_ws/install/micro_ros_msgs/share/micro_ros_msgs/cmake/rosidl_cmake_export_typesupport_libraries-extras.cmake
[6.246s] -- Up-to-date: /home/rasp/ros2_ws/install/micro_ros_msgs/share/micro_ros_msgs/cmake/micro_ros_msgsConfig.cmake
[6.247s] -- Up-to-date: /home/rasp/ros2_ws/install/micro_ros_msgs/share/micro_ros_msgs/cmake/micro_ros_msgsConfig-version.cmake
[6.250s] -- Up-to-date: /home/rasp/ros2_ws/install/micro_ros_msgs/share/micro_ros_msgs/package.xml
[6.251s] Invoked command in '/home/rasp/ros2_ws/build/micro_ros_msgs' returned '0': CMAKE_PREFIX_PATH=${CMAKE_PREFIX_PATH}:/home/rasp/ros2_ws/install/robot_description:/home/rasp/ros2_ws/install/gpio_nav_control:/opt/ros/jazzy /usr/bin/cmake --install /home/rasp/ros2_ws/build/micro_ros_msgs
