[7.336s] Invoking command in '/home/rasp/ros2_ws/src/gpio_nav_control': PYTHONPATH=/home/rasp/ros2_ws/build/gpio_nav_control/prefix_override:/usr/lib/python3/dist-packages/colcon_core/task/python/colcon_distutils_commands:/home/rasp/ros2_ws/install/gpio_nav_control/lib/python3.12/site-packages:${PYTHONPATH} /usr/bin/python3 -W ignore:setup.py install is deprecated -W ignore:easy_install command is deprecated setup.py egg_info --egg-base ../../build/gpio_nav_control build --build-base /home/rasp/ros2_ws/build/gpio_nav_control/build install --record /home/rasp/ros2_ws/build/gpio_nav_control/install.log --single-version-externally-managed install_data
[8.811s] running egg_info
[8.813s] creating ../../build/gpio_nav_control/gpio_nav_control.egg-info
[8.926s] writing ../../build/gpio_nav_control/gpio_nav_control.egg-info/PKG-INFO
[8.927s] writing dependency_links to ../../build/gpio_nav_control/gpio_nav_control.egg-info/dependency_links.txt
[8.928s] writing entry points to ../../build/gpio_nav_control/gpio_nav_control.egg-info/entry_points.txt
[8.929s] writing requirements to ../../build/gpio_nav_control/gpio_nav_control.egg-info/requires.txt
[8.929s] writing top-level names to ../../build/gpio_nav_control/gpio_nav_control.egg-info/top_level.txt
[8.930s] writing manifest file '../../build/gpio_nav_control/gpio_nav_control.egg-info/SOURCES.txt'
[9.144s] reading manifest file '../../build/gpio_nav_control/gpio_nav_control.egg-info/SOURCES.txt'
[9.147s] writing manifest file '../../build/gpio_nav_control/gpio_nav_control.egg-info/SOURCES.txt'
[9.147s] running build
[9.148s] running build_py
[9.149s] creating /home/rasp/ros2_ws/build/gpio_nav_control/build
[9.149s] creating /home/rasp/ros2_ws/build/gpio_nav_control/build/lib
[9.150s] creating /home/rasp/ros2_ws/build/gpio_nav_control/build/lib/gpio_nav_control
[9.150s] copying gpio_nav_control/button_control.py -> /home/rasp/ros2_ws/build/gpio_nav_control/build/lib/gpio_nav_control
[9.151s] copying gpio_nav_control/__init__.py -> /home/rasp/ros2_ws/build/gpio_nav_control/build/lib/gpio_nav_control
[9.152s] running install
[9.177s] running install_lib
[9.277s] creating /home/rasp/ros2_ws/install/gpio_nav_control/lib/python3.12/site-packages/gpio_nav_control
[9.278s] copying /home/rasp/ros2_ws/build/gpio_nav_control/build/lib/gpio_nav_control/button_control.py -> /home/rasp/ros2_ws/install/gpio_nav_control/lib/python3.12/site-packages/gpio_nav_control
[9.279s] copying /home/rasp/ros2_ws/build/gpio_nav_control/build/lib/gpio_nav_control/__init__.py -> /home/rasp/ros2_ws/install/gpio_nav_control/lib/python3.12/site-packages/gpio_nav_control
[9.281s] byte-compiling /home/rasp/ros2_ws/install/gpio_nav_control/lib/python3.12/site-packages/gpio_nav_control/button_control.py to button_control.cpython-312.pyc
[9.288s] byte-compiling /home/rasp/ros2_ws/install/gpio_nav_control/lib/python3.12/site-packages/gpio_nav_control/__init__.py to __init__.cpython-312.pyc
[9.290s] running install_data
[9.290s] creating /home/rasp/ros2_ws/install/gpio_nav_control/share/ament_index
[9.291s] creating /home/rasp/ros2_ws/install/gpio_nav_control/share/ament_index/resource_index
[9.292s] creating /home/rasp/ros2_ws/install/gpio_nav_control/share/ament_index/resource_index/packages
[9.292s] copying resource/gpio_nav_control -> /home/rasp/ros2_ws/install/gpio_nav_control/share/ament_index/resource_index/packages
[9.293s] copying package.xml -> /home/rasp/ros2_ws/install/gpio_nav_control/share/gpio_nav_control
[9.293s] running install_egg_info
[9.400s] Copying ../../build/gpio_nav_control/gpio_nav_control.egg-info to /home/rasp/ros2_ws/install/gpio_nav_control/lib/python3.12/site-packages/gpio_nav_control-0.0.1-py3.12.egg-info
[9.406s] running install_scripts
[10.150s] Installing button_control script to /home/rasp/ros2_ws/install/gpio_nav_control/lib/gpio_nav_control
[10.151s] writing list of installed files to '/home/rasp/ros2_ws/build/gpio_nav_control/install.log'
[10.307s] Invoked command in '/home/rasp/ros2_ws/src/gpio_nav_control' returned '0': PYTHONPATH=/home/rasp/ros2_ws/build/gpio_nav_control/prefix_override:/usr/lib/python3/dist-packages/colcon_core/task/python/colcon_distutils_commands:/home/rasp/ros2_ws/install/gpio_nav_control/lib/python3.12/site-packages:${PYTHONPATH} /usr/bin/python3 -W ignore:setup.py install is deprecated -W ignore:easy_install command is deprecated setup.py egg_info --egg-base ../../build/gpio_nav_control build --build-base /home/rasp/ros2_ws/build/gpio_nav_control/build install --record /home/rasp/ros2_ws/build/gpio_nav_control/install.log --single-version-externally-managed install_data
