[0.060s] Invoking command in '/home/rasp/ros2_ws/build/sllidar_ros2': CMAKE_PREFIX_PATH=${CMAKE_PREFIX_PATH}:/home/rasp/ros2_ws/install/robot_description:/home/rasp/ros2_ws/install/gpio_nav_control:/opt/ros/jazzy /usr/bin/cmake --build /home/rasp/ros2_ws/build/sllidar_ros2 -- -j4 -l4
[0.664s] [ 10%] Built target sllidar_client
[0.709s] [100%] Built target sllidar_node
[0.835s] Invoked command in '/home/rasp/ros2_ws/build/sllidar_ros2' returned '0': CMAKE_PREFIX_PATH=${CMAKE_PREFIX_PATH}:/home/rasp/ros2_ws/install/robot_description:/home/rasp/ros2_ws/install/gpio_nav_control:/opt/ros/jazzy /usr/bin/cmake --build /home/rasp/ros2_ws/build/sllidar_ros2 -- -j4 -l4
[0.837s] Invoking command in '/home/rasp/ros2_ws/build/sllidar_ros2': CMAKE_PREFIX_PATH=${CMAKE_PREFIX_PATH}:/home/rasp/ros2_ws/install/robot_description:/home/rasp/ros2_ws/install/gpio_nav_control:/opt/ros/jazzy /usr/bin/cmake --install /home/rasp/ros2_ws/build/sllidar_ros2
[0.962s] -- Install configuration: ""
[0.964s] -- Up-to-date: /home/rasp/ros2_ws/install/sllidar_ros2/share/sllidar_ros2/launch
[0.967s] -- Up-to-date: /home/rasp/ros2_ws/install/sllidar_ros2/share/sllidar_ros2/launch/sllidar_a2m12_launch .py
[0.967s] -- Up-to-date: /home/rasp/ros2_ws/install/sllidar_ros2/share/sllidar_ros2/launch/sllidar_s2e_launch.py
[0.968s] -- Up-to-date: /home/rasp/ros2_ws/install/sllidar_ros2/share/sllidar_ros2/launch/sllidar_t1_launch.py
[0.969s] -- Up-to-date: /home/rasp/ros2_ws/install/sllidar_ros2/share/sllidar_ros2/launch/view_sllidar_a1_launch.py
[0.971s] -- Up-to-date: /home/rasp/ros2_ws/install/sllidar_ros2/share/sllidar_ros2/launch/view_sllidar_s1_tcp_launch.py
[0.972s] -- Up-to-date: /home/rasp/ros2_ws/install/sllidar_ros2/share/sllidar_ros2/launch/view_sllidar_s2e_launch.py
[0.973s] -- Up-to-date: /home/rasp/ros2_ws/install/sllidar_ros2/share/sllidar_ros2/launch/view_sllidar_a2m12_launch.py
[0.977s] -- Up-to-date: /home/rasp/ros2_ws/install/sllidar_ros2/share/sllidar_ros2/launch/sllidar_a1_launch.py
[0.978s] -- Up-to-date: /home/rasp/ros2_ws/install/sllidar_ros2/share/sllidar_ros2/launch/sllidar_s3_launch.py
[0.979s] -- Up-to-date: /home/rasp/ros2_ws/install/sllidar_ros2/share/sllidar_ros2/launch/sllidar_a2m7_launch.py
[0.979s] -- Up-to-date: /home/rasp/ros2_ws/install/sllidar_ros2/share/sllidar_ros2/launch/view_sllidar_a2m7_launch.py
[0.980s] -- Up-to-date: /home/rasp/ros2_ws/install/sllidar_ros2/share/sllidar_ros2/launch/view_sllidar_a2m8_launch.py
[0.980s] -- Up-to-date: /home/rasp/ros2_ws/install/sllidar_ros2/share/sllidar_ros2/launch/view_sllidar_s3_launch.py
[0.981s] -- Up-to-date: /home/rasp/ros2_ws/install/sllidar_ros2/share/sllidar_ros2/launch/sllidar_a3_launch.py
[0.981s] -- Up-to-date: /home/rasp/ros2_ws/install/sllidar_ros2/share/sllidar_ros2/launch/view_sllidar_t1_launch.py
[0.985s] -- Up-to-date: /home/rasp/ros2_ws/install/sllidar_ros2/share/sllidar_ros2/launch/view_sllidar_s1_launch.py
[0.986s] -- Up-to-date: /home/rasp/ros2_ws/install/sllidar_ros2/share/sllidar_ros2/launch/view_sllidar_s2_launch.py
[0.990s] -- Up-to-date: /home/rasp/ros2_ws/install/sllidar_ros2/share/sllidar_ros2/launch/view_sllidar_a3_launch.py
[0.995s] -- Up-to-date: /home/rasp/ros2_ws/install/sllidar_ros2/share/sllidar_ros2/launch/sllidar_s1_launch.py
[1.000s] -- Up-to-date: /home/rasp/ros2_ws/install/sllidar_ros2/share/sllidar_ros2/launch/sllidar_c1_launch.py
[1.002s] -- Up-to-date: /home/rasp/ros2_ws/install/sllidar_ros2/share/sllidar_ros2/launch/sllidar_s1_tcp_launch.py
[1.006s] -- Up-to-date: /home/rasp/ros2_ws/install/sllidar_ros2/share/sllidar_ros2/launch/view_sllidar_c1_launch.py
[1.008s] -- Up-to-date: /home/rasp/ros2_ws/install/sllidar_ros2/share/sllidar_ros2/launch/sllidar_a2m8_launch.py
[1.008s] -- Up-to-date: /home/rasp/ros2_ws/install/sllidar_ros2/share/sllidar_ros2/launch/sllidar_s2_launch.py
[1.010s] -- Up-to-date: /home/rasp/ros2_ws/install/sllidar_ros2/share/sllidar_ros2/rviz
[1.012s] -- Up-to-date: /home/rasp/ros2_ws/install/sllidar_ros2/share/sllidar_ros2/rviz/sllidar_ros2.rviz
[1.019s] -- Up-to-date: /home/rasp/ros2_ws/install/sllidar_ros2/lib/sllidar_ros2/sllidar_node
[1.020s] -- Up-to-date: /home/rasp/ros2_ws/install/sllidar_ros2/lib/sllidar_ros2/sllidar_client
[1.021s] -- Up-to-date: /home/rasp/ros2_ws/install/sllidar_ros2/share/ament_index/resource_index/package_run_dependencies/sllidar_ros2
[1.025s] -- Up-to-date: /home/rasp/ros2_ws/install/sllidar_ros2/share/ament_index/resource_index/parent_prefix_path/sllidar_ros2
[1.026s] -- Up-to-date: /home/rasp/ros2_ws/install/sllidar_ros2/share/sllidar_ros2/environment/ament_prefix_path.sh
[1.027s] -- Up-to-date: /home/rasp/ros2_ws/install/sllidar_ros2/share/sllidar_ros2/environment/ament_prefix_path.dsv
[1.028s] -- Up-to-date: /home/rasp/ros2_ws/install/sllidar_ros2/share/sllidar_ros2/environment/path.sh
[1.031s] -- Up-to-date: /home/rasp/ros2_ws/install/sllidar_ros2/share/sllidar_ros2/environment/path.dsv
[1.032s] -- Up-to-date: /home/rasp/ros2_ws/install/sllidar_ros2/share/sllidar_ros2/local_setup.bash
[1.048s] -- Up-to-date: /home/rasp/ros2_ws/install/sllidar_ros2/share/sllidar_ros2/local_setup.sh
[1.049s] -- Up-to-date: /home/rasp/ros2_ws/install/sllidar_ros2/share/sllidar_ros2/local_setup.zsh
[1.050s] -- Up-to-date: /home/rasp/ros2_ws/install/sllidar_ros2/share/sllidar_ros2/local_setup.dsv
[1.063s] -- Installing: /home/rasp/ros2_ws/install/sllidar_ros2/share/sllidar_ros2/package.dsv
[1.063s] -- Up-to-date: /home/rasp/ros2_ws/install/sllidar_ros2/share/ament_index/resource_index/packages/sllidar_ros2
[1.064s] -- Up-to-date: /home/rasp/ros2_ws/install/sllidar_ros2/share/sllidar_ros2/cmake/ament_cmake_export_dependencies-extras.cmake
[1.064s] -- Up-to-date: /home/rasp/ros2_ws/install/sllidar_ros2/share/sllidar_ros2/cmake/ament_cmake_export_include_directories-extras.cmake
[1.065s] -- Up-to-date: /home/rasp/ros2_ws/install/sllidar_ros2/share/sllidar_ros2/cmake/sllidar_ros2Config.cmake
[1.078s] -- Up-to-date: /home/rasp/ros2_ws/install/sllidar_ros2/share/sllidar_ros2/cmake/sllidar_ros2Config-version.cmake
[1.079s] -- Up-to-date: /home/rasp/ros2_ws/install/sllidar_ros2/share/sllidar_ros2/package.xml
[1.080s] Invoked command in '/home/rasp/ros2_ws/build/sllidar_ros2' returned '0': CMAKE_PREFIX_PATH=${CMAKE_PREFIX_PATH}:/home/rasp/ros2_ws/install/robot_description:/home/rasp/ros2_ws/install/gpio_nav_control:/opt/ros/jazzy /usr/bin/cmake --install /home/rasp/ros2_ws/build/sllidar_ros2
