[5.126s] Invoking command in '/home/rasp/ros2_ws/src/robot_description': PYTHONPATH=/home/rasp/ros2_ws/build/robot_description/prefix_override:/usr/lib/python3/dist-packages/colcon_core/task/python/colcon_distutils_commands:/home/rasp/ros2_ws/install/robot_description/lib/python3.12/site-packages:${PYTHONPATH} /usr/bin/python3 -W ignore:setup.py install is deprecated -W ignore:easy_install command is deprecated setup.py egg_info --egg-base ../../build/robot_description build --build-base /home/rasp/ros2_ws/build/robot_description/build install --record /home/rasp/ros2_ws/build/robot_description/install.log --single-version-externally-managed install_data
[6.459s] running egg_info
[6.563s] writing ../../build/robot_description/robot_description.egg-info/PKG-INFO
[6.565s] writing dependency_links to ../../build/robot_description/robot_description.egg-info/dependency_links.txt
[6.567s] writing requirements to ../../build/robot_description/robot_description.egg-info/requires.txt
[6.567s] writing top-level names to ../../build/robot_description/robot_description.egg-info/top_level.txt
[6.841s] reading manifest file '../../build/robot_description/robot_description.egg-info/SOURCES.txt'
[6.848s] writing manifest file '../../build/robot_description/robot_description.egg-info/SOURCES.txt'
[6.849s] running build
[6.850s] running build_py
[6.855s] running install
[6.888s] running install_lib
[6.999s] running install_data
[7.002s] copying launch/bringupAll.launch.py -> /home/rasp/ros2_ws/install/robot_description/share/robot_description/launch
[7.007s] running install_egg_info
[7.103s] removing '/home/rasp/ros2_ws/install/robot_description/lib/python3.12/site-packages/robot_description-0.0.0-py3.12.egg-info' (and everything under it)
[7.105s] Copying ../../build/robot_description/robot_description.egg-info to /home/rasp/ros2_ws/install/robot_description/lib/python3.12/site-packages/robot_description-0.0.0-py3.12.egg-info
[7.110s] running install_scripts
[7.760s] writing list of installed files to '/home/rasp/ros2_ws/build/robot_description/install.log'
[7.901s] Invoked command in '/home/rasp/ros2_ws/src/robot_description' returned '0': PYTHONPATH=/home/rasp/ros2_ws/build/robot_description/prefix_override:/usr/lib/python3/dist-packages/colcon_core/task/python/colcon_distutils_commands:/home/rasp/ros2_ws/install/robot_description/lib/python3.12/site-packages:${PYTHONPATH} /usr/bin/python3 -W ignore:setup.py install is deprecated -W ignore:easy_install command is deprecated setup.py egg_info --egg-base ../../build/robot_description build --build-base /home/rasp/ros2_ws/build/robot_description/build install --record /home/rasp/ros2_ws/build/robot_description/install.log --single-version-externally-managed install_data
