[0.171s] Invoking command in '/home/rasp/ros2_ws/build/micro_ros_msgs': CMAKE_PREFIX_PATH=${CMAKE_PREFIX_PATH}:/home/rasp/ros2_ws/install/robot_description:/home/rasp/ros2_ws/install/gpio_nav_control:/opt/ros/jazzy /usr/bin/cmake --build /home/rasp/ros2_ws/build/micro_ros_msgs -- -j4 -l4
[1.874s] [  1%] Built target micro_ros_msgs__rosidl_generator_type_description
[1.875s] [  1%] Built target ament_cmake_python_copy_micro_ros_msgs
[1.876s] [  3%] Built target micro_ros_msgs__cpp
[1.880s] [ 24%] Built target micro_ros_msgs__rosidl_generator_c
[1.880s] [ 33%] Built target micro_ros_msgs__rosidl_typesupport_fastrtps_cpp
[1.881s] [ 42%] Built target micro_ros_msgs__rosidl_typesupport_cpp
[1.883s] [ 51%] Built target micro_ros_msgs__rosidl_typesupport_introspection_cpp
[2.288s] [ 61%] Built target micro_ros_msgs__rosidl_typesupport_fastrtps_c
[2.297s] [ 70%] Built target micro_ros_msgs__rosidl_typesupport_introspection_c
[2.330s] [ 79%] Built target micro_ros_msgs__rosidl_typesupport_c
[2.661s] [ 79%] Built target micro_ros_msgs
[3.148s] [ 81%] Built target micro_ros_msgs__py
[3.781s] [ 88%] Built target micro_ros_msgs__rosidl_generator_py
[4.077s] running egg_info
[4.262s] [ 92%] Built target micro_ros_msgs_s__rosidl_typesupport_c
[4.362s] [ 96%] Built target micro_ros_msgs_s__rosidl_typesupport_fastrtps_c
[4.402s] [100%] Built target micro_ros_msgs_s__rosidl_typesupport_introspection_c
[4.584s] writing micro_ros_msgs.egg-info/PKG-INFO
[4.584s] writing dependency_links to micro_ros_msgs.egg-info/dependency_links.txt
[4.585s] writing top-level names to micro_ros_msgs.egg-info/top_level.txt
[5.186s] reading manifest file 'micro_ros_msgs.egg-info/SOURCES.txt'
[5.191s] writing manifest file 'micro_ros_msgs.egg-info/SOURCES.txt'
[5.409s] [100%] Built target ament_cmake_python_build_micro_ros_msgs_egg
[6.273s] Invoked command in '/home/rasp/ros2_ws/build/micro_ros_msgs' returned '0': CMAKE_PREFIX_PATH=${CMAKE_PREFIX_PATH}:/home/rasp/ros2_ws/install/robot_description:/home/rasp/ros2_ws/install/gpio_nav_control:/opt/ros/jazzy /usr/bin/cmake --build /home/rasp/ros2_ws/build/micro_ros_msgs -- -j4 -l4
[6.285s] Invoking command in '/home/rasp/ros2_ws/build/micro_ros_msgs': CMAKE_PREFIX_PATH=${CMAKE_PREFIX_PATH}:/home/rasp/ros2_ws/install/robot_description:/home/rasp/ros2_ws/install/gpio_nav_control:/opt/ros/jazzy /usr/bin/cmake --install /home/rasp/ros2_ws/build/micro_ros_msgs
[6.356s] -- Install configuration: ""
[6.361s] -- Up-to-date: /home/rasp/ros2_ws/install/micro_ros_msgs/share/ament_index/resource_index/rosidl_interfaces/micro_ros_msgs
[6.368s] -- Up-to-date: /home/rasp/ros2_ws/install/micro_ros_msgs/share/micro_ros_msgs/msg/Graph.json
[6.369s] -- Up-to-date: /home/rasp/ros2_ws/install/micro_ros_msgs/share/micro_ros_msgs/msg/Node.json
[6.369s] -- Up-to-date: /home/rasp/ros2_ws/install/micro_ros_msgs/share/micro_ros_msgs/msg/Entity.json
[6.377s] -- Up-to-date: /home/rasp/ros2_ws/install/micro_ros_msgs/include/micro_ros_msgs/micro_ros_msgs
[6.378s] -- Up-to-date: /home/rasp/ros2_ws/install/micro_ros_msgs/include/micro_ros_msgs/micro_ros_msgs/msg
[6.379s] -- Up-to-date: /home/rasp/ros2_ws/install/micro_ros_msgs/include/micro_ros_msgs/micro_ros_msgs/msg/rosidl_generator_c__visibility_control.h
[6.380s] -- Up-to-date: /home/rasp/ros2_ws/install/micro_ros_msgs/include/micro_ros_msgs/micro_ros_msgs/msg/graph.h
[6.380s] -- Up-to-date: /home/rasp/ros2_ws/install/micro_ros_msgs/include/micro_ros_msgs/micro_ros_msgs/msg/detail
[6.388s] -- Installing: /home/rasp/ros2_ws/install/micro_ros_msgs/include/micro_ros_msgs/micro_ros_msgs/msg/detail/graph__type_support.c
[6.391s] -- Up-to-date: /home/rasp/ros2_ws/install/micro_ros_msgs/include/micro_ros_msgs/micro_ros_msgs/msg/detail/entity__type_support.h
[6.392s] -- Up-to-date: /home/rasp/ros2_ws/install/micro_ros_msgs/include/micro_ros_msgs/micro_ros_msgs/msg/detail/graph__type_support.h
[6.393s] -- Up-to-date: /home/rasp/ros2_ws/install/micro_ros_msgs/include/micro_ros_msgs/micro_ros_msgs/msg/detail/entity__description.c
[6.394s] -- Up-to-date: /home/rasp/ros2_ws/install/micro_ros_msgs/include/micro_ros_msgs/micro_ros_msgs/msg/detail/graph__functions.c
[6.396s] -- Up-to-date: /home/rasp/ros2_ws/install/micro_ros_msgs/include/micro_ros_msgs/micro_ros_msgs/msg/detail/graph__struct.h
[6.397s] -- Up-to-date: /home/rasp/ros2_ws/install/micro_ros_msgs/include/micro_ros_msgs/micro_ros_msgs/msg/detail/node__struct.h
[6.399s] -- Up-to-date: /home/rasp/ros2_ws/install/micro_ros_msgs/include/micro_ros_msgs/micro_ros_msgs/msg/detail/node__functions.c
[6.400s] -- Up-to-date: /home/rasp/ros2_ws/install/micro_ros_msgs/include/micro_ros_msgs/micro_ros_msgs/msg/detail/graph__functions.h
[6.401s] -- Up-to-date: /home/rasp/ros2_ws/install/micro_ros_msgs/include/micro_ros_msgs/micro_ros_msgs/msg/detail/entity__functions.h
[6.404s] -- Up-to-date: /home/rasp/ros2_ws/install/micro_ros_msgs/include/micro_ros_msgs/micro_ros_msgs/msg/detail/node__type_support.h
[6.405s] -- Up-to-date: /home/rasp/ros2_ws/install/micro_ros_msgs/include/micro_ros_msgs/micro_ros_msgs/msg/detail/entity__struct.h
[6.407s] -- Installing: /home/rasp/ros2_ws/install/micro_ros_msgs/include/micro_ros_msgs/micro_ros_msgs/msg/detail/node__type_support.c
[6.411s] -- Up-to-date: /home/rasp/ros2_ws/install/micro_ros_msgs/include/micro_ros_msgs/micro_ros_msgs/msg/detail/graph__description.c
[6.412s] -- Up-to-date: /home/rasp/ros2_ws/install/micro_ros_msgs/include/micro_ros_msgs/micro_ros_msgs/msg/detail/entity__functions.c
[6.412s] -- Installing: /home/rasp/ros2_ws/install/micro_ros_msgs/include/micro_ros_msgs/micro_ros_msgs/msg/detail/entity__type_support.c
[6.413s] -- Up-to-date: /home/rasp/ros2_ws/install/micro_ros_msgs/include/micro_ros_msgs/micro_ros_msgs/msg/detail/node__description.c
[6.419s] -- Up-to-date: /home/rasp/ros2_ws/install/micro_ros_msgs/include/micro_ros_msgs/micro_ros_msgs/msg/detail/node__functions.h
[6.421s] -- Up-to-date: /home/rasp/ros2_ws/install/micro_ros_msgs/include/micro_ros_msgs/micro_ros_msgs/msg/node.h
[6.422s] -- Up-to-date: /home/rasp/ros2_ws/install/micro_ros_msgs/include/micro_ros_msgs/micro_ros_msgs/msg/entity.h
[6.424s] -- Up-to-date: /home/rasp/ros2_ws/install/micro_ros_msgs/share/micro_ros_msgs/environment/library_path.sh
[6.433s] -- Up-to-date: /home/rasp/ros2_ws/install/micro_ros_msgs/share/micro_ros_msgs/environment/library_path.dsv
[6.438s] -- Up-to-date: /home/rasp/ros2_ws/install/micro_ros_msgs/lib/libmicro_ros_msgs__rosidl_generator_c.so
[6.439s] -- Up-to-date: /home/rasp/ros2_ws/install/micro_ros_msgs/include/micro_ros_msgs/micro_ros_msgs
[6.441s] -- Up-to-date: /home/rasp/ros2_ws/install/micro_ros_msgs/include/micro_ros_msgs/micro_ros_msgs/msg
[6.442s] -- Up-to-date: /home/rasp/ros2_ws/install/micro_ros_msgs/include/micro_ros_msgs/micro_ros_msgs/msg/rosidl_typesupport_fastrtps_c__visibility_control.h
[6.443s] -- Up-to-date: /home/rasp/ros2_ws/install/micro_ros_msgs/include/micro_ros_msgs/micro_ros_msgs/msg/detail
[6.445s] -- Up-to-date: /home/rasp/ros2_ws/install/micro_ros_msgs/include/micro_ros_msgs/micro_ros_msgs/msg/detail/node__rosidl_typesupport_fastrtps_c.h
[6.456s] -- Up-to-date: /home/rasp/ros2_ws/install/micro_ros_msgs/include/micro_ros_msgs/micro_ros_msgs/msg/detail/entity__rosidl_typesupport_fastrtps_c.h
[6.459s] -- Up-to-date: /home/rasp/ros2_ws/install/micro_ros_msgs/include/micro_ros_msgs/micro_ros_msgs/msg/detail/graph__rosidl_typesupport_fastrtps_c.h
[6.473s] -- Up-to-date: /home/rasp/ros2_ws/install/micro_ros_msgs/lib/libmicro_ros_msgs__rosidl_typesupport_fastrtps_c.so
[6.474s] -- Up-to-date: /home/rasp/ros2_ws/install/micro_ros_msgs/include/micro_ros_msgs/micro_ros_msgs
[6.474s] -- Up-to-date: /home/rasp/ros2_ws/install/micro_ros_msgs/include/micro_ros_msgs/micro_ros_msgs/msg
[6.475s] -- Up-to-date: /home/rasp/ros2_ws/install/micro_ros_msgs/include/micro_ros_msgs/micro_ros_msgs/msg/detail
[6.477s] -- Installing: /home/rasp/ros2_ws/install/micro_ros_msgs/include/micro_ros_msgs/micro_ros_msgs/msg/detail/graph__type_support.c
[6.478s] -- Up-to-date: /home/rasp/ros2_ws/install/micro_ros_msgs/include/micro_ros_msgs/micro_ros_msgs/msg/detail/graph__rosidl_typesupport_introspection_c.h
[6.479s] -- Installing: /home/rasp/ros2_ws/install/micro_ros_msgs/include/micro_ros_msgs/micro_ros_msgs/msg/detail/node__type_support.c
[6.481s] -- Up-to-date: /home/rasp/ros2_ws/install/micro_ros_msgs/include/micro_ros_msgs/micro_ros_msgs/msg/detail/entity__rosidl_typesupport_introspection_c.h
[6.482s] -- Up-to-date: /home/rasp/ros2_ws/install/micro_ros_msgs/include/micro_ros_msgs/micro_ros_msgs/msg/detail/node__rosidl_typesupport_introspection_c.h
[6.483s] -- Installing: /home/rasp/ros2_ws/install/micro_ros_msgs/include/micro_ros_msgs/micro_ros_msgs/msg/detail/entity__type_support.c
[6.485s] -- Up-to-date: /home/rasp/ros2_ws/install/micro_ros_msgs/include/micro_ros_msgs/micro_ros_msgs/msg/rosidl_typesupport_introspection_c__visibility_control.h
[6.489s] -- Up-to-date: /home/rasp/ros2_ws/install/micro_ros_msgs/lib/libmicro_ros_msgs__rosidl_typesupport_introspection_c.so
[6.516s] -- Up-to-date: /home/rasp/ros2_ws/install/micro_ros_msgs/lib/libmicro_ros_msgs__rosidl_typesupport_c.so
[6.518s] -- Up-to-date: /home/rasp/ros2_ws/install/micro_ros_msgs/include/micro_ros_msgs/micro_ros_msgs
[6.518s] -- Up-to-date: /home/rasp/ros2_ws/install/micro_ros_msgs/include/micro_ros_msgs/micro_ros_msgs/msg
[6.520s] -- Up-to-date: /home/rasp/ros2_ws/install/micro_ros_msgs/include/micro_ros_msgs/micro_ros_msgs/msg/rosidl_generator_cpp__visibility_control.hpp
[6.532s] -- Up-to-date: /home/rasp/ros2_ws/install/micro_ros_msgs/include/micro_ros_msgs/micro_ros_msgs/msg/entity.hpp
[6.533s] -- Up-to-date: /home/rasp/ros2_ws/install/micro_ros_msgs/include/micro_ros_msgs/micro_ros_msgs/msg/graph.hpp
[6.537s] -- Up-to-date: /home/rasp/ros2_ws/install/micro_ros_msgs/include/micro_ros_msgs/micro_ros_msgs/msg/detail
[6.540s] -- Up-to-date: /home/rasp/ros2_ws/install/micro_ros_msgs/include/micro_ros_msgs/micro_ros_msgs/msg/detail/node__struct.hpp
[6.541s] -- Up-to-date: /home/rasp/ros2_ws/install/micro_ros_msgs/include/micro_ros_msgs/micro_ros_msgs/msg/detail/entity__struct.hpp
[6.541s] -- Up-to-date: /home/rasp/ros2_ws/install/micro_ros_msgs/include/micro_ros_msgs/micro_ros_msgs/msg/detail/entity__traits.hpp
[6.542s] -- Up-to-date: /home/rasp/ros2_ws/install/micro_ros_msgs/include/micro_ros_msgs/micro_ros_msgs/msg/detail/graph__type_support.hpp
[6.542s] -- Up-to-date: /home/rasp/ros2_ws/install/micro_ros_msgs/include/micro_ros_msgs/micro_ros_msgs/msg/detail/entity__type_support.hpp
[6.547s] -- Up-to-date: /home/rasp/ros2_ws/install/micro_ros_msgs/include/micro_ros_msgs/micro_ros_msgs/msg/detail/node__traits.hpp
[6.551s] -- Up-to-date: /home/rasp/ros2_ws/install/micro_ros_msgs/include/micro_ros_msgs/micro_ros_msgs/msg/detail/node__type_support.hpp
[6.557s] -- Up-to-date: /home/rasp/ros2_ws/install/micro_ros_msgs/include/micro_ros_msgs/micro_ros_msgs/msg/detail/entity__builder.hpp
[6.559s] -- Up-to-date: /home/rasp/ros2_ws/install/micro_ros_msgs/include/micro_ros_msgs/micro_ros_msgs/msg/detail/graph__struct.hpp
[6.563s] -- Up-to-date: /home/rasp/ros2_ws/install/micro_ros_msgs/include/micro_ros_msgs/micro_ros_msgs/msg/detail/graph__builder.hpp
[6.570s] -- Up-to-date: /home/rasp/ros2_ws/install/micro_ros_msgs/include/micro_ros_msgs/micro_ros_msgs/msg/detail/graph__traits.hpp
[6.578s] -- Up-to-date: /home/rasp/ros2_ws/install/micro_ros_msgs/include/micro_ros_msgs/micro_ros_msgs/msg/detail/node__builder.hpp
[6.581s] -- Up-to-date: /home/rasp/ros2_ws/install/micro_ros_msgs/include/micro_ros_msgs/micro_ros_msgs/msg/node.hpp
[6.582s] -- Up-to-date: /home/rasp/ros2_ws/install/micro_ros_msgs/include/micro_ros_msgs/micro_ros_msgs
[6.582s] -- Up-to-date: /home/rasp/ros2_ws/install/micro_ros_msgs/include/micro_ros_msgs/micro_ros_msgs/msg
[6.595s] -- Up-to-date: /home/rasp/ros2_ws/install/micro_ros_msgs/include/micro_ros_msgs/micro_ros_msgs/msg/rosidl_typesupport_fastrtps_cpp__visibility_control.h
[6.601s] -- Up-to-date: /home/rasp/ros2_ws/install/micro_ros_msgs/include/micro_ros_msgs/micro_ros_msgs/msg/detail
[6.601s] -- Up-to-date: /home/rasp/ros2_ws/install/micro_ros_msgs/include/micro_ros_msgs/micro_ros_msgs/msg/detail/graph__rosidl_typesupport_fastrtps_cpp.hpp
[6.605s] -- Up-to-date: /home/rasp/ros2_ws/install/micro_ros_msgs/include/micro_ros_msgs/micro_ros_msgs/msg/detail/dds_fastrtps
[6.606s] -- Up-to-date: /home/rasp/ros2_ws/install/micro_ros_msgs/include/micro_ros_msgs/micro_ros_msgs/msg/detail/entity__rosidl_typesupport_fastrtps_cpp.hpp
[6.611s] -- Up-to-date: /home/rasp/ros2_ws/install/micro_ros_msgs/include/micro_ros_msgs/micro_ros_msgs/msg/detail/node__rosidl_typesupport_fastrtps_cpp.hpp
[6.618s] -- Up-to-date: /home/rasp/ros2_ws/install/micro_ros_msgs/lib/libmicro_ros_msgs__rosidl_typesupport_fastrtps_cpp.so
[6.624s] -- Up-to-date: /home/rasp/ros2_ws/install/micro_ros_msgs/include/micro_ros_msgs/micro_ros_msgs
[6.628s] -- Up-to-date: /home/rasp/ros2_ws/install/micro_ros_msgs/include/micro_ros_msgs/micro_ros_msgs/msg
[6.629s] -- Up-to-date: /home/rasp/ros2_ws/install/micro_ros_msgs/include/micro_ros_msgs/micro_ros_msgs/msg/detail
[6.630s] -- Up-to-date: /home/rasp/ros2_ws/install/micro_ros_msgs/include/micro_ros_msgs/micro_ros_msgs/msg/detail/node__type_support.cpp
[6.631s] -- Up-to-date: /home/rasp/ros2_ws/install/micro_ros_msgs/include/micro_ros_msgs/micro_ros_msgs/msg/detail/graph__type_support.cpp
[6.636s] -- Up-to-date: /home/rasp/ros2_ws/install/micro_ros_msgs/include/micro_ros_msgs/micro_ros_msgs/msg/detail/graph__rosidl_typesupport_introspection_cpp.hpp
[6.641s] -- Up-to-date: /home/rasp/ros2_ws/install/micro_ros_msgs/include/micro_ros_msgs/micro_ros_msgs/msg/detail/entity__type_support.cpp
[6.643s] -- Up-to-date: /home/rasp/ros2_ws/install/micro_ros_msgs/include/micro_ros_msgs/micro_ros_msgs/msg/detail/entity__rosidl_typesupport_introspection_cpp.hpp
[6.644s] -- Up-to-date: /home/rasp/ros2_ws/install/micro_ros_msgs/include/micro_ros_msgs/micro_ros_msgs/msg/detail/node__rosidl_typesupport_introspection_cpp.hpp
[6.648s] -- Up-to-date: /home/rasp/ros2_ws/install/micro_ros_msgs/lib/libmicro_ros_msgs__rosidl_typesupport_introspection_cpp.so
[6.650s] -- Up-to-date: /home/rasp/ros2_ws/install/micro_ros_msgs/lib/libmicro_ros_msgs__rosidl_typesupport_cpp.so
[6.650s] -- Up-to-date: /home/rasp/ros2_ws/install/micro_ros_msgs/share/micro_ros_msgs/environment/pythonpath.sh
[6.651s] -- Up-to-date: /home/rasp/ros2_ws/install/micro_ros_msgs/share/micro_ros_msgs/environment/pythonpath.dsv
[6.652s] -- Up-to-date: /home/rasp/ros2_ws/install/micro_ros_msgs/lib/python3.12/site-packages/micro_ros_msgs-5.0.2-py3.12.egg-info
[6.652s] -- Installing: /home/rasp/ros2_ws/install/micro_ros_msgs/lib/python3.12/site-packages/micro_ros_msgs-5.0.2-py3.12.egg-info/SOURCES.txt
[6.653s] -- Installing: /home/rasp/ros2_ws/install/micro_ros_msgs/lib/python3.12/site-packages/micro_ros_msgs-5.0.2-py3.12.egg-info/top_level.txt
[6.653s] -- Installing: /home/rasp/ros2_ws/install/micro_ros_msgs/lib/python3.12/site-packages/micro_ros_msgs-5.0.2-py3.12.egg-info/PKG-INFO
[6.654s] -- Installing: /home/rasp/ros2_ws/install/micro_ros_msgs/lib/python3.12/site-packages/micro_ros_msgs-5.0.2-py3.12.egg-info/dependency_links.txt
[6.656s] -- Up-to-date: /home/rasp/ros2_ws/install/micro_ros_msgs/lib/python3.12/site-packages/micro_ros_msgs
[6.657s] -- Up-to-date: /home/rasp/ros2_ws/install/micro_ros_msgs/lib/python3.12/site-packages/micro_ros_msgs/msg
[6.658s] -- Up-to-date: /home/rasp/ros2_ws/install/micro_ros_msgs/lib/python3.12/site-packages/micro_ros_msgs/msg/_graph_s.c
[6.658s] -- Up-to-date: /home/rasp/ros2_ws/install/micro_ros_msgs/lib/python3.12/site-packages/micro_ros_msgs/msg/_node_s.c
[6.659s] -- Up-to-date: /home/rasp/ros2_ws/install/micro_ros_msgs/lib/python3.12/site-packages/micro_ros_msgs/msg/_graph.py
[6.659s] -- Up-to-date: /home/rasp/ros2_ws/install/micro_ros_msgs/lib/python3.12/site-packages/micro_ros_msgs/msg/_node.py
[6.660s] -- Up-to-date: /home/rasp/ros2_ws/install/micro_ros_msgs/lib/python3.12/site-packages/micro_ros_msgs/msg/_entity.py
[6.661s] -- Up-to-date: /home/rasp/ros2_ws/install/micro_ros_msgs/lib/python3.12/site-packages/micro_ros_msgs/msg/__init__.py
[6.661s] -- Up-to-date: /home/rasp/ros2_ws/install/micro_ros_msgs/lib/python3.12/site-packages/micro_ros_msgs/msg/_entity_s.c
[6.662s] -- Up-to-date: /home/rasp/ros2_ws/install/micro_ros_msgs/lib/python3.12/site-packages/micro_ros_msgs/micro_ros_msgs_s__rosidl_typesupport_c.so
[6.663s] -- Up-to-date: /home/rasp/ros2_ws/install/micro_ros_msgs/lib/python3.12/site-packages/micro_ros_msgs/micro_ros_msgs_s__rosidl_typesupport_introspection_c.so
[6.663s] -- Up-to-date: /home/rasp/ros2_ws/install/micro_ros_msgs/lib/python3.12/site-packages/micro_ros_msgs/_micro_ros_msgs_s.ep.rosidl_typesupport_introspection_c.c
[6.665s] -- Up-to-date: /home/rasp/ros2_ws/install/micro_ros_msgs/lib/python3.12/site-packages/micro_ros_msgs/__init__.py
[6.666s] -- Up-to-date: /home/rasp/ros2_ws/install/micro_ros_msgs/lib/python3.12/site-packages/micro_ros_msgs/_micro_ros_msgs_s.ep.rosidl_typesupport_fastrtps_c.c
[6.667s] -- Up-to-date: /home/rasp/ros2_ws/install/micro_ros_msgs/lib/python3.12/site-packages/micro_ros_msgs/_micro_ros_msgs_s.ep.rosidl_typesupport_c.c
[6.668s] -- Up-to-date: /home/rasp/ros2_ws/install/micro_ros_msgs/lib/python3.12/site-packages/micro_ros_msgs/micro_ros_msgs_s__rosidl_typesupport_fastrtps_c.so
[7.550s] Listing '/home/rasp/ros2_ws/install/micro_ros_msgs/lib/python3.12/site-packages/micro_ros_msgs'...
[7.551s] Listing '/home/rasp/ros2_ws/install/micro_ros_msgs/lib/python3.12/site-packages/micro_ros_msgs/msg'...
[7.624s] -- Up-to-date: /home/rasp/ros2_ws/install/micro_ros_msgs/lib/python3.12/site-packages/micro_ros_msgs/micro_ros_msgs_s__rosidl_typesupport_fastrtps_c.so
[7.632s] -- Up-to-date: /home/rasp/ros2_ws/install/micro_ros_msgs/lib/python3.12/site-packages/micro_ros_msgs/micro_ros_msgs_s__rosidl_typesupport_introspection_c.so
[7.643s] -- Up-to-date: /home/rasp/ros2_ws/install/micro_ros_msgs/lib/python3.12/site-packages/micro_ros_msgs/micro_ros_msgs_s__rosidl_typesupport_c.so
[7.684s] -- Up-to-date: /home/rasp/ros2_ws/install/micro_ros_msgs/lib/libmicro_ros_msgs__rosidl_generator_py.so
[7.685s] -- Up-to-date: /home/rasp/ros2_ws/install/micro_ros_msgs/share/micro_ros_msgs/msg/Graph.idl
[7.686s] -- Up-to-date: /home/rasp/ros2_ws/install/micro_ros_msgs/share/micro_ros_msgs/msg/Node.idl
[7.686s] -- Up-to-date: /home/rasp/ros2_ws/install/micro_ros_msgs/share/micro_ros_msgs/msg/Entity.idl
[7.687s] -- Up-to-date: /home/rasp/ros2_ws/install/micro_ros_msgs/share/micro_ros_msgs/msg/Graph.msg
[7.691s] -- Up-to-date: /home/rasp/ros2_ws/install/micro_ros_msgs/share/micro_ros_msgs/msg/Node.msg
[7.692s] -- Up-to-date: /home/rasp/ros2_ws/install/micro_ros_msgs/share/micro_ros_msgs/msg/Entity.msg
[7.692s] -- Up-to-date: /home/rasp/ros2_ws/install/micro_ros_msgs/share/ament_index/resource_index/package_run_dependencies/micro_ros_msgs
[7.693s] -- Up-to-date: /home/rasp/ros2_ws/install/micro_ros_msgs/share/ament_index/resource_index/parent_prefix_path/micro_ros_msgs
[7.697s] -- Up-to-date: /home/rasp/ros2_ws/install/micro_ros_msgs/share/micro_ros_msgs/environment/ament_prefix_path.sh
[7.698s] -- Up-to-date: /home/rasp/ros2_ws/install/micro_ros_msgs/share/micro_ros_msgs/environment/ament_prefix_path.dsv
[7.699s] -- Up-to-date: /home/rasp/ros2_ws/install/micro_ros_msgs/share/micro_ros_msgs/environment/path.sh
[7.699s] -- Up-to-date: /home/rasp/ros2_ws/install/micro_ros_msgs/share/micro_ros_msgs/environment/path.dsv
[7.700s] -- Up-to-date: /home/rasp/ros2_ws/install/micro_ros_msgs/share/micro_ros_msgs/local_setup.bash
[7.702s] -- Up-to-date: /home/rasp/ros2_ws/install/micro_ros_msgs/share/micro_ros_msgs/local_setup.sh
[7.704s] -- Up-to-date: /home/rasp/ros2_ws/install/micro_ros_msgs/share/micro_ros_msgs/local_setup.zsh
[7.705s] -- Up-to-date: /home/rasp/ros2_ws/install/micro_ros_msgs/share/micro_ros_msgs/local_setup.dsv
[7.706s] -- Installing: /home/rasp/ros2_ws/install/micro_ros_msgs/share/micro_ros_msgs/package.dsv
[7.709s] -- Up-to-date: /home/rasp/ros2_ws/install/micro_ros_msgs/share/ament_index/resource_index/packages/micro_ros_msgs
[7.716s] -- Up-to-date: /home/rasp/ros2_ws/install/micro_ros_msgs/share/micro_ros_msgs/cmake/export_micro_ros_msgs__rosidl_generator_cExport.cmake
[7.717s] -- Up-to-date: /home/rasp/ros2_ws/install/micro_ros_msgs/share/micro_ros_msgs/cmake/export_micro_ros_msgs__rosidl_generator_cExport-noconfig.cmake
[7.722s] -- Up-to-date: /home/rasp/ros2_ws/install/micro_ros_msgs/share/micro_ros_msgs/cmake/export_micro_ros_msgs__rosidl_typesupport_fastrtps_cExport.cmake
[7.723s] -- Up-to-date: /home/rasp/ros2_ws/install/micro_ros_msgs/share/micro_ros_msgs/cmake/export_micro_ros_msgs__rosidl_typesupport_fastrtps_cExport-noconfig.cmake
[7.726s] -- Up-to-date: /home/rasp/ros2_ws/install/micro_ros_msgs/share/micro_ros_msgs/cmake/micro_ros_msgs__rosidl_typesupport_introspection_cExport.cmake
[7.727s] -- Up-to-date: /home/rasp/ros2_ws/install/micro_ros_msgs/share/micro_ros_msgs/cmake/micro_ros_msgs__rosidl_typesupport_introspection_cExport-noconfig.cmake
[7.731s] -- Up-to-date: /home/rasp/ros2_ws/install/micro_ros_msgs/share/micro_ros_msgs/cmake/micro_ros_msgs__rosidl_typesupport_cExport.cmake
[7.732s] -- Up-to-date: /home/rasp/ros2_ws/install/micro_ros_msgs/share/micro_ros_msgs/cmake/micro_ros_msgs__rosidl_typesupport_cExport-noconfig.cmake
[7.737s] -- Up-to-date: /home/rasp/ros2_ws/install/micro_ros_msgs/share/micro_ros_msgs/cmake/export_micro_ros_msgs__rosidl_generator_cppExport.cmake
[7.744s] -- Up-to-date: /home/rasp/ros2_ws/install/micro_ros_msgs/share/micro_ros_msgs/cmake/export_micro_ros_msgs__rosidl_typesupport_fastrtps_cppExport.cmake
[7.746s] -- Up-to-date: /home/rasp/ros2_ws/install/micro_ros_msgs/share/micro_ros_msgs/cmake/export_micro_ros_msgs__rosidl_typesupport_fastrtps_cppExport-noconfig.cmake
[7.749s] -- Up-to-date: /home/rasp/ros2_ws/install/micro_ros_msgs/share/micro_ros_msgs/cmake/micro_ros_msgs__rosidl_typesupport_introspection_cppExport.cmake
[7.753s] -- Up-to-date: /home/rasp/ros2_ws/install/micro_ros_msgs/share/micro_ros_msgs/cmake/micro_ros_msgs__rosidl_typesupport_introspection_cppExport-noconfig.cmake
[7.759s] -- Up-to-date: /home/rasp/ros2_ws/install/micro_ros_msgs/share/micro_ros_msgs/cmake/micro_ros_msgs__rosidl_typesupport_cppExport.cmake
[7.759s] -- Up-to-date: /home/rasp/ros2_ws/install/micro_ros_msgs/share/micro_ros_msgs/cmake/micro_ros_msgs__rosidl_typesupport_cppExport-noconfig.cmake
[7.767s] -- Up-to-date: /home/rasp/ros2_ws/install/micro_ros_msgs/share/micro_ros_msgs/cmake/export_micro_ros_msgs__rosidl_generator_pyExport.cmake
[7.769s] -- Up-to-date: /home/rasp/ros2_ws/install/micro_ros_msgs/share/micro_ros_msgs/cmake/export_micro_ros_msgs__rosidl_generator_pyExport-noconfig.cmake
[7.770s] -- Up-to-date: /home/rasp/ros2_ws/install/micro_ros_msgs/share/micro_ros_msgs/cmake/rosidl_cmake-extras.cmake
[7.775s] -- Up-to-date: /home/rasp/ros2_ws/install/micro_ros_msgs/share/micro_ros_msgs/cmake/ament_cmake_export_include_directories-extras.cmake
[7.778s] -- Up-to-date: /home/rasp/ros2_ws/install/micro_ros_msgs/share/micro_ros_msgs/cmake/ament_cmake_export_libraries-extras.cmake
[7.778s] -- Up-to-date: /home/rasp/ros2_ws/install/micro_ros_msgs/share/micro_ros_msgs/cmake/ament_cmake_export_targets-extras.cmake
[7.779s] -- Up-to-date: /home/rasp/ros2_ws/install/micro_ros_msgs/share/micro_ros_msgs/cmake/rosidl_cmake_export_typesupport_targets-extras.cmake
[7.787s] -- Up-to-date: /home/rasp/ros2_ws/install/micro_ros_msgs/share/micro_ros_msgs/cmake/ament_cmake_export_dependencies-extras.cmake
[7.792s] -- Up-to-date: /home/rasp/ros2_ws/install/micro_ros_msgs/share/micro_ros_msgs/cmake/rosidl_cmake_export_typesupport_libraries-extras.cmake
[7.794s] -- Up-to-date: /home/rasp/ros2_ws/install/micro_ros_msgs/share/micro_ros_msgs/cmake/micro_ros_msgsConfig.cmake
[7.795s] -- Up-to-date: /home/rasp/ros2_ws/install/micro_ros_msgs/share/micro_ros_msgs/cmake/micro_ros_msgsConfig-version.cmake
[7.796s] -- Up-to-date: /home/rasp/ros2_ws/install/micro_ros_msgs/share/micro_ros_msgs/package.xml
[7.816s] Invoked command in '/home/rasp/ros2_ws/build/micro_ros_msgs' returned '0': CMAKE_PREFIX_PATH=${CMAKE_PREFIX_PATH}:/home/rasp/ros2_ws/install/robot_description:/home/rasp/ros2_ws/install/gpio_nav_control:/opt/ros/jazzy /usr/bin/cmake --install /home/rasp/ros2_ws/build/micro_ros_msgs
