[1.508s] Invoking command in '/home/rasp/ros2_ws/build/rf2o_laser_odometry': CMAKE_PREFIX_PATH=${CMAKE_PREFIX_PATH}:/home/rasp/ros2_ws/install/robot_description:/home/rasp/ros2_ws/install/gpio_nav_control:/opt/ros/jazzy /usr/bin/cmake --build /home/rasp/ros2_ws/build/rf2o_laser_odometry -- -j4 -l4
[2.167s] [ 60%] Built target rf2o_laser_odometry_node
[2.420s] [100%] Built target rf2o_laser_odometry
[2.521s] Invoked command in '/home/rasp/ros2_ws/build/rf2o_laser_odometry' returned '0': CMAKE_PREFIX_PATH=${CMAKE_PREFIX_PATH}:/home/rasp/ros2_ws/install/robot_description:/home/rasp/ros2_ws/install/gpio_nav_control:/opt/ros/jazzy /usr/bin/cmake --build /home/rasp/ros2_ws/build/rf2o_laser_odometry -- -j4 -l4
[2.637s] Invoking command in '/home/rasp/ros2_ws/build/rf2o_laser_odometry': CMAKE_PREFIX_PATH=${CMAKE_PREFIX_PATH}:/home/rasp/ros2_ws/install/robot_description:/home/rasp/ros2_ws/install/gpio_nav_control:/opt/ros/jazzy /usr/bin/cmake --install /home/rasp/ros2_ws/build/rf2o_laser_odometry
[2.714s] -- Install configuration: ""
[2.718s] -- Up-to-date: /home/rasp/ros2_ws/install/rf2o_laser_odometry/lib/rf2o_laser_odometry/rf2o_laser_odometry_node
[2.721s] -- Up-to-date: /home/rasp/ros2_ws/install/rf2o_laser_odometry/share/rf2o_laser_odometry/launch
[2.723s] -- Up-to-date: /home/rasp/ros2_ws/install/rf2o_laser_odometry/share/rf2o_laser_odometry/launch/rf2o_laser_odometry.launch.py
[2.725s] -- Up-to-date: /home/rasp/ros2_ws/install/rf2o_laser_odometry/share/ament_index/resource_index/package_run_dependencies/rf2o_laser_odometry
[2.727s] -- Up-to-date: /home/rasp/ros2_ws/install/rf2o_laser_odometry/share/ament_index/resource_index/parent_prefix_path/rf2o_laser_odometry
[2.731s] -- Up-to-date: /home/rasp/ros2_ws/install/rf2o_laser_odometry/share/rf2o_laser_odometry/environment/ament_prefix_path.sh
[2.733s] -- Up-to-date: /home/rasp/ros2_ws/install/rf2o_laser_odometry/share/rf2o_laser_odometry/environment/ament_prefix_path.dsv
[2.734s] -- Up-to-date: /home/rasp/ros2_ws/install/rf2o_laser_odometry/share/rf2o_laser_odometry/environment/path.sh
[2.736s] -- Up-to-date: /home/rasp/ros2_ws/install/rf2o_laser_odometry/share/rf2o_laser_odometry/environment/path.dsv
[2.737s] -- Up-to-date: /home/rasp/ros2_ws/install/rf2o_laser_odometry/share/rf2o_laser_odometry/local_setup.bash
[2.740s] -- Up-to-date: /home/rasp/ros2_ws/install/rf2o_laser_odometry/share/rf2o_laser_odometry/local_setup.sh
[2.740s] -- Up-to-date: /home/rasp/ros2_ws/install/rf2o_laser_odometry/share/rf2o_laser_odometry/local_setup.zsh
[2.744s] -- Up-to-date: /home/rasp/ros2_ws/install/rf2o_laser_odometry/share/rf2o_laser_odometry/local_setup.dsv
[2.744s] -- Installing: /home/rasp/ros2_ws/install/rf2o_laser_odometry/share/rf2o_laser_odometry/package.dsv
[2.746s] -- Up-to-date: /home/rasp/ros2_ws/install/rf2o_laser_odometry/share/ament_index/resource_index/packages/rf2o_laser_odometry
[2.748s] -- Up-to-date: /home/rasp/ros2_ws/install/rf2o_laser_odometry/share/rf2o_laser_odometry/cmake/rf2o_laser_odometryConfig.cmake
[2.749s] -- Up-to-date: /home/rasp/ros2_ws/install/rf2o_laser_odometry/share/rf2o_laser_odometry/cmake/rf2o_laser_odometryConfig-version.cmake
[2.751s] -- Up-to-date: /home/rasp/ros2_ws/install/rf2o_laser_odometry/share/rf2o_laser_odometry/package.xml
[2.762s] Invoked command in '/home/rasp/ros2_ws/build/rf2o_laser_odometry' returned '0': CMAKE_PREFIX_PATH=${CMAKE_PREFIX_PATH}:/home/rasp/ros2_ws/install/robot_description:/home/rasp/ros2_ws/install/gpio_nav_control:/opt/ros/jazzy /usr/bin/cmake --install /home/rasp/ros2_ws/build/rf2o_laser_odometry
