[0.092s] Invoking command in '/home/rasp/ros2_ws/build/sllidar_ros2': CMAKE_PREFIX_PATH=${CMAKE_PREFIX_PATH}:/home/rasp/ros2_ws/install/robot_description:/home/rasp/ros2_ws/install/gpio_nav_control:/opt/ros/jazzy /usr/bin/cmake --build /home/rasp/ros2_ws/build/sllidar_ros2 -- -j4 -l4
[1.053s] [ 90%] Built target sllidar_node
[1.383s] [100%] Built target sllidar_client
[1.502s] Invoked command in '/home/rasp/ros2_ws/build/sllidar_ros2' returned '0': CMAKE_PREFIX_PATH=${CMAKE_PREFIX_PATH}:/home/rasp/ros2_ws/install/robot_description:/home/rasp/ros2_ws/install/gpio_nav_control:/opt/ros/jazzy /usr/bin/cmake --build /home/rasp/ros2_ws/build/sllidar_ros2 -- -j4 -l4
[1.521s] Invoking command in '/home/rasp/ros2_ws/build/sllidar_ros2': CMAKE_PREFIX_PATH=${CMAKE_PREFIX_PATH}:/home/rasp/ros2_ws/install/robot_description:/home/rasp/ros2_ws/install/gpio_nav_control:/opt/ros/jazzy /usr/bin/cmake --install /home/rasp/ros2_ws/build/sllidar_ros2
[1.632s] -- Install configuration: ""
[1.635s] -- Up-to-date: /home/rasp/ros2_ws/install/sllidar_ros2/share/sllidar_ros2/launch
[1.636s] -- Up-to-date: /home/rasp/ros2_ws/install/sllidar_ros2/share/sllidar_ros2/launch/sllidar_a2m12_launch .py
[1.644s] -- Up-to-date: /home/rasp/ros2_ws/install/sllidar_ros2/share/sllidar_ros2/launch/sllidar_s2e_launch.py
[1.645s] -- Up-to-date: /home/rasp/ros2_ws/install/sllidar_ros2/share/sllidar_ros2/launch/sllidar_t1_launch.py
[1.645s] -- Up-to-date: /home/rasp/ros2_ws/install/sllidar_ros2/share/sllidar_ros2/launch/view_sllidar_a1_launch.py
[1.647s] -- Up-to-date: /home/rasp/ros2_ws/install/sllidar_ros2/share/sllidar_ros2/launch/view_sllidar_s1_tcp_launch.py
[1.648s] -- Up-to-date: /home/rasp/ros2_ws/install/sllidar_ros2/share/sllidar_ros2/launch/view_sllidar_s2e_launch.py
[1.651s] -- Up-to-date: /home/rasp/ros2_ws/install/sllidar_ros2/share/sllidar_ros2/launch/view_sllidar_a2m12_launch.py
[1.652s] -- Up-to-date: /home/rasp/ros2_ws/install/sllidar_ros2/share/sllidar_ros2/launch/sllidar_a1_launch.py
[1.653s] -- Up-to-date: /home/rasp/ros2_ws/install/sllidar_ros2/share/sllidar_ros2/launch/sllidar_s3_launch.py
[1.658s] -- Up-to-date: /home/rasp/ros2_ws/install/sllidar_ros2/share/sllidar_ros2/launch/sllidar_a2m7_launch.py
[1.658s] -- Up-to-date: /home/rasp/ros2_ws/install/sllidar_ros2/share/sllidar_ros2/launch/view_sllidar_a2m7_launch.py
[1.659s] -- Up-to-date: /home/rasp/ros2_ws/install/sllidar_ros2/share/sllidar_ros2/launch/view_sllidar_a2m8_launch.py
[1.662s] -- Up-to-date: /home/rasp/ros2_ws/install/sllidar_ros2/share/sllidar_ros2/launch/view_sllidar_s3_launch.py
[1.663s] -- Up-to-date: /home/rasp/ros2_ws/install/sllidar_ros2/share/sllidar_ros2/launch/sllidar_a3_launch.py
[1.663s] -- Up-to-date: /home/rasp/ros2_ws/install/sllidar_ros2/share/sllidar_ros2/launch/view_sllidar_t1_launch.py
[1.664s] -- Up-to-date: /home/rasp/ros2_ws/install/sllidar_ros2/share/sllidar_ros2/launch/view_sllidar_s1_launch.py
[1.664s] -- Up-to-date: /home/rasp/ros2_ws/install/sllidar_ros2/share/sllidar_ros2/launch/view_sllidar_s2_launch.py
[1.674s] -- Up-to-date: /home/rasp/ros2_ws/install/sllidar_ros2/share/sllidar_ros2/launch/view_sllidar_a3_launch.py
[1.683s] -- Up-to-date: /home/rasp/ros2_ws/install/sllidar_ros2/share/sllidar_ros2/launch/sllidar_s1_launch.py
[1.689s] -- Up-to-date: /home/rasp/ros2_ws/install/sllidar_ros2/share/sllidar_ros2/launch/sllidar_c1_launch.py
[1.690s] -- Up-to-date: /home/rasp/ros2_ws/install/sllidar_ros2/share/sllidar_ros2/launch/sllidar_s1_tcp_launch.py
[1.698s] -- Up-to-date: /home/rasp/ros2_ws/install/sllidar_ros2/share/sllidar_ros2/launch/view_sllidar_c1_launch.py
[1.699s] -- Up-to-date: /home/rasp/ros2_ws/install/sllidar_ros2/share/sllidar_ros2/launch/sllidar_a2m8_launch.py
[1.705s] -- Up-to-date: /home/rasp/ros2_ws/install/sllidar_ros2/share/sllidar_ros2/launch/sllidar_s2_launch.py
[1.706s] -- Up-to-date: /home/rasp/ros2_ws/install/sllidar_ros2/share/sllidar_ros2/rviz
[1.719s] -- Up-to-date: /home/rasp/ros2_ws/install/sllidar_ros2/share/sllidar_ros2/rviz/sllidar_ros2.rviz
[1.724s] -- Up-to-date: /home/rasp/ros2_ws/install/sllidar_ros2/lib/sllidar_ros2/sllidar_node
[1.726s] -- Up-to-date: /home/rasp/ros2_ws/install/sllidar_ros2/lib/sllidar_ros2/sllidar_client
[1.732s] -- Up-to-date: /home/rasp/ros2_ws/install/sllidar_ros2/share/ament_index/resource_index/package_run_dependencies/sllidar_ros2
[1.738s] -- Up-to-date: /home/rasp/ros2_ws/install/sllidar_ros2/share/ament_index/resource_index/parent_prefix_path/sllidar_ros2
[1.745s] -- Up-to-date: /home/rasp/ros2_ws/install/sllidar_ros2/share/sllidar_ros2/environment/ament_prefix_path.sh
[1.750s] -- Up-to-date: /home/rasp/ros2_ws/install/sllidar_ros2/share/sllidar_ros2/environment/ament_prefix_path.dsv
[1.753s] -- Up-to-date: /home/rasp/ros2_ws/install/sllidar_ros2/share/sllidar_ros2/environment/path.sh
[1.761s] -- Up-to-date: /home/rasp/ros2_ws/install/sllidar_ros2/share/sllidar_ros2/environment/path.dsv
[1.768s] -- Up-to-date: /home/rasp/ros2_ws/install/sllidar_ros2/share/sllidar_ros2/local_setup.bash
[1.769s] -- Up-to-date: /home/rasp/ros2_ws/install/sllidar_ros2/share/sllidar_ros2/local_setup.sh
[1.773s] -- Up-to-date: /home/rasp/ros2_ws/install/sllidar_ros2/share/sllidar_ros2/local_setup.zsh
[1.779s] -- Up-to-date: /home/rasp/ros2_ws/install/sllidar_ros2/share/sllidar_ros2/local_setup.dsv
[1.780s] -- Installing: /home/rasp/ros2_ws/install/sllidar_ros2/share/sllidar_ros2/package.dsv
[1.789s] -- Up-to-date: /home/rasp/ros2_ws/install/sllidar_ros2/share/ament_index/resource_index/packages/sllidar_ros2
[1.791s] -- Up-to-date: /home/rasp/ros2_ws/install/sllidar_ros2/share/sllidar_ros2/cmake/ament_cmake_export_dependencies-extras.cmake
[1.791s] -- Up-to-date: /home/rasp/ros2_ws/install/sllidar_ros2/share/sllidar_ros2/cmake/ament_cmake_export_include_directories-extras.cmake
[1.795s] -- Up-to-date: /home/rasp/ros2_ws/install/sllidar_ros2/share/sllidar_ros2/cmake/sllidar_ros2Config.cmake
[1.801s] -- Up-to-date: /home/rasp/ros2_ws/install/sllidar_ros2/share/sllidar_ros2/cmake/sllidar_ros2Config-version.cmake
[1.802s] -- Up-to-date: /home/rasp/ros2_ws/install/sllidar_ros2/share/sllidar_ros2/package.xml
[1.847s] Invoked command in '/home/rasp/ros2_ws/build/sllidar_ros2' returned '0': CMAKE_PREFIX_PATH=${CMAKE_PREFIX_PATH}:/home/rasp/ros2_ws/install/robot_description:/home/rasp/ros2_ws/install/gpio_nav_control:/opt/ros/jazzy /usr/bin/cmake --install /home/rasp/ros2_ws/build/sllidar_ros2
